Using pre-set license
Built from '2022.3/staging' branch; Version is '2022.3.15f1 (b58023a2b463) revision 11894819'; Using compiler version '192829333'; Build Type 'Release'
OS: 'Windows 11  (10.0.26100) 64bit Education' Language: 'ko' Physical Memory: 16236 MB
BatchMode: 1, IsHumanControllingUs: 0, StartBugReporterOnCrash: 0, Is64bit: 1, IsPro: 1

COMMAND LINE ARGUMENTS:
C:\Program Files\Unity\Hub\Editor\2022.3.15f1\Editor\Unity.exe
-adb2
-batchMode
-noUpm
-name
AssetImportWorker7
-projectPath
C:/Users/leeyeonjun/Desktop/unityproject/Backup/3D_Rpg/Path-of-the-Legacy
-logFile
Logs/AssetImportWorker7.log
-srvPort
51886
Successfully changed project path to: C:/Users/leeyeonjun/Desktop/unityproject/Backup/3D_Rpg/Path-of-the-Legacy
C:/Users/leeyeonjun/Desktop/unityproject/Backup/3D_Rpg/Path-of-the-Legacy
[UnityMemory] Configuration Parameters - Can be set up in boot.config
    "memorysetup-bucket-allocator-granularity=16"
    "memorysetup-bucket-allocator-bucket-count=8"
    "memorysetup-bucket-allocator-block-size=33554432"
    "memorysetup-bucket-allocator-block-count=8"
    "memorysetup-main-allocator-block-size=16777216"
    "memorysetup-thread-allocator-block-size=16777216"
    "memorysetup-gfx-main-allocator-block-size=16777216"
    "memorysetup-gfx-thread-allocator-block-size=16777216"
    "memorysetup-cache-allocator-block-size=4194304"
    "memorysetup-typetree-allocator-block-size=2097152"
    "memorysetup-profiler-bucket-allocator-granularity=16"
    "memorysetup-profiler-bucket-allocator-bucket-count=8"
    "memorysetup-profiler-bucket-allocator-block-size=33554432"
    "memorysetup-profiler-bucket-allocator-block-count=8"
    "memorysetup-profiler-allocator-block-size=16777216"
    "memorysetup-profiler-editor-allocator-block-size=1048576"
    "memorysetup-temp-allocator-size-main=16777216"
    "memorysetup-job-temp-allocator-block-size=2097152"
    "memorysetup-job-temp-allocator-block-size-background=1048576"
    "memorysetup-job-temp-allocator-reduction-small-platforms=262144"
    "memorysetup-allocator-temp-initial-block-size-main=262144"
    "memorysetup-allocator-temp-initial-block-size-worker=262144"
    "memorysetup-temp-allocator-size-background-worker=32768"
    "memorysetup-temp-allocator-size-job-worker=262144"
    "memorysetup-temp-allocator-size-preload-manager=33554432"
    "memorysetup-temp-allocator-size-nav-mesh-worker=65536"
    "memorysetup-temp-allocator-size-audio-worker=65536"
    "memorysetup-temp-allocator-size-cloud-worker=32768"
    "memorysetup-temp-allocator-size-gi-baking-worker=262144"
    "memorysetup-temp-allocator-size-gfx=262144"
Player connection [26748] Host "[IP] 211.206.242.112 [Port] 0 [Flags] 2 [Guid] 4180979788 [EditorId] 4180979788 [Version] 1048832 [Id] WindowsEditor(7,DESKTOP-41TLBQ1) [Debug] 1 [PackageName] WindowsEditor [ProjectName] Editor" joined multi-casting on [225.0.0.222:54997]...

Player connection [26748] Host "[IP] 211.206.242.112 [Port] 0 [Flags] 2 [Guid] 4180979788 [EditorId] 4180979788 [Version] 1048832 [Id] WindowsEditor(7,DESKTOP-41TLBQ1) [Debug] 1 [PackageName] WindowsEditor [ProjectName] Editor" joined alternative multi-casting on [225.0.0.222:34997]...

[Physics::Module] Initialized MultithreadedJobDispatcher with 15 workers.
Refreshing native plugins compatible for Editor in 9.15 ms, found 3 plugins.
Preloading 0 native plugins for Editor in 0.00 ms.
Initialize engine version: 2022.3.15f1 (b58023a2b463)
[Subsystems] Discovering subsystems at path C:/Program Files/Unity/Hub/Editor/2022.3.15f1/Editor/Data/Resources/UnitySubsystems
[Subsystems] Discovering subsystems at path C:/Users/leeyeonjun/Desktop/unityproject/Backup/3D_Rpg/Path-of-the-Legacy/Assets
GfxDevice: creating device client; threaded=0; jobified=0
Direct3D:
    Version:  Direct3D 11.0 [level 11.1]
    Renderer: NVIDIA GeForce RTX 3060 Laptop GPU (ID=0x2560)
    Vendor:   NVIDIA
    VRAM:     5996 MB
    Driver:   32.0.15.6636
Initialize mono
Mono path[0] = 'C:/Program Files/Unity/Hub/Editor/2022.3.15f1/Editor/Data/Managed'
Mono path[1] = 'C:/Program Files/Unity/Hub/Editor/2022.3.15f1/Editor/Data/MonoBleedingEdge/lib/mono/unityjit-win32'
Mono config path = 'C:/Program Files/Unity/Hub/Editor/2022.3.15f1/Editor/Data/MonoBleedingEdge/etc'
Using monoOptions --debugger-agent=transport=dt_socket,embedding=1,server=y,suspend=n,address=127.0.0.1:56504
Begin MonoManager ReloadAssembly
Registering precompiled unity dll's ...
Register platform support module: C:/Program Files/Unity/Hub/Editor/2022.3.15f1/Editor/Data/PlaybackEngines/WindowsStandaloneSupport/UnityEditor.WindowsStandalone.Extensions.dll
Registered in 0.005425 seconds.
- Loaded All Assemblies, in  0.397 seconds
Native extension for WindowsStandalone target not found
Mono: successfully reloaded assembly
- Finished resetting the current domain, in  0.256 seconds
Domain Reload Profiling: 651ms
	BeginReloadAssembly (123ms)
		ExecutionOrderSort (0ms)
		DisableScriptedObjects (0ms)
		BackupInstance (0ms)
		ReleaseScriptingObjects (0ms)
		CreateAndSetChildDomain (1ms)
	RebuildCommonClasses (36ms)
	RebuildNativeTypeToScriptingClass (10ms)
	initialDomainReloadingComplete (67ms)
	LoadAllAssembliesAndSetupDomain (159ms)
		LoadAssemblies (120ms)
		RebuildTransferFunctionScriptingTraits (0ms)
		AnalyzeDomain (157ms)
			TypeCache.Refresh (155ms)
				TypeCache.ScanAssembly (142ms)
			ScanForSourceGeneratedMonoScriptInfo (0ms)
			ResolveRequiredComponents (1ms)
	FinalizeReload (257ms)
		ReleaseScriptCaches (0ms)
		RebuildScriptCaches (0ms)
		SetupLoadedEditorAssemblies (200ms)
			LogAssemblyErrors (0ms)
			InitializePlatformSupportModulesInManaged (8ms)
			SetLoadedEditorAssemblies (7ms)
			RefreshPlugins (0ms)
			BeforeProcessingInitializeOnLoad (2ms)
			ProcessInitializeOnLoadAttributes (136ms)
			ProcessInitializeOnLoadMethodAttributes (47ms)
			AfterProcessingInitializeOnLoad (0ms)
			EditorAssembliesLoaded (0ms)
		ExecutionOrderSort2 (0ms)
		AwakeInstancesAfterBackupRestoration (0ms)
========================================================================
Worker process is ready to serve import requests
Begin MonoManager ReloadAssembly
- Loaded All Assemblies, in  0.618 seconds
Refreshing native plugins compatible for Editor in 3.62 ms, found 3 plugins.
Native extension for WindowsStandalone target not found
Mono: successfully reloaded assembly
- Finished resetting the current domain, in  0.655 seconds
Domain Reload Profiling: 1271ms
	BeginReloadAssembly (170ms)
		ExecutionOrderSort (0ms)
		DisableScriptedObjects (8ms)
		BackupInstance (0ms)
		ReleaseScriptingObjects (0ms)
		CreateAndSetChildDomain (35ms)
	RebuildCommonClasses (30ms)
	RebuildNativeTypeToScriptingClass (8ms)
	initialDomainReloadingComplete (41ms)
	LoadAllAssembliesAndSetupDomain (366ms)
		LoadAssemblies (294ms)
		RebuildTransferFunctionScriptingTraits (0ms)
		AnalyzeDomain (159ms)
			TypeCache.Refresh (138ms)
				TypeCache.ScanAssembly (125ms)
			ScanForSourceGeneratedMonoScriptInfo (14ms)
			ResolveRequiredComponents (5ms)
	FinalizeReload (655ms)
		ReleaseScriptCaches (0ms)
		RebuildScriptCaches (0ms)
		SetupLoadedEditorAssemblies (515ms)
			LogAssemblyErrors (0ms)
			InitializePlatformSupportModulesInManaged (5ms)
			SetLoadedEditorAssemblies (4ms)
			RefreshPlugins (0ms)
			BeforeProcessingInitializeOnLoad (60ms)
			ProcessInitializeOnLoadAttributes (418ms)
			ProcessInitializeOnLoadMethodAttributes (22ms)
			AfterProcessingInitializeOnLoad (6ms)
			EditorAssembliesLoaded (0ms)
		ExecutionOrderSort2 (0ms)
		AwakeInstancesAfterBackupRestoration (7ms)
Launched and connected shader compiler UnityShaderCompiler.exe after 0.04 seconds
Refreshing native plugins compatible for Editor in 3.47 ms, found 3 plugins.
Preloading 0 native plugins for Editor in 0.00 ms.
Unloading 3275 Unused Serialized files (Serialized files now loaded: 0)
Unloading 36 unused Assets / (59.1 KB). Loaded Objects now: 3758.
Memory consumption went from 212.5 MB to 212.4 MB.
Total: 4.665700 ms (FindLiveObjects: 0.260600 ms CreateObjectMapping: 0.104900 ms MarkObjects: 4.099100 ms  DeleteObjects: 0.200000 ms)

AssetImportParameters requested are different than current active one (requested -> active):
  custom:container-demuxer-ogg: 62fdf1f143b41e24485cea50d1cbac27 -> 
  custom:video-decoder-ogg-theora: a1e56fd34408186e4bbccfd4996cb3dc -> 
  custom:framework-win-MediaFoundation: 216162199b28c13a410421893ffa2e32 -> 
  custom:CustomObjectIndexerAttribute: 43b350a4d6e6d1791af0b5038c4bea17 -> 
  custom:container-demuxer-webm: 4f35f7cbe854078d1ac9338744f61a02 -> 
  custom:container-muxer-webm: aa71ff27fc2769a1b78a27578f13a17b -> 
  custom:video-decoder-webm-vp8: 9c59270c3fd7afecdb556c50c9e8de78 -> 
  custom:SearchIndexIgnoredProperties: e643bd26f0fe6173181afceb89e7c659 -> 
  custom:AudioImporter_EditorPlatform: d09bf68614088b80899f8185d706f6e7 -> 
  custom:video-encoder-webm-vp8: eb34c28f22e8b96e1ab97ce403110664 -> 
  custom:audio-decoder-ogg-vorbis: bf7c407c2cedff20999df2af8eb42d56 -> 
  custom:audio-encoder-webm-vorbis: bf7c407c2cedff20999df2af8eb42d56 -> 
========================================================================
Received Import Request.
  Time since last request: 381640.342050 seconds.
  path: Assets/05.Images/UI/Mobile_UI/Joystick Pack/Sprites/Handles/Handle_Ridged_Arrows.png
  artifactKey: Guid(a6c56474666ce0647bdb766e9b4764b3) Importer(815301076,1909f56bfc062723c751e8b465ee728b)
Start importing Assets/05.Images/UI/Mobile_UI/Joystick Pack/Sprites/Handles/Handle_Ridged_Arrows.png using Guid(a6c56474666ce0647bdb766e9b4764b3) Importer(815301076,1909f56bfc062723c751e8b465ee728b)  -> (artifact id: 'de1f1832a39cacbd8a0efc0b25e68bcc') in 0.106322 seconds
Number of updated asset objects reloaded before import = 0
Number of asset objects unloaded after import = 3
========================================================================
Received Import Request.
  Time since last request: 0.061777 seconds.
  path: Assets/Resources/Items/Potions/grass_potion.png
  artifactKey: Guid(d6ca04ec2ec2bb7408bca410ef08b044) Importer(815301076,1909f56bfc062723c751e8b465ee728b)
Start importing Assets/Resources/Items/Potions/grass_potion.png using Guid(d6ca04ec2ec2bb7408bca410ef08b044) Importer(815301076,1909f56bfc062723c751e8b465ee728b)  -> (artifact id: '55f0c6ffb0b651ed014f85245a69a130') in 0.045720 seconds
Number of updated asset objects reloaded before import = 0
Number of asset objects unloaded after import = 3
========================================================================
Received Import Request.
  Time since last request: 0.035388 seconds.
  path: Assets/05.Images/UI/SimpleKeys/Jumbo/Light/Single PNGs/ENTER.png
  artifactKey: Guid(065a16cd52d49c54a8cb4b0f26d8349d) Importer(815301076,1909f56bfc062723c751e8b465ee728b)
Start importing Assets/05.Images/UI/SimpleKeys/Jumbo/Light/Single PNGs/ENTER.png using Guid(065a16cd52d49c54a8cb4b0f26d8349d) Importer(815301076,1909f56bfc062723c751e8b465ee728b)  -> (artifact id: 'eb8db870147645a026333925fd1da66d') in 0.021551 seconds
Number of updated asset objects reloaded before import = 0
Number of asset objects unloaded after import = 3
========================================================================
Received Import Request.
  Time since last request: 0.015333 seconds.
  path: Assets/05.Images/UI/SimpleKeys/Jumbo/Light/Single PNGs/F.png
  artifactKey: Guid(597ae5a226b01354095093b01ad4b6e5) Importer(815301076,1909f56bfc062723c751e8b465ee728b)
Start importing Assets/05.Images/UI/SimpleKeys/Jumbo/Light/Single PNGs/F.png using Guid(597ae5a226b01354095093b01ad4b6e5) Importer(815301076,1909f56bfc062723c751e8b465ee728b)  -> (artifact id: 'ca435d67c144053f38aff3608025fb5b') in 0.021079 seconds
Number of updated asset objects reloaded before import = 0
Number of asset objects unloaded after import = 3
========================================================================
Received Import Request.
  Time since last request: 0.000026 seconds.
  path: Assets/05.Images/UI/RPG icons/64X64/Flail.png
  artifactKey: Guid(b6baff5b675b6ec44bcc170eb2d73a77) Importer(815301076,1909f56bfc062723c751e8b465ee728b)
Start importing Assets/05.Images/UI/RPG icons/64X64/Flail.png using Guid(b6baff5b675b6ec44bcc170eb2d73a77) Importer(815301076,1909f56bfc062723c751e8b465ee728b)  -> (artifact id: '402ebabac91fb62d56c1947dd90b6b58') in 0.021695 seconds
Number of updated asset objects reloaded before import = 0
Number of asset objects unloaded after import = 3
========================================================================
Received Import Request.
  Time since last request: 0.000028 seconds.
  path: Assets/05.Images/UI/HUD/Globe_Blue.png
  artifactKey: Guid(7bfb82f643499eb4eab0225ce1241327) Importer(815301076,1909f56bfc062723c751e8b465ee728b)
Start importing Assets/05.Images/UI/HUD/Globe_Blue.png using Guid(7bfb82f643499eb4eab0225ce1241327) Importer(815301076,1909f56bfc062723c751e8b465ee728b)  -> (artifact id: 'e7fe6ec2ce4bccf11808ed56f8efb8e5') in 0.033435 seconds
Number of updated asset objects reloaded before import = 0
Number of asset objects unloaded after import = 3
========================================================================
Received Import Request.
  Time since last request: 0.809761 seconds.
  path: Assets/05.Images/UI/RPG icons/64X64/Elixir_1.png
  artifactKey: Guid(d61276d76b2ee8643911990f5318f914) Importer(815301076,1909f56bfc062723c751e8b465ee728b)
Start importing Assets/05.Images/UI/RPG icons/64X64/Elixir_1.png using Guid(d61276d76b2ee8643911990f5318f914) Importer(815301076,1909f56bfc062723c751e8b465ee728b)  -> (artifact id: '6cb9ec9658feec906e9215d15f002635') in 0.052642 seconds
Number of updated asset objects reloaded before import = 0
Number of asset objects unloaded after import = 3
========================================================================
Received Import Request.
  Time since last request: 0.023296 seconds.
  path: Assets/Resources/Items/Potions/dragon_potion.png
  artifactKey: Guid(2875674394bfe7546a81d9c284d196ac) Importer(815301076,1909f56bfc062723c751e8b465ee728b)
Start importing Assets/Resources/Items/Potions/dragon_potion.png using Guid(2875674394bfe7546a81d9c284d196ac) Importer(815301076,1909f56bfc062723c751e8b465ee728b)  -> (artifact id: '7c2558b58484d992ad160d623508c56b') in 0.055609 seconds
Number of updated asset objects reloaded before import = 0
Number of asset objects unloaded after import = 3
========================================================================
Received Import Request.
  Time since last request: 0.000019 seconds.
  path: Assets/08.Utility/Standard Assets/CrossPlatformInput/Sprites/ButtonThumbstickUpSprite.png
  artifactKey: Guid(9866a92691696b346901281f2b329034) Importer(815301076,1909f56bfc062723c751e8b465ee728b)
Start importing Assets/08.Utility/Standard Assets/CrossPlatformInput/Sprites/ButtonThumbstickUpSprite.png using Guid(9866a92691696b346901281f2b329034) Importer(815301076,1909f56bfc062723c751e8b465ee728b)  -> (artifact id: 'dc62f0221b49816328857b5a753caa9a') in 0.019065 seconds
Number of updated asset objects reloaded before import = 0
Number of asset objects unloaded after import = 3
========================================================================
Received Import Request.
  Time since last request: 0.019728 seconds.
  path: Assets/05.Images/UI/Fantasy Wooden GUI  Free/normal_ui_set A/Close Button.png
  artifactKey: Guid(11277a3f23988ec47908362d708edaa8) Importer(815301076,1909f56bfc062723c751e8b465ee728b)
Start importing Assets/05.Images/UI/Fantasy Wooden GUI  Free/normal_ui_set A/Close Button.png using Guid(11277a3f23988ec47908362d708edaa8) Importer(815301076,1909f56bfc062723c751e8b465ee728b)  -> (artifact id: 'b361cec29f26c89a5a35e50655177457') in 0.021487 seconds
Number of updated asset objects reloaded before import = 0
Number of asset objects unloaded after import = 3
========================================================================
Received Import Request.
  Time since last request: 0.011553 seconds.
  path: Assets/Resources/Items/Potions/curse_potion.png
  artifactKey: Guid(a83838cea8910824db9cf183c319852a) Importer(815301076,1909f56bfc062723c751e8b465ee728b)
Start importing Assets/Resources/Items/Potions/curse_potion.png using Guid(a83838cea8910824db9cf183c319852a) Importer(815301076,1909f56bfc062723c751e8b465ee728b)  -> (artifact id: 'a9fe2bd3905dfa5c0ce8c8bf9e26b31a') in 0.045239 seconds
Number of updated asset objects reloaded before import = 0
Number of asset objects unloaded after import = 3
========================================================================
Received Import Request.
  Time since last request: 0.596361 seconds.
  path: Assets/05.Images/UI/HUD/Border.png
  artifactKey: Guid(4b05fe92bef4ca3409267f68913c33ed) Importer(815301076,1909f56bfc062723c751e8b465ee728b)
Start importing Assets/05.Images/UI/HUD/Border.png using Guid(4b05fe92bef4ca3409267f68913c33ed) Importer(815301076,1909f56bfc062723c751e8b465ee728b)  -> (artifact id: '2346297c0401f47fa9362a1377b559ba') in 0.023599 seconds
Number of updated asset objects reloaded before import = 0
Number of asset objects unloaded after import = 3
========================================================================
Received Import Request.
  Time since last request: 0.052461 seconds.
  path: Assets/05.Images/UI/SkillIcon/Barbarian_35.png
  artifactKey: Guid(c8094d523835a9d4f924e5222fdd4892) Importer(815301076,1909f56bfc062723c751e8b465ee728b)
Start importing Assets/05.Images/UI/SkillIcon/Barbarian_35.png using Guid(c8094d523835a9d4f924e5222fdd4892) Importer(815301076,1909f56bfc062723c751e8b465ee728b)  -> (artifact id: 'ad918e5dc6a09971707babab9096bb6e') in 0.027024 seconds
Number of updated asset objects reloaded before import = 0
Number of asset objects unloaded after import = 3
========================================================================
Received Import Request.
  Time since last request: 0.092909 seconds.
  path: Assets/05.Images/UI/SkillIcon/Barbarian_21.png
  artifactKey: Guid(54dc603871948434683b9f1ebc308393) Importer(815301076,1909f56bfc062723c751e8b465ee728b)
Start importing Assets/05.Images/UI/SkillIcon/Barbarian_21.png using Guid(54dc603871948434683b9f1ebc308393) Importer(815301076,1909f56bfc062723c751e8b465ee728b)  -> (artifact id: '9bbed9d2997783b956c34860bd5fbbba') in 0.025311 seconds
Number of updated asset objects reloaded before import = 0
Number of asset objects unloaded after import = 3
========================================================================
Received Import Request.
  Time since last request: 2.457299 seconds.
  path: Assets/05.Images/UI/SkillIcon/Barbarian_16.png
  artifactKey: Guid(63de36b4852f5c248a09166bbbb1f38b) Importer(815301076,1909f56bfc062723c751e8b465ee728b)
Start importing Assets/05.Images/UI/SkillIcon/Barbarian_16.png using Guid(63de36b4852f5c248a09166bbbb1f38b) Importer(815301076,1909f56bfc062723c751e8b465ee728b)  -> (artifact id: '02d7ca6c49c5a7701258f04d5e25dcf4') in 0.024448 seconds
Number of updated asset objects reloaded before import = 0
Number of asset objects unloaded after import = 3
========================================================================
Received Import Request.
  Time since last request: 0.268874 seconds.
  path: Assets/05.Images/UI/SkillIcon/Barbarian_9.png
  artifactKey: Guid(4b7ceb5963a86b44a94f288b58e04d0d) Importer(815301076,1909f56bfc062723c751e8b465ee728b)
Start importing Assets/05.Images/UI/SkillIcon/Barbarian_9.png using Guid(4b7ceb5963a86b44a94f288b58e04d0d) Importer(815301076,1909f56bfc062723c751e8b465ee728b)  -> (artifact id: '069d98c84d68d134b1642ed84119ffd3') in 0.023745 seconds
Number of updated asset objects reloaded before import = 0
Number of asset objects unloaded after import = 3
========================================================================
Received Import Request.
  Time since last request: 0.077135 seconds.
  path: Assets/05.Images/UI/SkillIcon/Barbarian_3.png
  artifactKey: Guid(20c118bb97f6a03429e32c7f7894d0c1) Importer(815301076,1909f56bfc062723c751e8b465ee728b)
Start importing Assets/05.Images/UI/SkillIcon/Barbarian_3.png using Guid(20c118bb97f6a03429e32c7f7894d0c1) Importer(815301076,1909f56bfc062723c751e8b465ee728b)  -> (artifact id: '9d70ab62b71a321a4c2249269b3629f1') in 0.025037 seconds
Number of updated asset objects reloaded before import = 0
Number of asset objects unloaded after import = 3
========================================================================
Received Import Request.
  Time since last request: 0.109791 seconds.
  path: Assets/05.Images/UI/SimpleKeys/Jumbo/Light/Single PNGs/BACKSPACEALTERNATIVE.png
  artifactKey: Guid(bc15fd32a3ec36742901ef049f57041d) Importer(815301076,1909f56bfc062723c751e8b465ee728b)
Start importing Assets/05.Images/UI/SimpleKeys/Jumbo/Light/Single PNGs/BACKSPACEALTERNATIVE.png using Guid(bc15fd32a3ec36742901ef049f57041d) Importer(815301076,1909f56bfc062723c751e8b465ee728b)  -> (artifact id: '1c68462869c610ced63d0a6ccf529f28') in 0.026438 seconds
Number of updated asset objects reloaded before import = 0
Number of asset objects unloaded after import = 3
========================================================================
Received Import Request.
  Time since last request: 0.575470 seconds.
  path: Assets/05.Images/UI/SimpleKeys/Jumbo/Light/Single PNGs/ARROWDOWN.png
  artifactKey: Guid(56e37dbf71451274999cbb709f09e09b) Importer(815301076,1909f56bfc062723c751e8b465ee728b)
Start importing Assets/05.Images/UI/SimpleKeys/Jumbo/Light/Single PNGs/ARROWDOWN.png using Guid(56e37dbf71451274999cbb709f09e09b) Importer(815301076,1909f56bfc062723c751e8b465ee728b)  -> (artifact id: 'aeba014247c3d3ed3108fc3ce5371d3d') in 0.021261 seconds
Number of updated asset objects reloaded before import = 0
Number of asset objects unloaded after import = 3
========================================================================
Received Import Request.
  Time since last request: 0.063401 seconds.
  path: Assets/05.Images/UI/RPG icons/512X512/Armor_1.png
  artifactKey: Guid(c8c7982e56eeca14ba2abe46d65f4f1b) Importer(815301076,1909f56bfc062723c751e8b465ee728b)
Start importing Assets/05.Images/UI/RPG icons/512X512/Armor_1.png using Guid(c8c7982e56eeca14ba2abe46d65f4f1b) Importer(815301076,1909f56bfc062723c751e8b465ee728b)  -> (artifact id: 'd55cc9231be9366947d119c14be55f2d') in 0.023837 seconds
Number of updated asset objects reloaded before import = 0
Number of asset objects unloaded after import = 3
========================================================================
Received Import Request.
  Time since last request: 0.720801 seconds.
  path: Assets/05.Images/UI/SimpleKeys/Jumbo/Light/Single PNGs/A.png
  artifactKey: Guid(819beb43618bd7c4f9da7726c818c59f) Importer(815301076,1909f56bfc062723c751e8b465ee728b)
Start importing Assets/05.Images/UI/SimpleKeys/Jumbo/Light/Single PNGs/A.png using Guid(819beb43618bd7c4f9da7726c818c59f) Importer(815301076,1909f56bfc062723c751e8b465ee728b)  -> (artifact id: 'cec1846681cc8a0f11c041eb424d0d2d') in 0.023395 seconds
Number of updated asset objects reloaded before import = 0
Number of asset objects unloaded after import = 3
========================================================================
Received Import Request.
  Time since last request: 2.352611 seconds.
  path: Assets/05.Images/UI/Basic_RPG_Icons/Skills/No_bg/14_Summon_nobg.png
  artifactKey: Guid(1c74d1dcff866ee48a68842355840c90) Importer(815301076,1909f56bfc062723c751e8b465ee728b)
Start importing Assets/05.Images/UI/Basic_RPG_Icons/Skills/No_bg/14_Summon_nobg.png using Guid(1c74d1dcff866ee48a68842355840c90) Importer(815301076,1909f56bfc062723c751e8b465ee728b)  -> (artifact id: '399b45201ab94ed354273bf740966865') in 0.022102 seconds
Number of updated asset objects reloaded before import = 0
Number of asset objects unloaded after import = 3
========================================================================
Received Import Request.
  Time since last request: 0.057049 seconds.
  path: Assets/05.Images/UI/Basic_RPG_Icons/Skills/No_bg/12_Healing_spell_nobg.png
  artifactKey: Guid(806c2f4e4121bd443a535f7551d4fa7c) Importer(815301076,1909f56bfc062723c751e8b465ee728b)
Start importing Assets/05.Images/UI/Basic_RPG_Icons/Skills/No_bg/12_Healing_spell_nobg.png using Guid(806c2f4e4121bd443a535f7551d4fa7c) Importer(815301076,1909f56bfc062723c751e8b465ee728b)  -> (artifact id: '9ad23afa2e4f72c38b9475db20a9fd10') in 0.025312 seconds
Number of updated asset objects reloaded before import = 0
Number of asset objects unloaded after import = 3
========================================================================
Received Import Request.
  Time since last request: 0.043087 seconds.
  path: Assets/05.Images/UI/Basic_RPG_Icons/Items/Resources/Nobg/11_Beast_Hide_nobg.png
  artifactKey: Guid(7ed16f605ac92734dab27c43c56c526b) Importer(815301076,1909f56bfc062723c751e8b465ee728b)
Start importing Assets/05.Images/UI/Basic_RPG_Icons/Items/Resources/Nobg/11_Beast_Hide_nobg.png using Guid(7ed16f605ac92734dab27c43c56c526b) Importer(815301076,1909f56bfc062723c751e8b465ee728b)  -> (artifact id: 'ce2647ac2b388d92d8a4a6ec7a134976') in 0.023106 seconds
Number of updated asset objects reloaded before import = 0
Number of asset objects unloaded after import = 3
========================================================================
Received Import Request.
  Time since last request: 0.074081 seconds.
  path: Assets/05.Images/UI/Basic_RPG_Icons/Items/Resources/Nobg/10_Basic_Leather_nobg.png
  artifactKey: Guid(fe17bcef71ea81e4cbc4ede9743ec01f) Importer(815301076,1909f56bfc062723c751e8b465ee728b)
Start importing Assets/05.Images/UI/Basic_RPG_Icons/Items/Resources/Nobg/10_Basic_Leather_nobg.png using Guid(fe17bcef71ea81e4cbc4ede9743ec01f) Importer(815301076,1909f56bfc062723c751e8b465ee728b)  -> (artifact id: 'd4d6681055b76e30634a4055df0e8b87') in 0.025336 seconds
Number of updated asset objects reloaded before import = 0
Number of asset objects unloaded after import = 3
========================================================================
Received Import Request.
  Time since last request: 0.741412 seconds.
  path: Assets/05.Images/UI/Basic_RPG_Icons/Items/Resources/09_meat.png
  artifactKey: Guid(7153d7f40b46ab04ead59b3273f92c98) Importer(815301076,1909f56bfc062723c751e8b465ee728b)
Start importing Assets/05.Images/UI/Basic_RPG_Icons/Items/Resources/09_meat.png using Guid(7153d7f40b46ab04ead59b3273f92c98) Importer(815301076,1909f56bfc062723c751e8b465ee728b)  -> (artifact id: 'db333e108400573505ad764e0fa28d67') in 0.025714 seconds
Number of updated asset objects reloaded before import = 0
Number of asset objects unloaded after import = 3
========================================================================
Received Import Request.
  Time since last request: 0.069356 seconds.
  path: Assets/05.Images/UI/Basic_RPG_Icons/Items/Resources/08_Cloth_blue.png
  artifactKey: Guid(35dffbfc1cd5fa24493f3827ee1133a0) Importer(815301076,1909f56bfc062723c751e8b465ee728b)
Start importing Assets/05.Images/UI/Basic_RPG_Icons/Items/Resources/08_Cloth_blue.png using Guid(35dffbfc1cd5fa24493f3827ee1133a0) Importer(815301076,1909f56bfc062723c751e8b465ee728b)  -> (artifact id: 'cea4680634f733b135c8bd0846271f2f') in 0.023577 seconds
Number of updated asset objects reloaded before import = 0
Number of asset objects unloaded after import = 3
========================================================================
Received Import Request.
  Time since last request: 3.716413 seconds.
  path: Assets/05.Images/UI/Basic_RPG_Icons/Items/Armor/Epic/Nobg/06_plate_pants_E_nobg.png
  artifactKey: Guid(8b56dd3c68ad16841b664ad9a83345d8) Importer(815301076,1909f56bfc062723c751e8b465ee728b)
Start importing Assets/05.Images/UI/Basic_RPG_Icons/Items/Armor/Epic/Nobg/06_plate_pants_E_nobg.png using Guid(8b56dd3c68ad16841b664ad9a83345d8) Importer(815301076,1909f56bfc062723c751e8b465ee728b)  -> (artifact id: 'a61ffceaf068d9e8b6e9f2e13cc48edf') in 0.063224 seconds
Number of updated asset objects reloaded before import = 0
Number of asset objects unloaded after import = 3
========================================================================
Received Import Request.
  Time since last request: 0.183203 seconds.
  path: Assets/05.Images/UI/Basic_RPG_Icons/Skills/No_bg/06_Lightning_Bolt_nobg.png
  artifactKey: Guid(cc1940d6befa78a44aaa92ecf8644d76) Importer(815301076,1909f56bfc062723c751e8b465ee728b)
Start importing Assets/05.Images/UI/Basic_RPG_Icons/Skills/No_bg/06_Lightning_Bolt_nobg.png using Guid(cc1940d6befa78a44aaa92ecf8644d76) Importer(815301076,1909f56bfc062723c751e8b465ee728b)  -> (artifact id: '8cc0d59b70c6103f0cdd8c917ed4fba6') in 0.028086 seconds
Number of updated asset objects reloaded before import = 0
Number of asset objects unloaded after import = 3
========================================================================
Received Import Request.
  Time since last request: 0.078852 seconds.
  path: Assets/05.Images/UI/Basic_RPG_Icons/Items/Armor/Common/06_leather_pants.png
  artifactKey: Guid(6a3b2d5b27158024faa05cc6339e675d) Importer(815301076,1909f56bfc062723c751e8b465ee728b)
Start importing Assets/05.Images/UI/Basic_RPG_Icons/Items/Armor/Common/06_leather_pants.png using Guid(6a3b2d5b27158024faa05cc6339e675d) Importer(815301076,1909f56bfc062723c751e8b465ee728b)  -> (artifact id: 'd65718356a76276c84fdb37e70962138') in 0.023560 seconds
Number of updated asset objects reloaded before import = 0
Number of asset objects unloaded after import = 3
========================================================================
Received Import Request.
  Time since last request: 0.126723 seconds.
  path: Assets/05.Images/UI/Basic_RPG_Icons/Items/Resources/Nobg/06_blue_flower_nobg.png
  artifactKey: Guid(fe9206383b6d8cc40ab3685c158bf99d) Importer(815301076,1909f56bfc062723c751e8b465ee728b)
Start importing Assets/05.Images/UI/Basic_RPG_Icons/Items/Resources/Nobg/06_blue_flower_nobg.png using Guid(fe9206383b6d8cc40ab3685c158bf99d) Importer(815301076,1909f56bfc062723c751e8b465ee728b)  -> (artifact id: 'c1bcc8df710f0c9590f5c2de88fad30a') in 0.022125 seconds
Number of updated asset objects reloaded before import = 0
Number of asset objects unloaded after import = 3
========================================================================
Received Import Request.
  Time since last request: 1.442313 seconds.
  path: Assets/05.Images/UI/Basic_RPG_Icons/Items/Resources/05_red_flower.png
  artifactKey: Guid(4ba18157414453c40b17c669e4ddbfbf) Importer(815301076,1909f56bfc062723c751e8b465ee728b)
Start importing Assets/05.Images/UI/Basic_RPG_Icons/Items/Resources/05_red_flower.png using Guid(4ba18157414453c40b17c669e4ddbfbf) Importer(815301076,1909f56bfc062723c751e8b465ee728b)  -> (artifact id: 'e61b77c4b9b9d550bb750c78e40f3952') in 0.021766 seconds
Number of updated asset objects reloaded before import = 0
Number of asset objects unloaded after import = 3
========================================================================
Received Import Request.
  Time since last request: 0.021944 seconds.
  path: Assets/05.Images/UI/Basic_RPG_Icons/Items/Armor/Epic/Nobg/05_leather_boots_E_nobg.png
  artifactKey: Guid(dd4c354c8a170e94581c1c7bec1516f1) Importer(815301076,1909f56bfc062723c751e8b465ee728b)
Start importing Assets/05.Images/UI/Basic_RPG_Icons/Items/Armor/Epic/Nobg/05_leather_boots_E_nobg.png using Guid(dd4c354c8a170e94581c1c7bec1516f1) Importer(815301076,1909f56bfc062723c751e8b465ee728b)  -> (artifact id: '44610920bf5f7909eab0b8826f1da853') in 0.022299 seconds
Number of updated asset objects reloaded before import = 0
Number of asset objects unloaded after import = 3
========================================================================
Received Import Request.
  Time since last request: 0.000019 seconds.
  path: Assets/05.Images/UI/Basic_RPG_Icons/Items/Armor/Common/Nobg/05_leather_boots_nobg.png
  artifactKey: Guid(0e7073b873373a346a2166e6abacc604) Importer(815301076,1909f56bfc062723c751e8b465ee728b)
Start importing Assets/05.Images/UI/Basic_RPG_Icons/Items/Armor/Common/Nobg/05_leather_boots_nobg.png using Guid(0e7073b873373a346a2166e6abacc604) Importer(815301076,1909f56bfc062723c751e8b465ee728b)  -> (artifact id: '1a0db3b0b29c7f30071abbeea2bdad76') in 0.019116 seconds
Number of updated asset objects reloaded before import = 0
Number of asset objects unloaded after import = 3
========================================================================
Received Import Request.
  Time since last request: 0.509137 seconds.
  path: Assets/05.Images/UI/SimpleKeys/Jumbo/Light/Single PNGs/5.png
  artifactKey: Guid(ae1a4004a49cee544b6134672676dd96) Importer(815301076,1909f56bfc062723c751e8b465ee728b)
Start importing Assets/05.Images/UI/SimpleKeys/Jumbo/Light/Single PNGs/5.png using Guid(ae1a4004a49cee544b6134672676dd96) Importer(815301076,1909f56bfc062723c751e8b465ee728b)  -> (artifact id: '79e3594d3dc8165b04eacde8e41a0fef') in 0.019470 seconds
Number of updated asset objects reloaded before import = 0
Number of asset objects unloaded after import = 3
========================================================================
Received Import Request.
  Time since last request: 0.064296 seconds.
  path: Assets/Resources/Items/Armor/04_plate_gloves.png
  artifactKey: Guid(651c6153732668e45bc9ad8b42ccbd9d) Importer(815301076,1909f56bfc062723c751e8b465ee728b)
Start importing Assets/Resources/Items/Armor/04_plate_gloves.png using Guid(651c6153732668e45bc9ad8b42ccbd9d) Importer(815301076,1909f56bfc062723c751e8b465ee728b)  -> (artifact id: '022bb473b2ef2d3267a5941e565f0d9b') in 0.025233 seconds
Number of updated asset objects reloaded before import = 0
Number of asset objects unloaded after import = 3
========================================================================
Received Import Request.
  Time since last request: 0.075194 seconds.
  path: Assets/05.Images/UI/Basic_RPG_Icons/Items/Armor/Common/04_leather_gloves.png
  artifactKey: Guid(6e2d9e76728b86841bcb3fc15b91bdd4) Importer(815301076,1909f56bfc062723c751e8b465ee728b)
Start importing Assets/05.Images/UI/Basic_RPG_Icons/Items/Armor/Common/04_leather_gloves.png using Guid(6e2d9e76728b86841bcb3fc15b91bdd4) Importer(815301076,1909f56bfc062723c751e8b465ee728b)  -> (artifact id: 'bb49d35a9b0bcb3ae8d2b404a7f3a624') in 0.035130 seconds
Number of updated asset objects reloaded before import = 0
Number of asset objects unloaded after import = 3
========================================================================
Received Import Request.
  Time since last request: 4.044175 seconds.
  path: Assets/05.Images/UI/Basic_RPG_Icons/Items/Armor/Epic/03_plate_helm_E.png
  artifactKey: Guid(3253ad9deab97584d9f92d6a2fad17b4) Importer(815301076,1909f56bfc062723c751e8b465ee728b)
Start importing Assets/05.Images/UI/Basic_RPG_Icons/Items/Armor/Epic/03_plate_helm_E.png using Guid(3253ad9deab97584d9f92d6a2fad17b4) Importer(815301076,1909f56bfc062723c751e8b465ee728b)  -> (artifact id: '4f63c2aa89f5908048f24077e9b24f71') in 0.035085 seconds
Number of updated asset objects reloaded before import = 0
Number of asset objects unloaded after import = 3
========================================================================
Received Import Request.
  Time since last request: 0.088081 seconds.
  path: Assets/Resources/Items/Armor/03_Leather_helm.png
  artifactKey: Guid(32f01afa7bead4448b3d678aca676645) Importer(815301076,1909f56bfc062723c751e8b465ee728b)
Start importing Assets/Resources/Items/Armor/03_Leather_helm.png using Guid(32f01afa7bead4448b3d678aca676645) Importer(815301076,1909f56bfc062723c751e8b465ee728b)  -> (artifact id: '590f5a420485e2b0a0cb1c7b528924bc') in 0.037554 seconds
Number of updated asset objects reloaded before import = 0
Number of asset objects unloaded after import = 3
========================================================================
Received Import Request.
  Time since last request: 0.489586 seconds.
  path: Assets/05.Images/UI/Basic_RPG_Icons/Items/Armor/Common/03_Cloth_helm.png
  artifactKey: Guid(6b6a1ec666976824a843ab0cba0cfcaa) Importer(815301076,1909f56bfc062723c751e8b465ee728b)
Start importing Assets/05.Images/UI/Basic_RPG_Icons/Items/Armor/Common/03_Cloth_helm.png using Guid(6b6a1ec666976824a843ab0cba0cfcaa) Importer(815301076,1909f56bfc062723c751e8b465ee728b)  -> (artifact id: '5a8ddfe65a2e30213135005eefc854a3') in 0.023124 seconds
Number of updated asset objects reloaded before import = 0
Number of asset objects unloaded after import = 3
========================================================================
Received Import Request.
  Time since last request: 0.172112 seconds.
  path: Assets/05.Images/UI/Basic_RPG_Icons/Items/Armor/Epic/02_plate_shoulder_E.png
  artifactKey: Guid(31d9fd9a71fd2fa46b253808d9db9ab2) Importer(815301076,1909f56bfc062723c751e8b465ee728b)
Start importing Assets/05.Images/UI/Basic_RPG_Icons/Items/Armor/Epic/02_plate_shoulder_E.png using Guid(31d9fd9a71fd2fa46b253808d9db9ab2) Importer(815301076,1909f56bfc062723c751e8b465ee728b)  -> (artifact id: '6eb94fcb390d1ba1e317f3c49a46d3c5') in 0.021214 seconds
Number of updated asset objects reloaded before import = 0
Number of asset objects unloaded after import = 3
========================================================================
Received Import Request.
  Time since last request: 1.025851 seconds.
  path: Assets/Resources/Items/Armor/02_plate_cloak.png
  artifactKey: Guid(ba4678a339604e745a74f51c356d90a0) Importer(815301076,1909f56bfc062723c751e8b465ee728b)
Start importing Assets/Resources/Items/Armor/02_plate_cloak.png using Guid(ba4678a339604e745a74f51c356d90a0) Importer(815301076,1909f56bfc062723c751e8b465ee728b)  -> (artifact id: '95fcb87ec9ba9fef2f6060fc946225c5') in 0.041573 seconds
Number of updated asset objects reloaded before import = 0
Number of asset objects unloaded after import = 3
========================================================================
Received Import Request.
  Time since last request: 0.086319 seconds.
  path: Assets/05.Images/UI/Basic_RPG_Icons/Items/Armor/Common/02_Leather_cloak.png
  artifactKey: Guid(56ed30666258e6d48b6f1446eb306eaa) Importer(815301076,1909f56bfc062723c751e8b465ee728b)
Start importing Assets/05.Images/UI/Basic_RPG_Icons/Items/Armor/Common/02_Leather_cloak.png using Guid(56ed30666258e6d48b6f1446eb306eaa) Importer(815301076,1909f56bfc062723c751e8b465ee728b)  -> (artifact id: 'c17aaad107565b21214c5408495198a3') in 0.022891 seconds
Number of updated asset objects reloaded before import = 0
Number of asset objects unloaded after import = 3
========================================================================
Received Import Request.
  Time since last request: 0.229940 seconds.
  path: Assets/05.Images/UI/Basic_RPG_Icons/Items/Armor/Epic/Nobg/02_Cloth_cloak_E_nobg.png
  artifactKey: Guid(b7e1fe03b9dc30b48bf7f004c5c12cca) Importer(815301076,1909f56bfc062723c751e8b465ee728b)
Start importing Assets/05.Images/UI/Basic_RPG_Icons/Items/Armor/Epic/Nobg/02_Cloth_cloak_E_nobg.png using Guid(b7e1fe03b9dc30b48bf7f004c5c12cca) Importer(815301076,1909f56bfc062723c751e8b465ee728b)  -> (artifact id: '275abf53aaf1b01c78b2863f6732699c') in 0.023436 seconds
Number of updated asset objects reloaded before import = 0
Number of asset objects unloaded after import = 3
========================================================================
Received Import Request.
  Time since last request: 0.548299 seconds.
  path: Assets/05.Images/UI/SimpleKeys/Jumbo/Light/Spritesheets/2.png
  artifactKey: Guid(b7d68558398e2e74dbcf277356e541ee) Importer(815301076,1909f56bfc062723c751e8b465ee728b)
Start importing Assets/05.Images/UI/SimpleKeys/Jumbo/Light/Spritesheets/2.png using Guid(b7d68558398e2e74dbcf277356e541ee) Importer(815301076,1909f56bfc062723c751e8b465ee728b)  -> (artifact id: 'eebbd000455bbc2dd45a90cba59505b6') in 0.031663 seconds
Number of updated asset objects reloaded before import = 0
Number of asset objects unloaded after import = 5
========================================================================
Received Import Request.
  Time since last request: 0.066783 seconds.
  path: Assets/Resources/Items/Armor/01_plate_chest.png
  artifactKey: Guid(c643897c68a14604194649259f711b7e) Importer(815301076,1909f56bfc062723c751e8b465ee728b)
Start importing Assets/Resources/Items/Armor/01_plate_chest.png using Guid(c643897c68a14604194649259f711b7e) Importer(815301076,1909f56bfc062723c751e8b465ee728b)  -> (artifact id: '9fe262c31af3f55f53b111bccd82e193') in 0.044952 seconds
Number of updated asset objects reloaded before import = 0
Number of asset objects unloaded after import = 3
========================================================================
Received Import Request.
  Time since last request: 1.773558 seconds.
  path: Assets/05.Images/UI/Basic_RPG_Icons/Items/Armor/Epic/01_Leather_chest_E.png
  artifactKey: Guid(e49632776de7f0a4482a78059933c8ed) Importer(815301076,1909f56bfc062723c751e8b465ee728b)
Start importing Assets/05.Images/UI/Basic_RPG_Icons/Items/Armor/Epic/01_Leather_chest_E.png using Guid(e49632776de7f0a4482a78059933c8ed) Importer(815301076,1909f56bfc062723c751e8b465ee728b)  -> (artifact id: '9d6dc8a4deca7e922d74aa6d7c87d593') in 0.024432 seconds
Number of updated asset objects reloaded before import = 0
Number of asset objects unloaded after import = 3
========================================================================
Received Import Request.
  Time since last request: 0.067997 seconds.
  path: Assets/05.Images/UI/Basic_RPG_Icons/Items/Resources/01_Copper_Ore.png
  artifactKey: Guid(439e344a84692ef4bac917364e8d6b43) Importer(815301076,1909f56bfc062723c751e8b465ee728b)
Start importing Assets/05.Images/UI/Basic_RPG_Icons/Items/Resources/01_Copper_Ore.png using Guid(439e344a84692ef4bac917364e8d6b43) Importer(815301076,1909f56bfc062723c751e8b465ee728b)  -> (artifact id: '7d3942ef366d705734463cb6e90036c7') in 0.024188 seconds
Number of updated asset objects reloaded before import = 0
Number of asset objects unloaded after import = 3
Editor requested this worker to shutdown with reason: Scaling down because of idle timeout
TcpMessagingSession - receive error: operation aborted. errorcode: 995, details: 스레드 종료 또는 응용 프로그램 요청 때문에 I/O 작업이 취소되었습니다.
AssetImportWorker is now disconnected from the server
Process exiting
Exiting without the bug reporter. Application will terminate with return code 0