Using pre-set license
Built from '2022.3/staging' branch; Version is '2022.3.15f1 (b58023a2b463) revision 11894819'; Using compiler version '192829333'; Build Type 'Release'
OS: 'Windows 11  (10.0.26100) 64bit Education' Language: 'ko' Physical Memory: 16236 MB
BatchMode: 1, IsHumanControllingUs: 0, StartBugReporterOnCrash: 0, Is64bit: 1, IsPro: 1

COMMAND LINE ARGUMENTS:
C:\Program Files\Unity\Hub\Editor\2022.3.15f1\Editor\Unity.exe
-adb2
-batchMode
-noUpm
-name
AssetImportWorker2
-projectPath
C:/Users/leeyeonjun/Desktop/unityproject/Backup/3D_Rpg/Path-of-the-Legacy
-logFile
Logs/AssetImportWorker2.log
-srvPort
51886
Successfully changed project path to: C:/Users/leeyeonjun/Desktop/unityproject/Backup/3D_Rpg/Path-of-the-Legacy
C:/Users/leeyeonjun/Desktop/unityproject/Backup/3D_Rpg/Path-of-the-Legacy
[UnityMemory] Configuration Parameters - Can be set up in boot.config
    "memorysetup-bucket-allocator-granularity=16"
    "memorysetup-bucket-allocator-bucket-count=8"
    "memorysetup-bucket-allocator-block-size=33554432"
    "memorysetup-bucket-allocator-block-count=8"
    "memorysetup-main-allocator-block-size=16777216"
    "memorysetup-thread-allocator-block-size=16777216"
    "memorysetup-gfx-main-allocator-block-size=16777216"
    "memorysetup-gfx-thread-allocator-block-size=16777216"
    "memorysetup-cache-allocator-block-size=4194304"
    "memorysetup-typetree-allocator-block-size=2097152"
    "memorysetup-profiler-bucket-allocator-granularity=16"
    "memorysetup-profiler-bucket-allocator-bucket-count=8"
    "memorysetup-profiler-bucket-allocator-block-size=33554432"
    "memorysetup-profiler-bucket-allocator-block-count=8"
    "memorysetup-profiler-allocator-block-size=16777216"
    "memorysetup-profiler-editor-allocator-block-size=1048576"
    "memorysetup-temp-allocator-size-main=16777216"
    "memorysetup-job-temp-allocator-block-size=2097152"
    "memorysetup-job-temp-allocator-block-size-background=1048576"
    "memorysetup-job-temp-allocator-reduction-small-platforms=262144"
    "memorysetup-allocator-temp-initial-block-size-main=262144"
    "memorysetup-allocator-temp-initial-block-size-worker=262144"
    "memorysetup-temp-allocator-size-background-worker=32768"
    "memorysetup-temp-allocator-size-job-worker=262144"
    "memorysetup-temp-allocator-size-preload-manager=33554432"
    "memorysetup-temp-allocator-size-nav-mesh-worker=65536"
    "memorysetup-temp-allocator-size-audio-worker=65536"
    "memorysetup-temp-allocator-size-cloud-worker=32768"
    "memorysetup-temp-allocator-size-gi-baking-worker=262144"
    "memorysetup-temp-allocator-size-gfx=262144"
Player connection [16656] Host "[IP] 211.206.242.112 [Port] 0 [Flags] 2 [Guid] 3275484507 [EditorId] 3275484507 [Version] 1048832 [Id] WindowsEditor(7,DESKTOP-41TLBQ1) [Debug] 1 [PackageName] WindowsEditor [ProjectName] Editor" joined multi-casting on [225.0.0.222:54997]...

Player connection [16656] Host "[IP] 211.206.242.112 [Port] 0 [Flags] 2 [Guid] 3275484507 [EditorId] 3275484507 [Version] 1048832 [Id] WindowsEditor(7,DESKTOP-41TLBQ1) [Debug] 1 [PackageName] WindowsEditor [ProjectName] Editor" joined alternative multi-casting on [225.0.0.222:34997]...

[Physics::Module] Initialized MultithreadedJobDispatcher with 15 workers.
Refreshing native plugins compatible for Editor in 11.08 ms, found 3 plugins.
Preloading 0 native plugins for Editor in 0.00 ms.
Initialize engine version: 2022.3.15f1 (b58023a2b463)
[Subsystems] Discovering subsystems at path C:/Program Files/Unity/Hub/Editor/2022.3.15f1/Editor/Data/Resources/UnitySubsystems
[Subsystems] Discovering subsystems at path C:/Users/leeyeonjun/Desktop/unityproject/Backup/3D_Rpg/Path-of-the-Legacy/Assets
GfxDevice: creating device client; threaded=0; jobified=0
Direct3D:
    Version:  Direct3D 11.0 [level 11.1]
    Renderer: NVIDIA GeForce RTX 3060 Laptop GPU (ID=0x2560)
    Vendor:   NVIDIA
    VRAM:     5996 MB
    Driver:   32.0.15.6636
Initialize mono
Mono path[0] = 'C:/Program Files/Unity/Hub/Editor/2022.3.15f1/Editor/Data/Managed'
Mono path[1] = 'C:/Program Files/Unity/Hub/Editor/2022.3.15f1/Editor/Data/MonoBleedingEdge/lib/mono/unityjit-win32'
Mono config path = 'C:/Program Files/Unity/Hub/Editor/2022.3.15f1/Editor/Data/MonoBleedingEdge/etc'
Using monoOptions --debugger-agent=transport=dt_socket,embedding=1,server=y,suspend=n,address=127.0.0.1:56800
Begin MonoManager ReloadAssembly
Registering precompiled unity dll's ...
Register platform support module: C:/Program Files/Unity/Hub/Editor/2022.3.15f1/Editor/Data/PlaybackEngines/WindowsStandaloneSupport/UnityEditor.WindowsStandalone.Extensions.dll
Registered in 0.005716 seconds.
- Loaded All Assemblies, in  0.366 seconds
Native extension for WindowsStandalone target not found
Mono: successfully reloaded assembly
- Finished resetting the current domain, in  0.258 seconds
Domain Reload Profiling: 623ms
	BeginReloadAssembly (109ms)
		ExecutionOrderSort (0ms)
		DisableScriptedObjects (0ms)
		BackupInstance (0ms)
		ReleaseScriptingObjects (0ms)
		CreateAndSetChildDomain (1ms)
	RebuildCommonClasses (31ms)
	RebuildNativeTypeToScriptingClass (9ms)
	initialDomainReloadingComplete (59ms)
	LoadAllAssembliesAndSetupDomain (157ms)
		LoadAssemblies (107ms)
		RebuildTransferFunctionScriptingTraits (0ms)
		AnalyzeDomain (155ms)
			TypeCache.Refresh (153ms)
				TypeCache.ScanAssembly (139ms)
			ScanForSourceGeneratedMonoScriptInfo (0ms)
			ResolveRequiredComponents (1ms)
	FinalizeReload (258ms)
		ReleaseScriptCaches (0ms)
		RebuildScriptCaches (0ms)
		SetupLoadedEditorAssemblies (202ms)
			LogAssemblyErrors (0ms)
			InitializePlatformSupportModulesInManaged (8ms)
			SetLoadedEditorAssemblies (7ms)
			RefreshPlugins (0ms)
			BeforeProcessingInitializeOnLoad (2ms)
			ProcessInitializeOnLoadAttributes (139ms)
			ProcessInitializeOnLoadMethodAttributes (46ms)
			AfterProcessingInitializeOnLoad (0ms)
			EditorAssembliesLoaded (0ms)
		ExecutionOrderSort2 (0ms)
		AwakeInstancesAfterBackupRestoration (0ms)
========================================================================
Worker process is ready to serve import requests
Begin MonoManager ReloadAssembly
- Loaded All Assemblies, in  0.817 seconds
Refreshing native plugins compatible for Editor in 3.42 ms, found 3 plugins.
Native extension for WindowsStandalone target not found
Mono: successfully reloaded assembly
- Finished resetting the current domain, in  0.689 seconds
Domain Reload Profiling: 1507ms
	BeginReloadAssembly (213ms)
		ExecutionOrderSort (0ms)
		DisableScriptedObjects (7ms)
		BackupInstance (0ms)
		ReleaseScriptingObjects (0ms)
		CreateAndSetChildDomain (47ms)
	RebuildCommonClasses (42ms)
	RebuildNativeTypeToScriptingClass (12ms)
	initialDomainReloadingComplete (56ms)
	LoadAllAssembliesAndSetupDomain (496ms)
		LoadAssemblies (395ms)
		RebuildTransferFunctionScriptingTraits (0ms)
		AnalyzeDomain (205ms)
			TypeCache.Refresh (182ms)
				TypeCache.ScanAssembly (167ms)
			ScanForSourceGeneratedMonoScriptInfo (15ms)
			ResolveRequiredComponents (6ms)
	FinalizeReload (689ms)
		ReleaseScriptCaches (0ms)
		RebuildScriptCaches (0ms)
		SetupLoadedEditorAssemblies (533ms)
			LogAssemblyErrors (0ms)
			InitializePlatformSupportModulesInManaged (6ms)
			SetLoadedEditorAssemblies (7ms)
			RefreshPlugins (0ms)
			BeforeProcessingInitializeOnLoad (70ms)
			ProcessInitializeOnLoadAttributes (424ms)
			ProcessInitializeOnLoadMethodAttributes (21ms)
			AfterProcessingInitializeOnLoad (6ms)
			EditorAssembliesLoaded (0ms)
		ExecutionOrderSort2 (0ms)
		AwakeInstancesAfterBackupRestoration (7ms)
Launched and connected shader compiler UnityShaderCompiler.exe after 0.05 seconds
Refreshing native plugins compatible for Editor in 4.18 ms, found 3 plugins.
Preloading 0 native plugins for Editor in 0.00 ms.
Unloading 3275 Unused Serialized files (Serialized files now loaded: 0)
Unloading 36 unused Assets / (58.9 KB). Loaded Objects now: 3758.
Memory consumption went from 212.5 MB to 212.5 MB.
Total: 12.569200 ms (FindLiveObjects: 1.892700 ms CreateObjectMapping: 0.137700 ms MarkObjects: 9.535100 ms  DeleteObjects: 1.000700 ms)

AssetImportParameters requested are different than current active one (requested -> active):
  custom:container-demuxer-ogg: 62fdf1f143b41e24485cea50d1cbac27 -> 
  custom:video-decoder-ogg-theora: a1e56fd34408186e4bbccfd4996cb3dc -> 
  custom:framework-win-MediaFoundation: 216162199b28c13a410421893ffa2e32 -> 
  custom:CustomObjectIndexerAttribute: 43b350a4d6e6d1791af0b5038c4bea17 -> 
  custom:container-demuxer-webm: 4f35f7cbe854078d1ac9338744f61a02 -> 
  custom:container-muxer-webm: aa71ff27fc2769a1b78a27578f13a17b -> 
  custom:video-decoder-webm-vp8: 9c59270c3fd7afecdb556c50c9e8de78 -> 
  custom:SearchIndexIgnoredProperties: e643bd26f0fe6173181afceb89e7c659 -> 
  custom:AudioImporter_EditorPlatform: d09bf68614088b80899f8185d706f6e7 -> 
  custom:video-encoder-webm-vp8: eb34c28f22e8b96e1ab97ce403110664 -> 
  custom:audio-decoder-ogg-vorbis: bf7c407c2cedff20999df2af8eb42d56 -> 
  custom:audio-encoder-webm-vorbis: bf7c407c2cedff20999df2af8eb42d56 -> 
========================================================================
Received Import Request.
  Time since last request: 381407.331176 seconds.
  path: Assets/Resources/Items/Roots/Hammer.prefab
  artifactKey: Guid(31d292293eca8fb40af749011ec5ab2b) Importer(815301076,1909f56bfc062723c751e8b465ee728b)
Start importing Assets/Resources/Items/Roots/Hammer.prefab using Guid(31d292293eca8fb40af749011ec5ab2b) Importer(815301076,1909f56bfc062723c751e8b465ee728b)  -> (artifact id: '052281cffda5e6f2e39f670048271829') in 0.144944 seconds
Number of updated asset objects reloaded before import = 0
Number of asset objects unloaded after import = 23
========================================================================
Received Import Request.
  Time since last request: 25.437214 seconds.
  path: Assets/05.Images/UI/RPG icons
  artifactKey: Guid(5726807074ff1224a9b45879dec307e7) Importer(815301076,1909f56bfc062723c751e8b465ee728b)
Start importing Assets/05.Images/UI/RPG icons using Guid(5726807074ff1224a9b45879dec307e7) Importer(815301076,1909f56bfc062723c751e8b465ee728b)  -> (artifact id: '8d75df2a6f221601fc9f8f194766da4f') in 0.000730 seconds
Number of updated asset objects reloaded before import = 0
Number of asset objects unloaded after import = 0
========================================================================
Received Import Request.
  Time since last request: 15.354940 seconds.
  path: Assets/05.Images/UI/Basic_RPG_Icons/Items/Weapons/07_Priest_Staff.png
  artifactKey: Guid(23e3487bd159e544bbce0a44b6faadc4) Importer(815301076,1909f56bfc062723c751e8b465ee728b)
Start importing Assets/05.Images/UI/Basic_RPG_Icons/Items/Weapons/07_Priest_Staff.png using Guid(23e3487bd159e544bbce0a44b6faadc4) Importer(815301076,1909f56bfc062723c751e8b465ee728b)  -> (artifact id: '3f20d165a51b66069d71c9686c1974a1') in 0.080169 seconds
Number of updated asset objects reloaded before import = 0
Number of asset objects unloaded after import = 3
========================================================================
Received Import Request.
  Time since last request: 0.439181 seconds.
  path: Assets/05.Images/UI/Basic_RPG_Icons/Items/Weapons/06_One_Handed_Axe.png
  artifactKey: Guid(068e1fdf499021846bfcd482e4f2b08d) Importer(815301076,1909f56bfc062723c751e8b465ee728b)
Start importing Assets/05.Images/UI/Basic_RPG_Icons/Items/Weapons/06_One_Handed_Axe.png using Guid(068e1fdf499021846bfcd482e4f2b08d) Importer(815301076,1909f56bfc062723c751e8b465ee728b)  -> (artifact id: '270538b6abaeb30ddb3c1e9f4bbcc86e') in 0.028698 seconds
Number of updated asset objects reloaded before import = 0
Number of asset objects unloaded after import = 3
========================================================================
Received Import Request.
  Time since last request: 2.752760 seconds.
  path: Assets/05.Images/UI/Basic_RPG_Icons/Items/Weapons/05_Shield.png
  artifactKey: Guid(a42b3b2bb82524b4c9e97aca1cb294fe) Importer(815301076,1909f56bfc062723c751e8b465ee728b)
Start importing Assets/05.Images/UI/Basic_RPG_Icons/Items/Weapons/05_Shield.png using Guid(a42b3b2bb82524b4c9e97aca1cb294fe) Importer(815301076,1909f56bfc062723c751e8b465ee728b)  -> (artifact id: '4eb2690bd3775026cfdb189631e8379a') in 0.073891 seconds
Number of updated asset objects reloaded before import = 0
Number of asset objects unloaded after import = 3
========================================================================
Received Import Request.
  Time since last request: 0.393493 seconds.
  path: Assets/05.Images/UI/Basic_RPG_Icons/Items/Weapons/04_Mace_with_spikes.png
  artifactKey: Guid(d91ce643b75a45f47baee6493da5d705) Importer(815301076,1909f56bfc062723c751e8b465ee728b)
Start importing Assets/05.Images/UI/Basic_RPG_Icons/Items/Weapons/04_Mace_with_spikes.png using Guid(d91ce643b75a45f47baee6493da5d705) Importer(815301076,1909f56bfc062723c751e8b465ee728b)  -> (artifact id: '5436ad85d2f69a90517add8489c1113f') in 0.023384 seconds
Number of updated asset objects reloaded before import = 0
Number of asset objects unloaded after import = 3
========================================================================
Received Import Request.
  Time since last request: 9.313278 seconds.
  path: Assets/05.Images/UI/Basic_RPG_Icons/Items/Weapons/No_bg/04_Mace_with_spikes_nobg.png
  artifactKey: Guid(eb979bdcd9c0bfa41811e478c6e2db73) Importer(815301076,1909f56bfc062723c751e8b465ee728b)
Start importing Assets/05.Images/UI/Basic_RPG_Icons/Items/Weapons/No_bg/04_Mace_with_spikes_nobg.png using Guid(eb979bdcd9c0bfa41811e478c6e2db73) Importer(815301076,1909f56bfc062723c751e8b465ee728b)  -> (artifact id: 'e44897f23a2fdc0794e121901c400494') in 0.112494 seconds
Number of updated asset objects reloaded before import = 0
Number of asset objects unloaded after import = 3
========================================================================
Received Import Request.
  Time since last request: 6.986377 seconds.
  path: Assets/Resources/Items/Weapons/04_Mace_with_spikes.png
  artifactKey: Guid(12853453a9252574588289b94e5e19c3) Importer(815301076,1909f56bfc062723c751e8b465ee728b)
Start importing Assets/Resources/Items/Weapons/04_Mace_with_spikes.png using Guid(12853453a9252574588289b94e5e19c3) Importer(815301076,1909f56bfc062723c751e8b465ee728b)  -> (artifact id: 'd01b01752a088e6abc6f2468a62f9159') in 0.056553 seconds
Number of updated asset objects reloaded before import = 0
Number of asset objects unloaded after import = 3
========================================================================
Received Import Request.
  Time since last request: 7.001178 seconds.
  path: Assets/Resources/Items/Weapons/Hammer.png
  artifactKey: Guid(12853453a9252574588289b94e5e19c3) Importer(815301076,1909f56bfc062723c751e8b465ee728b)
Start importing Assets/Resources/Items/Weapons/Hammer.png using Guid(12853453a9252574588289b94e5e19c3) Importer(815301076,1909f56bfc062723c751e8b465ee728b)  -> (artifact id: '37954f6b7a53e340b37e00ff35a7285f') in 0.019430 seconds
Number of updated asset objects reloaded before import = 0
Number of asset objects unloaded after import = 3
========================================================================
Received Import Request.
  Time since last request: 15.449812 seconds.
  path: Assets/05.Images/UI/Basic_RPG_Icons/Items/Weapons/08_Mage_Staff.png
  artifactKey: Guid(ed0a32aeeb2bf0f40ad22e944d930018) Importer(815301076,1909f56bfc062723c751e8b465ee728b)
Start importing Assets/05.Images/UI/Basic_RPG_Icons/Items/Weapons/08_Mage_Staff.png using Guid(ed0a32aeeb2bf0f40ad22e944d930018) Importer(815301076,1909f56bfc062723c751e8b465ee728b)  -> (artifact id: 'f92c9ee111ea72397d88ebcf580904c6') in 0.077755 seconds
Number of updated asset objects reloaded before import = 0
Number of asset objects unloaded after import = 3
========================================================================
Received Import Request.
  Time since last request: 8.582210 seconds.
  path: Assets/07.Model/Building/Stylized Fantasy Armory/FBX/Grass.001.fbx
  artifactKey: Guid(4a4af7af25def604ba4df44f898e567e) Importer(815301076,1909f56bfc062723c751e8b465ee728b)
Start importing Assets/07.Model/Building/Stylized Fantasy Armory/FBX/Grass.001.fbx using Guid(4a4af7af25def604ba4df44f898e567e) Importer(815301076,1909f56bfc062723c751e8b465ee728b)  -> (artifact id: '159471af261d2ce4f151db2a0e84a627') in 0.111305 seconds
Number of updated asset objects reloaded before import = 0
Number of asset objects unloaded after import = 8
========================================================================
Received Import Request.
  Time since last request: 0.000029 seconds.
  path: Assets/07.Model/Building/Stylized Fantasy Armory/FBX/Grass.003.fbx
  artifactKey: Guid(dc8a10dbdb328d94aba7463c786c9488) Importer(815301076,1909f56bfc062723c751e8b465ee728b)
Start importing Assets/07.Model/Building/Stylized Fantasy Armory/FBX/Grass.003.fbx using Guid(dc8a10dbdb328d94aba7463c786c9488) Importer(815301076,1909f56bfc062723c751e8b465ee728b)  -> (artifact id: '50dc03637c446be6da71b48ef3baa20c') in 0.023425 seconds
Number of updated asset objects reloaded before import = 0
Number of asset objects unloaded after import = 8
========================================================================
Received Import Request.
  Time since last request: 0.000029 seconds.
  path: Assets/06.Level/Fantasy Forest Environment/Meshes/Source/grass01.FBX
  artifactKey: Guid(4de33cfabd2a0a64caa7f20596f00adf) Importer(815301076,1909f56bfc062723c751e8b465ee728b)
Start importing Assets/06.Level/Fantasy Forest Environment/Meshes/Source/grass01.FBX using Guid(4de33cfabd2a0a64caa7f20596f00adf) Importer(815301076,1909f56bfc062723c751e8b465ee728b)  -> (artifact id: 'ab686ce37aadef44e21967b6e8f654ce') in 0.125312 seconds
Number of updated asset objects reloaded before import = 0
Number of asset objects unloaded after import = 9
========================================================================
Received Import Request.
  Time since last request: 21.934652 seconds.
  path: Assets/05.Images/UI/Basic_RPG_Icons/Items/Weapons/09_Longsword.png
  artifactKey: Guid(d31aa8412a4d374458c912d11686642a) Importer(815301076,1909f56bfc062723c751e8b465ee728b)
Start importing Assets/05.Images/UI/Basic_RPG_Icons/Items/Weapons/09_Longsword.png using Guid(d31aa8412a4d374458c912d11686642a) Importer(815301076,1909f56bfc062723c751e8b465ee728b)  -> (artifact id: 'e45fa3c8c2c1e57989202ad910edc685') in 0.092166 seconds
Number of updated asset objects reloaded before import = 0
Number of asset objects unloaded after import = 3
========================================================================
Received Import Request.
  Time since last request: 2.168483 seconds.
  path: Assets/05.Images/UI/Basic_RPG_Icons/Items/Weapons/No_bg
  artifactKey: Guid(e42f8f5f7711f4f469e0e669e4f3d47c) Importer(815301076,1909f56bfc062723c751e8b465ee728b)
Start importing Assets/05.Images/UI/Basic_RPG_Icons/Items/Weapons/No_bg using Guid(e42f8f5f7711f4f469e0e669e4f3d47c) Importer(815301076,1909f56bfc062723c751e8b465ee728b)  -> (artifact id: '88a64896023822c34d264cc6d85683f9') in 0.001028 seconds
Number of updated asset objects reloaded before import = 0
Number of asset objects unloaded after import = 0
========================================================================
Received Import Request.
  Time since last request: 5.589871 seconds.
  path: Assets/05.Images/UI/Basic_RPG_Icons/Items/Armor
  artifactKey: Guid(579605d5e5dcc7a41959f6c6af1ce365) Importer(815301076,1909f56bfc062723c751e8b465ee728b)
Start importing Assets/05.Images/UI/Basic_RPG_Icons/Items/Armor using Guid(579605d5e5dcc7a41959f6c6af1ce365) Importer(815301076,1909f56bfc062723c751e8b465ee728b)  -> (artifact id: 'f5f04fb05afe3dca6a7d81b6026f3574') in 0.000552 seconds
Number of updated asset objects reloaded before import = 0
Number of asset objects unloaded after import = 0
========================================================================
Received Import Request.
  Time since last request: 2.301359 seconds.
  path: Assets/05.Images/UI/Basic_RPG_Icons/Char/01_mining.png
  artifactKey: Guid(9a32185a4d4b2d1459c58a811ed95887) Importer(815301076,1909f56bfc062723c751e8b465ee728b)
Start importing Assets/05.Images/UI/Basic_RPG_Icons/Char/01_mining.png using Guid(9a32185a4d4b2d1459c58a811ed95887) Importer(815301076,1909f56bfc062723c751e8b465ee728b)  -> (artifact id: 'a0a7d2dc4b15dc96b41984a43ab0ec76') in 0.021177 seconds
Number of updated asset objects reloaded before import = 0
Number of asset objects unloaded after import = 3
========================================================================
Received Import Request.
  Time since last request: 1.612194 seconds.
  path: Assets/05.Images/UI/Basic_RPG_Icons/Char/Man_1_nobg.png
  artifactKey: Guid(7edebf285eb4aa2428eab3d6527e5941) Importer(815301076,1909f56bfc062723c751e8b465ee728b)
Start importing Assets/05.Images/UI/Basic_RPG_Icons/Char/Man_1_nobg.png using Guid(7edebf285eb4aa2428eab3d6527e5941) Importer(815301076,1909f56bfc062723c751e8b465ee728b)  -> (artifact id: '010c6ff5845bf8400e9989d70b60a87a') in 0.022510 seconds
Number of updated asset objects reloaded before import = 0
Number of asset objects unloaded after import = 3
========================================================================
Received Import Request.
  Time since last request: 5.657047 seconds.
  path: Assets/05.Images/UI/Basic_RPG_Icons/Char/Warrior_2.png
  artifactKey: Guid(4b5c3887b0bad8548a4414947f05a7ba) Importer(815301076,1909f56bfc062723c751e8b465ee728b)
Start importing Assets/05.Images/UI/Basic_RPG_Icons/Char/Warrior_2.png using Guid(4b5c3887b0bad8548a4414947f05a7ba) Importer(815301076,1909f56bfc062723c751e8b465ee728b)  -> (artifact id: 'babc182ccebb6d31c608ca8083200d61') in 0.111230 seconds
Number of updated asset objects reloaded before import = 0
Number of asset objects unloaded after import = 3
========================================================================
Received Import Request.
  Time since last request: 4.206986 seconds.
  path: Assets/05.Images/UI/Basic_RPG_Icons/Char/Man_1.png
  artifactKey: Guid(ba7b3ed94bec5c64ab4ee22be5e0f9fa) Importer(815301076,1909f56bfc062723c751e8b465ee728b)
Start importing Assets/05.Images/UI/Basic_RPG_Icons/Char/Man_1.png using Guid(ba7b3ed94bec5c64ab4ee22be5e0f9fa) Importer(815301076,1909f56bfc062723c751e8b465ee728b)  -> (artifact id: '83168257fa2235fa829c7069b4242e47') in 0.060503 seconds
Number of updated asset objects reloaded before import = 0
Number of asset objects unloaded after import = 3
========================================================================
Received Import Request.
  Time since last request: 2.039075 seconds.
  path: Assets/05.Images/UI/Basic_RPG_Icons/Char/05_Cooking.png
  artifactKey: Guid(ef9ba620c9e9604438f10369334feead) Importer(815301076,1909f56bfc062723c751e8b465ee728b)
Start importing Assets/05.Images/UI/Basic_RPG_Icons/Char/05_Cooking.png using Guid(ef9ba620c9e9604438f10369334feead) Importer(815301076,1909f56bfc062723c751e8b465ee728b)  -> (artifact id: '39f2ac80dd07673f38fc612f731b5964') in 0.113117 seconds
Number of updated asset objects reloaded before import = 0
Number of asset objects unloaded after import = 3
========================================================================
Received Import Request.
  Time since last request: 2.577433 seconds.
  path: Assets/05.Images/UI/Basic_RPG_Icons/Char/Mage_3.png
  artifactKey: Guid(fb9bcc3943d1ca94497fd61e5e8c2fde) Importer(815301076,1909f56bfc062723c751e8b465ee728b)
Start importing Assets/05.Images/UI/Basic_RPG_Icons/Char/Mage_3.png using Guid(fb9bcc3943d1ca94497fd61e5e8c2fde) Importer(815301076,1909f56bfc062723c751e8b465ee728b)  -> (artifact id: '555aca458b7d930b377d41ba7e5fd22a') in 0.024234 seconds
Number of updated asset objects reloaded before import = 0
Number of asset objects unloaded after import = 3
========================================================================
Received Import Request.
  Time since last request: 10.271881 seconds.
  path: Assets/05.Images/UI/SimpleKeys/Jumbo/Light/Single PNGs/OPENCURLY.png
  artifactKey: Guid(09125d1a28b9e3347aded8a0fb359c96) Importer(815301076,1909f56bfc062723c751e8b465ee728b)
Start importing Assets/05.Images/UI/SimpleKeys/Jumbo/Light/Single PNGs/OPENCURLY.png using Guid(09125d1a28b9e3347aded8a0fb359c96) Importer(815301076,1909f56bfc062723c751e8b465ee728b)  -> (artifact id: 'ac06849fada9179c03b103e630ad5259') in 0.021251 seconds
Number of updated asset objects reloaded before import = 0
Number of asset objects unloaded after import = 3
========================================================================
Received Import Request.
  Time since last request: 0.000020 seconds.
  path: Assets/05.Images/UI/SimpleKeys/Jumbo/Light/Spritesheets/PIPE.png
  artifactKey: Guid(e52419503eb46724fb3197540acd52b3) Importer(815301076,1909f56bfc062723c751e8b465ee728b)
Start importing Assets/05.Images/UI/SimpleKeys/Jumbo/Light/Spritesheets/PIPE.png using Guid(e52419503eb46724fb3197540acd52b3) Importer(815301076,1909f56bfc062723c751e8b465ee728b)  -> (artifact id: 'ef3969ce30202b8e4a05ab49c840b47a') in 0.028588 seconds
Number of updated asset objects reloaded before import = 0
Number of asset objects unloaded after import = 5
========================================================================
Received Import Request.
  Time since last request: 0.005922 seconds.
  path: Assets/05.Images/UI/SimpleKeys/Jumbo/Light/Spritesheets/PLUS.png
  artifactKey: Guid(15d2bf2dcb3c6e94d8f2bfba860e7379) Importer(815301076,1909f56bfc062723c751e8b465ee728b)
Start importing Assets/05.Images/UI/SimpleKeys/Jumbo/Light/Spritesheets/PLUS.png using Guid(15d2bf2dcb3c6e94d8f2bfba860e7379) Importer(815301076,1909f56bfc062723c751e8b465ee728b)  -> (artifact id: 'b4446f6b5d4e64c14fa196c82078ab6c') in 0.026759 seconds
Number of updated asset objects reloaded before import = 0
Number of asset objects unloaded after import = 5
========================================================================
Received Import Request.
  Time since last request: 0.000025 seconds.
  path: Assets/05.Images/UI/SimpleKeys/Jumbo/Light/Single PNGs/QUESTIONMARK.png
  artifactKey: Guid(5daa4fe4cefa2e046ad47c75dbbcb8c9) Importer(815301076,1909f56bfc062723c751e8b465ee728b)
Start importing Assets/05.Images/UI/SimpleKeys/Jumbo/Light/Single PNGs/QUESTIONMARK.png using Guid(5daa4fe4cefa2e046ad47c75dbbcb8c9) Importer(815301076,1909f56bfc062723c751e8b465ee728b)  -> (artifact id: '964c158a7605b98c8aa10bacf5660be1') in 0.026894 seconds
Number of updated asset objects reloaded before import = 0
Number of asset objects unloaded after import = 3
========================================================================
Received Import Request.
  Time since last request: 0.000021 seconds.
  path: Assets/05.Images/UI/SimpleKeys/Jumbo/Light/Single PNGs/R.png
  artifactKey: Guid(c9fde2a6c6df74e48ab42c251ca63dd5) Importer(815301076,1909f56bfc062723c751e8b465ee728b)
Start importing Assets/05.Images/UI/SimpleKeys/Jumbo/Light/Single PNGs/R.png using Guid(c9fde2a6c6df74e48ab42c251ca63dd5) Importer(815301076,1909f56bfc062723c751e8b465ee728b)  -> (artifact id: '3d9b81422e426f0c5f2a629679f9453c') in 0.019835 seconds
Number of updated asset objects reloaded before import = 0
Number of asset objects unloaded after import = 3
========================================================================
Received Import Request.
  Time since last request: 0.000027 seconds.
  path: Assets/05.Images/UI/RPG icons/64X64/Ring_1.png
  artifactKey: Guid(4821b31fb58123f43b29ae1277ebdb3f) Importer(815301076,1909f56bfc062723c751e8b465ee728b)
Start importing Assets/05.Images/UI/RPG icons/64X64/Ring_1.png using Guid(4821b31fb58123f43b29ae1277ebdb3f) Importer(815301076,1909f56bfc062723c751e8b465ee728b)  -> (artifact id: '2ee6c3a09b6fe448fe3e919e0a231e42') in 0.019712 seconds
Number of updated asset objects reloaded before import = 0
Number of asset objects unloaded after import = 3
========================================================================
Received Import Request.
  Time since last request: 0.000020 seconds.
  path: Assets/05.Images/UI/RPG icons/64X64/Ring_2.png
  artifactKey: Guid(21582675ecb6f0948ba5807b0dd12238) Importer(815301076,1909f56bfc062723c751e8b465ee728b)
Start importing Assets/05.Images/UI/RPG icons/64X64/Ring_2.png using Guid(21582675ecb6f0948ba5807b0dd12238) Importer(815301076,1909f56bfc062723c751e8b465ee728b)  -> (artifact id: '20fddbf206e3f26aecb5f5d7b697f58f') in 0.018353 seconds
Number of updated asset objects reloaded before import = 0
Number of asset objects unloaded after import = 3
========================================================================
Received Import Request.
  Time since last request: 0.000081 seconds.
  path: Assets/05.Images/UI/RPG icons/512X512/Shield.png
  artifactKey: Guid(83cdc679a1f485d4ab4c49980762683e) Importer(815301076,1909f56bfc062723c751e8b465ee728b)
Start importing Assets/05.Images/UI/RPG icons/512X512/Shield.png using Guid(83cdc679a1f485d4ab4c49980762683e) Importer(815301076,1909f56bfc062723c751e8b465ee728b)  -> (artifact id: '04ff74d51d65dcafb0be1c77e0506836') in 0.024756 seconds
Number of updated asset objects reloaded before import = 0
Number of asset objects unloaded after import = 3
========================================================================
Received Import Request.
  Time since last request: 0.000021 seconds.
  path: Assets/05.Images/UI/SimpleKeys/Jumbo/Light/Single PNGs/SHIFT.png
  artifactKey: Guid(6d06be72e767d4e41a586a6a014e37b2) Importer(815301076,1909f56bfc062723c751e8b465ee728b)
Start importing Assets/05.Images/UI/SimpleKeys/Jumbo/Light/Single PNGs/SHIFT.png using Guid(6d06be72e767d4e41a586a6a014e37b2) Importer(815301076,1909f56bfc062723c751e8b465ee728b)  -> (artifact id: '3f49ad72e54e9f463d32b69a9d5e81b1') in 0.020346 seconds
Number of updated asset objects reloaded before import = 0
Number of asset objects unloaded after import = 3
========================================================================
Received Import Request.
  Time since last request: 0.000021 seconds.
  path: Assets/05.Images/UI/SimpleKeys/Jumbo/Light/Single PNGs/S.png
  artifactKey: Guid(cdb4c3cf49b527c419ea81bd60a1b906) Importer(815301076,1909f56bfc062723c751e8b465ee728b)
Start importing Assets/05.Images/UI/SimpleKeys/Jumbo/Light/Single PNGs/S.png using Guid(cdb4c3cf49b527c419ea81bd60a1b906) Importer(815301076,1909f56bfc062723c751e8b465ee728b)  -> (artifact id: '2358b7dab1a27424fb90ee13b1c0e67c') in 0.023824 seconds
Number of updated asset objects reloaded before import = 0
Number of asset objects unloaded after import = 3
========================================================================
Received Import Request.
  Time since last request: 0.000058 seconds.
  path: Assets/05.Images/UI/SimpleKeys/Jumbo/Light/Single PNGs/SHIFTALTERNATIVE.png
  artifactKey: Guid(caa4b5afd03857f469280f6eff362ec3) Importer(815301076,1909f56bfc062723c751e8b465ee728b)
Start importing Assets/05.Images/UI/SimpleKeys/Jumbo/Light/Single PNGs/SHIFTALTERNATIVE.png using Guid(caa4b5afd03857f469280f6eff362ec3) Importer(815301076,1909f56bfc062723c751e8b465ee728b)  -> (artifact id: '41c0a401e8a6dd3edf70020e9ef3f99d') in 0.092485 seconds
Number of updated asset objects reloaded before import = 0
Number of asset objects unloaded after import = 3
========================================================================
Received Import Request.
  Time since last request: 0.000022 seconds.
  path: Assets/05.Images/UI/SimpleKeys/Jumbo/Light/Single PNGs/Q.png
  artifactKey: Guid(c8ae5fca17ba86c488e51e32b5d89c99) Importer(815301076,1909f56bfc062723c751e8b465ee728b)
Start importing Assets/05.Images/UI/SimpleKeys/Jumbo/Light/Single PNGs/Q.png using Guid(c8ae5fca17ba86c488e51e32b5d89c99) Importer(815301076,1909f56bfc062723c751e8b465ee728b)  -> (artifact id: '7c753dd734d2ddcbd9dd7c2aea43c4dd') in 0.023204 seconds
Number of updated asset objects reloaded before import = 0
Number of asset objects unloaded after import = 3
========================================================================
Received Import Request.
  Time since last request: 0.000041 seconds.
  path: Assets/05.Images/UI/Basic_RPG_Icons/Char/Priest_4.png
  artifactKey: Guid(c16d3e5511c9e1341b0bd70dcb31fb81) Importer(815301076,1909f56bfc062723c751e8b465ee728b)
Start importing Assets/05.Images/UI/Basic_RPG_Icons/Char/Priest_4.png using Guid(c16d3e5511c9e1341b0bd70dcb31fb81) Importer(815301076,1909f56bfc062723c751e8b465ee728b)  -> (artifact id: '9064c866dde56aaba122b3cb144f6e6b') in 0.026944 seconds
Number of updated asset objects reloaded before import = 0
Number of asset objects unloaded after import = 3
========================================================================
Received Import Request.
  Time since last request: 0.000031 seconds.
  path: Assets/05.Images/UI/Potion/poison_potion.png
  artifactKey: Guid(d98c6c28d3a054c4f8d7ac0d99d97071) Importer(815301076,1909f56bfc062723c751e8b465ee728b)
Start importing Assets/05.Images/UI/Potion/poison_potion.png using Guid(d98c6c28d3a054c4f8d7ac0d99d97071) Importer(815301076,1909f56bfc062723c751e8b465ee728b)  -> (artifact id: '7bd08eba45e0e69fc4b53e8c376cb752') in 0.028973 seconds
Number of updated asset objects reloaded before import = 0
Number of asset objects unloaded after import = 3
========================================================================
Received Import Request.
  Time since last request: 0.000017 seconds.
  path: Assets/Resources/Items/Potions/poison_potion.png
  artifactKey: Guid(7825031051da01a4f9dcfac779d7a7e3) Importer(815301076,1909f56bfc062723c751e8b465ee728b)
Start importing Assets/Resources/Items/Potions/poison_potion.png using Guid(7825031051da01a4f9dcfac779d7a7e3) Importer(815301076,1909f56bfc062723c751e8b465ee728b)  -> (artifact id: '3ed972053e248b2fa9710379a7627b42') in 0.027257 seconds
Number of updated asset objects reloaded before import = 0
Number of asset objects unloaded after import = 3
========================================================================
Received Import Request.
  Time since last request: 3.143105 seconds.
  path: Assets/05.Images/UI/Potion/mp_potion.png
  artifactKey: Guid(2961971b9674f4a43bdf6a53a8337edc) Importer(815301076,1909f56bfc062723c751e8b465ee728b)
Start importing Assets/05.Images/UI/Potion/mp_potion.png using Guid(2961971b9674f4a43bdf6a53a8337edc) Importer(815301076,1909f56bfc062723c751e8b465ee728b)  -> (artifact id: 'b51691d95b4d9f5e6db6c37d5b54f0fa') in 0.051913 seconds
Number of updated asset objects reloaded before import = 0
Number of asset objects unloaded after import = 3
========================================================================
Received Import Request.
  Time since last request: 0.000049 seconds.
  path: Assets/05.Images/UI/SimpleKeys/Jumbo/Light/Single PNGs/O.png
  artifactKey: Guid(1a0bbba5e1375ce4da437c5b74a7bcea) Importer(815301076,1909f56bfc062723c751e8b465ee728b)
Start importing Assets/05.Images/UI/SimpleKeys/Jumbo/Light/Single PNGs/O.png using Guid(1a0bbba5e1375ce4da437c5b74a7bcea) Importer(815301076,1909f56bfc062723c751e8b465ee728b)  -> (artifact id: '2afe37a47934a161665a22abcec64c41') in 0.022289 seconds
Number of updated asset objects reloaded before import = 0
Number of asset objects unloaded after import = 3
========================================================================
Received Import Request.
  Time since last request: 0.000044 seconds.
  path: Assets/05.Images/UI/SimpleKeys/Jumbo/Light/Single PNGs/K.png
  artifactKey: Guid(d1e4395a04584ca49979cc2dc9fc5c89) Importer(815301076,1909f56bfc062723c751e8b465ee728b)
Start importing Assets/05.Images/UI/SimpleKeys/Jumbo/Light/Single PNGs/K.png using Guid(d1e4395a04584ca49979cc2dc9fc5c89) Importer(815301076,1909f56bfc062723c751e8b465ee728b)  -> (artifact id: 'f1e788d40c887f5fd51f49101ca6b33f') in 0.023638 seconds
Number of updated asset objects reloaded before import = 0
Number of asset objects unloaded after import = 3
========================================================================
Received Import Request.
  Time since last request: 0.000022 seconds.
  path: Assets/05.Images/UI/SimpleKeys/Jumbo/Light/Single PNGs/M.png
  artifactKey: Guid(5e4123697554fd04e8d080ca4ff7abe3) Importer(815301076,1909f56bfc062723c751e8b465ee728b)
Start importing Assets/05.Images/UI/SimpleKeys/Jumbo/Light/Single PNGs/M.png using Guid(5e4123697554fd04e8d080ca4ff7abe3) Importer(815301076,1909f56bfc062723c751e8b465ee728b)  -> (artifact id: '2c8d8debaffd49450bc992e8715549e2') in 0.032716 seconds
Number of updated asset objects reloaded before import = 0
Number of asset objects unloaded after import = 3
========================================================================
Received Import Request.
  Time since last request: 0.000023 seconds.
  path: Assets/05.Images/UI/Potion/ice_potion.png
  artifactKey: Guid(56d1677efc13f084abc0cf85faea0f23) Importer(815301076,1909f56bfc062723c751e8b465ee728b)
Start importing Assets/05.Images/UI/Potion/ice_potion.png using Guid(56d1677efc13f084abc0cf85faea0f23) Importer(815301076,1909f56bfc062723c751e8b465ee728b)  -> (artifact id: '7487edbbbe507c594a5600e40423db33') in 0.022583 seconds
Number of updated asset objects reloaded before import = 0
Number of asset objects unloaded after import = 3
========================================================================
Received Import Request.
  Time since last request: 0.000042 seconds.
  path: Assets/05.Images/UI/Fantasy Wooden GUI  Free/normal_ui_set A/IRONY TITLE  empty.png
  artifactKey: Guid(4d6a99baee23b654f9e4bb672ae0b438) Importer(815301076,1909f56bfc062723c751e8b465ee728b)
Start importing Assets/05.Images/UI/Fantasy Wooden GUI  Free/normal_ui_set A/IRONY TITLE  empty.png using Guid(4d6a99baee23b654f9e4bb672ae0b438) Importer(815301076,1909f56bfc062723c751e8b465ee728b)  -> (artifact id: 'a6be9b6cabc8d0462d8c14ed9b15464e') in 0.028930 seconds
Number of updated asset objects reloaded before import = 0
Number of asset objects unloaded after import = 3
========================================================================
Received Import Request.
  Time since last request: 0.000032 seconds.
  path: Assets/05.Images/UI/SimpleKeys/Jumbo/Light/Single PNGs/J.png
  artifactKey: Guid(cf296c09aa2e81247a42f73e689c5606) Importer(815301076,1909f56bfc062723c751e8b465ee728b)
Start importing Assets/05.Images/UI/SimpleKeys/Jumbo/Light/Single PNGs/J.png using Guid(cf296c09aa2e81247a42f73e689c5606) Importer(815301076,1909f56bfc062723c751e8b465ee728b)  -> (artifact id: '089fd4e4e58ac2764aeca8451b0a7e6c') in 0.032120 seconds
Number of updated asset objects reloaded before import = 0
Number of asset objects unloaded after import = 3
========================================================================
Received Import Request.
  Time since last request: 0.014554 seconds.
  path: Assets/05.Images/UI/Mobile_UI/Joystick Pack/Sprites/Horizontal Backgrounds/Horizontal_Ridged_Arrows.png
  artifactKey: Guid(b8467ea5fbaf9ba42908de6411bd443d) Importer(815301076,1909f56bfc062723c751e8b465ee728b)
Start importing Assets/05.Images/UI/Mobile_UI/Joystick Pack/Sprites/Horizontal Backgrounds/Horizontal_Ridged_Arrows.png using Guid(b8467ea5fbaf9ba42908de6411bd443d) Importer(815301076,1909f56bfc062723c751e8b465ee728b)  -> (artifact id: '9d9cd119dfb9275266b7d03ad304e3ea') in 0.022808 seconds
Number of updated asset objects reloaded before import = 0
Number of asset objects unloaded after import = 3
========================================================================
Received Import Request.
  Time since last request: 0.000027 seconds.
  path: Assets/05.Images/UI/SimpleKeys/Jumbo/Light/Single PNGs/I.png
  artifactKey: Guid(939f9921abff43044ba259a8465bef89) Importer(815301076,1909f56bfc062723c751e8b465ee728b)
Start importing Assets/05.Images/UI/SimpleKeys/Jumbo/Light/Single PNGs/I.png using Guid(939f9921abff43044ba259a8465bef89) Importer(815301076,1909f56bfc062723c751e8b465ee728b)  -> (artifact id: 'a8993767ad5991959c2f8e6cd7d7260c') in 0.047588 seconds
Number of updated asset objects reloaded before import = 0
Number of asset objects unloaded after import = 3
Editor requested this worker to shutdown with reason: Scaling down because of idle timeout
TcpMessagingSession - receive error: operation aborted. errorcode: 995, details: 스레드 종료 또는 응용 프로그램 요청 때문에 I/O 작업이 취소되었습니다.
AssetImportWorker is now disconnected from the server
Process exiting
Exiting without the bug reporter. Application will terminate with return code 0