Using pre-set license
Built from '2022.3/staging' branch; Version is '2022.3.15f1 (b58023a2b463) revision 11894819'; Using compiler version '192829333'; Build Type 'Release'
OS: 'Windows 11  (10.0.26100) 64bit Education' Language: 'ko' Physical Memory: 16236 MB
BatchMode: 1, IsHumanControllingUs: 0, StartBugReporterOnCrash: 0, Is64bit: 1, IsPro: 1

COMMAND LINE ARGUMENTS:
C:\Program Files\Unity\Hub\Editor\2022.3.15f1\Editor\Unity.exe
-adb2
-batchMode
-noUpm
-name
AssetImportWorker6
-projectPath
C:/Users/leeyeonjun/Desktop/unityproject/Backup/3D_Rpg/Path-of-the-Legacy
-logFile
Logs/AssetImportWorker6.log
-srvPort
51886
Successfully changed project path to: C:/Users/leeyeonjun/Desktop/unityproject/Backup/3D_Rpg/Path-of-the-Legacy
C:/Users/leeyeonjun/Desktop/unityproject/Backup/3D_Rpg/Path-of-the-Legacy
[UnityMemory] Configuration Parameters - Can be set up in boot.config
    "memorysetup-bucket-allocator-granularity=16"
    "memorysetup-bucket-allocator-bucket-count=8"
    "memorysetup-bucket-allocator-block-size=33554432"
    "memorysetup-bucket-allocator-block-count=8"
    "memorysetup-main-allocator-block-size=16777216"
    "memorysetup-thread-allocator-block-size=16777216"
    "memorysetup-gfx-main-allocator-block-size=16777216"
    "memorysetup-gfx-thread-allocator-block-size=16777216"
    "memorysetup-cache-allocator-block-size=4194304"
    "memorysetup-typetree-allocator-block-size=2097152"
    "memorysetup-profiler-bucket-allocator-granularity=16"
    "memorysetup-profiler-bucket-allocator-bucket-count=8"
    "memorysetup-profiler-bucket-allocator-block-size=33554432"
    "memorysetup-profiler-bucket-allocator-block-count=8"
    "memorysetup-profiler-allocator-block-size=16777216"
    "memorysetup-profiler-editor-allocator-block-size=1048576"
    "memorysetup-temp-allocator-size-main=16777216"
    "memorysetup-job-temp-allocator-block-size=2097152"
    "memorysetup-job-temp-allocator-block-size-background=1048576"
    "memorysetup-job-temp-allocator-reduction-small-platforms=262144"
    "memorysetup-allocator-temp-initial-block-size-main=262144"
    "memorysetup-allocator-temp-initial-block-size-worker=262144"
    "memorysetup-temp-allocator-size-background-worker=32768"
    "memorysetup-temp-allocator-size-job-worker=262144"
    "memorysetup-temp-allocator-size-preload-manager=33554432"
    "memorysetup-temp-allocator-size-nav-mesh-worker=65536"
    "memorysetup-temp-allocator-size-audio-worker=65536"
    "memorysetup-temp-allocator-size-cloud-worker=32768"
    "memorysetup-temp-allocator-size-gi-baking-worker=262144"
    "memorysetup-temp-allocator-size-gfx=262144"
Player connection [30900] Host "[IP] 211.206.242.112 [Port] 0 [Flags] 2 [Guid] 1410771681 [EditorId] 1410771681 [Version] 1048832 [Id] WindowsEditor(7,DESKTOP-41TLBQ1) [Debug] 1 [PackageName] WindowsEditor [ProjectName] Editor" joined multi-casting on [225.0.0.222:54997]...

Player connection [30900] Host "[IP] 211.206.242.112 [Port] 0 [Flags] 2 [Guid] 1410771681 [EditorId] 1410771681 [Version] 1048832 [Id] WindowsEditor(7,DESKTOP-41TLBQ1) [Debug] 1 [PackageName] WindowsEditor [ProjectName] Editor" joined alternative multi-casting on [225.0.0.222:34997]...

[Physics::Module] Initialized MultithreadedJobDispatcher with 15 workers.
Refreshing native plugins compatible for Editor in 9.68 ms, found 3 plugins.
Preloading 0 native plugins for Editor in 0.00 ms.
Initialize engine version: 2022.3.15f1 (b58023a2b463)
[Subsystems] Discovering subsystems at path C:/Program Files/Unity/Hub/Editor/2022.3.15f1/Editor/Data/Resources/UnitySubsystems
[Subsystems] Discovering subsystems at path C:/Users/leeyeonjun/Desktop/unityproject/Backup/3D_Rpg/Path-of-the-Legacy/Assets
GfxDevice: creating device client; threaded=0; jobified=0
Direct3D:
    Version:  Direct3D 11.0 [level 11.1]
    Renderer: NVIDIA GeForce RTX 3060 Laptop GPU (ID=0x2560)
    Vendor:   NVIDIA
    VRAM:     5996 MB
    Driver:   32.0.15.6636
Initialize mono
Mono path[0] = 'C:/Program Files/Unity/Hub/Editor/2022.3.15f1/Editor/Data/Managed'
Mono path[1] = 'C:/Program Files/Unity/Hub/Editor/2022.3.15f1/Editor/Data/MonoBleedingEdge/lib/mono/unityjit-win32'
Mono config path = 'C:/Program Files/Unity/Hub/Editor/2022.3.15f1/Editor/Data/MonoBleedingEdge/etc'
Using monoOptions --debugger-agent=transport=dt_socket,embedding=1,server=y,suspend=n,address=127.0.0.1:56600
Begin MonoManager ReloadAssembly
Registering precompiled unity dll's ...
Register platform support module: C:/Program Files/Unity/Hub/Editor/2022.3.15f1/Editor/Data/PlaybackEngines/WindowsStandaloneSupport/UnityEditor.WindowsStandalone.Extensions.dll
Registered in 0.004871 seconds.
- Loaded All Assemblies, in  0.290 seconds
Native extension for WindowsStandalone target not found
Mono: successfully reloaded assembly
- Finished resetting the current domain, in  0.250 seconds
Domain Reload Profiling: 539ms
	BeginReloadAssembly (92ms)
		ExecutionOrderSort (0ms)
		DisableScriptedObjects (0ms)
		BackupInstance (0ms)
		ReleaseScriptingObjects (0ms)
		CreateAndSetChildDomain (1ms)
	RebuildCommonClasses (29ms)
	RebuildNativeTypeToScriptingClass (8ms)
	initialDomainReloadingComplete (50ms)
	LoadAllAssembliesAndSetupDomain (109ms)
		LoadAssemblies (90ms)
		RebuildTransferFunctionScriptingTraits (0ms)
		AnalyzeDomain (107ms)
			TypeCache.Refresh (106ms)
				TypeCache.ScanAssembly (95ms)
			ScanForSourceGeneratedMonoScriptInfo (0ms)
			ResolveRequiredComponents (0ms)
	FinalizeReload (251ms)
		ReleaseScriptCaches (0ms)
		RebuildScriptCaches (0ms)
		SetupLoadedEditorAssemblies (194ms)
			LogAssemblyErrors (0ms)
			InitializePlatformSupportModulesInManaged (8ms)
			SetLoadedEditorAssemblies (7ms)
			RefreshPlugins (0ms)
			BeforeProcessingInitializeOnLoad (2ms)
			ProcessInitializeOnLoadAttributes (134ms)
			ProcessInitializeOnLoadMethodAttributes (43ms)
			AfterProcessingInitializeOnLoad (0ms)
			EditorAssembliesLoaded (0ms)
		ExecutionOrderSort2 (0ms)
		AwakeInstancesAfterBackupRestoration (0ms)
========================================================================
Worker process is ready to serve import requests
Begin MonoManager ReloadAssembly
- Loaded All Assemblies, in  0.552 seconds
Refreshing native plugins compatible for Editor in 3.47 ms, found 3 plugins.
Native extension for WindowsStandalone target not found
Mono: successfully reloaded assembly
- Finished resetting the current domain, in  0.604 seconds
Domain Reload Profiling: 1154ms
	BeginReloadAssembly (140ms)
		ExecutionOrderSort (0ms)
		DisableScriptedObjects (6ms)
		BackupInstance (0ms)
		ReleaseScriptingObjects (0ms)
		CreateAndSetChildDomain (21ms)
	RebuildCommonClasses (27ms)
	RebuildNativeTypeToScriptingClass (8ms)
	initialDomainReloadingComplete (36ms)
	LoadAllAssembliesAndSetupDomain (338ms)
		LoadAssemblies (267ms)
		RebuildTransferFunctionScriptingTraits (0ms)
		AnalyzeDomain (152ms)
			TypeCache.Refresh (131ms)
				TypeCache.ScanAssembly (119ms)
			ScanForSourceGeneratedMonoScriptInfo (13ms)
			ResolveRequiredComponents (5ms)
	FinalizeReload (604ms)
		ReleaseScriptCaches (0ms)
		RebuildScriptCaches (0ms)
		SetupLoadedEditorAssemblies (477ms)
			LogAssemblyErrors (0ms)
			InitializePlatformSupportModulesInManaged (5ms)
			SetLoadedEditorAssemblies (4ms)
			RefreshPlugins (0ms)
			BeforeProcessingInitializeOnLoad (55ms)
			ProcessInitializeOnLoadAttributes (388ms)
			ProcessInitializeOnLoadMethodAttributes (20ms)
			AfterProcessingInitializeOnLoad (5ms)
			EditorAssembliesLoaded (0ms)
		ExecutionOrderSort2 (0ms)
		AwakeInstancesAfterBackupRestoration (6ms)
Launched and connected shader compiler UnityShaderCompiler.exe after 0.04 seconds
Refreshing native plugins compatible for Editor in 3.51 ms, found 3 plugins.
Preloading 0 native plugins for Editor in 0.00 ms.
Unloading 3275 Unused Serialized files (Serialized files now loaded: 0)
Unloading 36 unused Assets / (58.6 KB). Loaded Objects now: 3758.
Memory consumption went from 212.6 MB to 212.5 MB.
Total: 4.488400 ms (FindLiveObjects: 0.238000 ms CreateObjectMapping: 0.095600 ms MarkObjects: 4.023900 ms  DeleteObjects: 0.129900 ms)

AssetImportParameters requested are different than current active one (requested -> active):
  custom:container-demuxer-ogg: 62fdf1f143b41e24485cea50d1cbac27 -> 
  custom:video-decoder-ogg-theora: a1e56fd34408186e4bbccfd4996cb3dc -> 
  custom:framework-win-MediaFoundation: 216162199b28c13a410421893ffa2e32 -> 
  custom:CustomObjectIndexerAttribute: 43b350a4d6e6d1791af0b5038c4bea17 -> 
  custom:container-demuxer-webm: 4f35f7cbe854078d1ac9338744f61a02 -> 
  custom:container-muxer-webm: aa71ff27fc2769a1b78a27578f13a17b -> 
  custom:video-decoder-webm-vp8: 9c59270c3fd7afecdb556c50c9e8de78 -> 
  custom:SearchIndexIgnoredProperties: e643bd26f0fe6173181afceb89e7c659 -> 
  custom:AudioImporter_EditorPlatform: d09bf68614088b80899f8185d706f6e7 -> 
  custom:video-encoder-webm-vp8: eb34c28f22e8b96e1ab97ce403110664 -> 
  custom:audio-decoder-ogg-vorbis: bf7c407c2cedff20999df2af8eb42d56 -> 
  custom:audio-encoder-webm-vorbis: bf7c407c2cedff20999df2af8eb42d56 -> 
========================================================================
Received Import Request.
  Time since last request: 381634.966795 seconds.
  path: Assets/05.Images/UI/Basic_RPG_Icons/Char/Summoner_5.png
  artifactKey: Guid(31af4c11b0228d142b71af2d3940bbcb) Importer(815301076,1909f56bfc062723c751e8b465ee728b)
Start importing Assets/05.Images/UI/Basic_RPG_Icons/Char/Summoner_5.png using Guid(31af4c11b0228d142b71af2d3940bbcb) Importer(815301076,1909f56bfc062723c751e8b465ee728b)  -> (artifact id: 'b517743d0cde6bfb84ed703e2e24a785') in 0.108904 seconds
Number of updated asset objects reloaded before import = 0
Number of asset objects unloaded after import = 3
========================================================================
Received Import Request.
  Time since last request: 0.000034 seconds.
  path: Assets/05.Images/UI/SimpleKeys/Jumbo/Light/Single PNGs/TAB.png
  artifactKey: Guid(83dad386f23446147957c13333f8048c) Importer(815301076,1909f56bfc062723c751e8b465ee728b)
Start importing Assets/05.Images/UI/SimpleKeys/Jumbo/Light/Single PNGs/TAB.png using Guid(83dad386f23446147957c13333f8048c) Importer(815301076,1909f56bfc062723c751e8b465ee728b)  -> (artifact id: '0925ceb6b7450bc0faea9266ea640ea2') in 0.022120 seconds
Number of updated asset objects reloaded before import = 0
Number of asset objects unloaded after import = 3
========================================================================
Received Import Request.
  Time since last request: 0.000018 seconds.
  path: Assets/05.Images/UI/Fantasy Wooden GUI  Free/normal_ui_set A/TextBTN_Cancel.png
  artifactKey: Guid(480144379cc9c7d47a8e19f58b0e6ee3) Importer(815301076,1909f56bfc062723c751e8b465ee728b)
Start importing Assets/05.Images/UI/Fantasy Wooden GUI  Free/normal_ui_set A/TextBTN_Cancel.png using Guid(480144379cc9c7d47a8e19f58b0e6ee3) Importer(815301076,1909f56bfc062723c751e8b465ee728b)  -> (artifact id: 'fcba12037f2a017ca296fa2abff4f47f') in 0.021692 seconds
Number of updated asset objects reloaded before import = 0
Number of asset objects unloaded after import = 3
========================================================================
Received Import Request.
  Time since last request: 0.000023 seconds.
  path: Assets/Resources/Items/Potions/thunder_potion.png
  artifactKey: Guid(f0e5acf9671fe7b429219169b68f88d6) Importer(815301076,1909f56bfc062723c751e8b465ee728b)
Start importing Assets/Resources/Items/Potions/thunder_potion.png using Guid(f0e5acf9671fe7b429219169b68f88d6) Importer(815301076,1909f56bfc062723c751e8b465ee728b)  -> (artifact id: '960913e8f29148534d864e4c35b34266') in 0.020720 seconds
Number of updated asset objects reloaded before import = 0
Number of asset objects unloaded after import = 3
========================================================================
Received Import Request.
  Time since last request: 0.000068 seconds.
  path: Assets/05.Images/UI/SimpleKeys/Jumbo/Light/Single PNGs/U.png
  artifactKey: Guid(573169c7a72adaf448f3e5d952b47e75) Importer(815301076,1909f56bfc062723c751e8b465ee728b)
Start importing Assets/05.Images/UI/SimpleKeys/Jumbo/Light/Single PNGs/U.png using Guid(573169c7a72adaf448f3e5d952b47e75) Importer(815301076,1909f56bfc062723c751e8b465ee728b)  -> (artifact id: '46ceff39ff5e0ef3264acd0b913d967b') in 0.037113 seconds
Number of updated asset objects reloaded before import = 0
Number of asset objects unloaded after import = 3
========================================================================
Received Import Request.
  Time since last request: 0.434481 seconds.
  path: Assets/05.Images/UI/Fantasy Wooden GUI  Free/normal_ui_set A/UI board Large Set.png
  artifactKey: Guid(90a2dde0942123c4ebb9c4af580c5818) Importer(815301076,1909f56bfc062723c751e8b465ee728b)
Start importing Assets/05.Images/UI/Fantasy Wooden GUI  Free/normal_ui_set A/UI board Large Set.png using Guid(90a2dde0942123c4ebb9c4af580c5818) Importer(815301076,1909f56bfc062723c751e8b465ee728b)  -> (artifact id: '3e9f79ca70cb20dd65e1ef9e15739a3a') in 0.029859 seconds
Number of updated asset objects reloaded before import = 0
Number of asset objects unloaded after import = 3
========================================================================
Received Import Request.
  Time since last request: 0.006944 seconds.
  path: Assets/05.Images/UI/Fantasy Wooden GUI  Free/normal_ui_set A/UI board Small Set.png
  artifactKey: Guid(8eb69fafe4f719b49bb2dd1a7358aaaa) Importer(815301076,1909f56bfc062723c751e8b465ee728b)
Start importing Assets/05.Images/UI/Fantasy Wooden GUI  Free/normal_ui_set A/UI board Small Set.png using Guid(8eb69fafe4f719b49bb2dd1a7358aaaa) Importer(815301076,1909f56bfc062723c751e8b465ee728b)  -> (artifact id: '790597f16fdc0fee2fd576d80f50401d') in 0.029695 seconds
Number of updated asset objects reloaded before import = 0
Number of asset objects unloaded after import = 3
========================================================================
Received Import Request.
  Time since last request: 0.000023 seconds.
  path: Assets/05.Images/UI/SimpleKeys/Jumbo/Light/Single PNGs/V.png
  artifactKey: Guid(c7487de387d6abf478911e7a03a34f5c) Importer(815301076,1909f56bfc062723c751e8b465ee728b)
Start importing Assets/05.Images/UI/SimpleKeys/Jumbo/Light/Single PNGs/V.png using Guid(c7487de387d6abf478911e7a03a34f5c) Importer(815301076,1909f56bfc062723c751e8b465ee728b)  -> (artifact id: 'e68ef7197b91545fa137df3946c6a509') in 0.031162 seconds
Number of updated asset objects reloaded before import = 0
Number of asset objects unloaded after import = 3
========================================================================
Received Import Request.
  Time since last request: 0.000022 seconds.
  path: Assets/05.Images/UI/Mobile_UI/Joystick Pack/Sprites/Vertical Backgrounds/Vertical_Outline.png
  artifactKey: Guid(f054197ef28924b4986cbd91de2ab054) Importer(815301076,1909f56bfc062723c751e8b465ee728b)
Start importing Assets/05.Images/UI/Mobile_UI/Joystick Pack/Sprites/Vertical Backgrounds/Vertical_Outline.png using Guid(f054197ef28924b4986cbd91de2ab054) Importer(815301076,1909f56bfc062723c751e8b465ee728b)  -> (artifact id: 'c181e0341056d52da7780d973696572c') in 0.026600 seconds
Number of updated asset objects reloaded before import = 0
Number of asset objects unloaded after import = 3
========================================================================
Received Import Request.
  Time since last request: 0.018658 seconds.
  path: Assets/05.Images/UI/Mobile_UI/Joystick Pack/Sprites/Vertical Backgrounds/Vertical_Plain.png
  artifactKey: Guid(ab6db91373811284caeba2e9472fa9c2) Importer(815301076,1909f56bfc062723c751e8b465ee728b)
Start importing Assets/05.Images/UI/Mobile_UI/Joystick Pack/Sprites/Vertical Backgrounds/Vertical_Plain.png using Guid(ab6db91373811284caeba2e9472fa9c2) Importer(815301076,1909f56bfc062723c751e8b465ee728b)  -> (artifact id: 'dc1e02d9c8dbe1ac0d8d833734a82ca6') in 0.018614 seconds
Number of updated asset objects reloaded before import = 0
Number of asset objects unloaded after import = 3
========================================================================
Received Import Request.
  Time since last request: 0.007654 seconds.
  path: Assets/05.Images/UI/Mobile_UI/Joystick Pack/Sprites/Vertical Backgrounds/Vertical_Ridged_Arrows.png
  artifactKey: Guid(9332cf0d233636a40a024382720294a3) Importer(815301076,1909f56bfc062723c751e8b465ee728b)
Start importing Assets/05.Images/UI/Mobile_UI/Joystick Pack/Sprites/Vertical Backgrounds/Vertical_Ridged_Arrows.png using Guid(9332cf0d233636a40a024382720294a3) Importer(815301076,1909f56bfc062723c751e8b465ee728b)  -> (artifact id: '1cf71da8e3061b7bdd15a0e77e663caf') in 0.020019 seconds
Number of updated asset objects reloaded before import = 0
Number of asset objects unloaded after import = 3
========================================================================
Received Import Request.
  Time since last request: 0.005073 seconds.
  path: Assets/07.Model/Building/Village Buildings/Textures/Village_House_V1_Wall_Albedo.png
  artifactKey: Guid(3705f6c729514a94e801b9aa733931bd) Importer(815301076,1909f56bfc062723c751e8b465ee728b)
Start importing Assets/07.Model/Building/Village Buildings/Textures/Village_House_V1_Wall_Albedo.png using Guid(3705f6c729514a94e801b9aa733931bd) Importer(815301076,1909f56bfc062723c751e8b465ee728b)  -> (artifact id: 'df394f126d43170483ea7aefaff91827') in 0.029915 seconds
Number of updated asset objects reloaded before import = 0
Number of asset objects unloaded after import = 3
========================================================================
Received Import Request.
  Time since last request: 0.000026 seconds.
  path: Assets/07.Model/Building/Village Buildings/Textures/Village_House_V2_Roof_Albedo.png
  artifactKey: Guid(84387a1392e1d2b4188b0fd3d6f504e4) Importer(815301076,1909f56bfc062723c751e8b465ee728b)
Start importing Assets/07.Model/Building/Village Buildings/Textures/Village_House_V2_Roof_Albedo.png using Guid(84387a1392e1d2b4188b0fd3d6f504e4) Importer(815301076,1909f56bfc062723c751e8b465ee728b)  -> (artifact id: '15fb9149bbf029437248cc1384ffe515') in 0.028749 seconds
Number of updated asset objects reloaded before import = 0
Number of asset objects unloaded after import = 3
========================================================================
Received Import Request.
  Time since last request: 0.000021 seconds.
  path: Assets/07.Model/Building/Village Buildings/Textures/Village_House_V2_Wood_Albedo.png
  artifactKey: Guid(e782555da59a8564facf9c586ea638f5) Importer(815301076,1909f56bfc062723c751e8b465ee728b)
Start importing Assets/07.Model/Building/Village Buildings/Textures/Village_House_V2_Wood_Albedo.png using Guid(e782555da59a8564facf9c586ea638f5) Importer(815301076,1909f56bfc062723c751e8b465ee728b)  -> (artifact id: 'ed152632bc7a05586aca9bf92a523789') in 0.032187 seconds
Number of updated asset objects reloaded before import = 0
Number of asset objects unloaded after import = 3
========================================================================
Received Import Request.
  Time since last request: 0.000026 seconds.
  path: Assets/07.Model/Building/Village Buildings/Textures/Village_House_V2_Wood_MetallicSmoothness.png
  artifactKey: Guid(0aec8f0b0e739144a8a8d93efd8378ae) Importer(815301076,1909f56bfc062723c751e8b465ee728b)
Start importing Assets/07.Model/Building/Village Buildings/Textures/Village_House_V2_Wood_MetallicSmoothness.png using Guid(0aec8f0b0e739144a8a8d93efd8378ae) Importer(815301076,1909f56bfc062723c751e8b465ee728b)  -> (artifact id: '0fb5e9e2c2f493431b2fe4f16e2208a7') in 0.039228 seconds
Number of updated asset objects reloaded before import = 0
Number of asset objects unloaded after import = 3
========================================================================
Received Import Request.
  Time since last request: 0.000016 seconds.
  path: Assets/07.Model/Building/Village Buildings/Textures/Village_House_V4_Roof_Albedo.png
  artifactKey: Guid(3866c7603b41a484bb2a16754bd08cb9) Importer(815301076,1909f56bfc062723c751e8b465ee728b)
Start importing Assets/07.Model/Building/Village Buildings/Textures/Village_House_V4_Roof_Albedo.png using Guid(3866c7603b41a484bb2a16754bd08cb9) Importer(815301076,1909f56bfc062723c751e8b465ee728b)  -> (artifact id: '8ea0bb6e3ead138d8764cd9a45a0f5a5') in 0.026484 seconds
Number of updated asset objects reloaded before import = 0
Number of asset objects unloaded after import = 3
========================================================================
Received Import Request.
  Time since last request: 0.000019 seconds.
  path: Assets/07.Model/Building/Village Buildings/Textures/Village_House_V3_Roof_MetallicSmoothness.png
  artifactKey: Guid(c4206a550b2723d45b6c7fca3b54ce39) Importer(815301076,1909f56bfc062723c751e8b465ee728b)
Start importing Assets/07.Model/Building/Village Buildings/Textures/Village_House_V3_Roof_MetallicSmoothness.png using Guid(c4206a550b2723d45b6c7fca3b54ce39) Importer(815301076,1909f56bfc062723c751e8b465ee728b)  -> (artifact id: 'e9b11be773a8525444441bfb909ce71a') in 0.030895 seconds
Number of updated asset objects reloaded before import = 0
Number of asset objects unloaded after import = 3
========================================================================
Received Import Request.
  Time since last request: 0.415997 seconds.
  path: Assets/07.Model/Building/Village Buildings/Textures/Village_WindMill_Vr_Albedo.png
  artifactKey: Guid(de6ee98f9f7d63340a07a011019d5d53) Importer(815301076,1909f56bfc062723c751e8b465ee728b)
Start importing Assets/07.Model/Building/Village Buildings/Textures/Village_WindMill_Vr_Albedo.png using Guid(de6ee98f9f7d63340a07a011019d5d53) Importer(815301076,1909f56bfc062723c751e8b465ee728b)  -> (artifact id: 'c4e664329368143f27bf518b09afd3aa') in 0.026350 seconds
Number of updated asset objects reloaded before import = 0
Number of asset objects unloaded after import = 3
========================================================================
Received Import Request.
  Time since last request: 0.008895 seconds.
  path: Assets/07.Model/Building/Village Buildings/Textures/Village_WindMill_Wall_MetallicSmoothness.png
  artifactKey: Guid(ed88d73636183bf49ad4cac9f16fa742) Importer(815301076,1909f56bfc062723c751e8b465ee728b)
Start importing Assets/07.Model/Building/Village Buildings/Textures/Village_WindMill_Wall_MetallicSmoothness.png using Guid(ed88d73636183bf49ad4cac9f16fa742) Importer(815301076,1909f56bfc062723c751e8b465ee728b)  -> (artifact id: '268243d52180c607c6b78ea88c36eb4a') in 0.031711 seconds
Number of updated asset objects reloaded before import = 0
Number of asset objects unloaded after import = 3
========================================================================
Received Import Request.
  Time since last request: 0.028079 seconds.
  path: Assets/05.Images/UI/SimpleKeys/Jumbo/Light/Single PNGs/W.png
  artifactKey: Guid(422021f8e6ada7e47a27ea22fa0cbe4e) Importer(815301076,1909f56bfc062723c751e8b465ee728b)
Start importing Assets/05.Images/UI/SimpleKeys/Jumbo/Light/Single PNGs/W.png using Guid(422021f8e6ada7e47a27ea22fa0cbe4e) Importer(815301076,1909f56bfc062723c751e8b465ee728b)  -> (artifact id: 'b25ec977d4e2f8d7332c4d694b15150e') in 0.037681 seconds
Number of updated asset objects reloaded before import = 0
Number of asset objects unloaded after import = 3
========================================================================
Received Import Request.
  Time since last request: 0.004679 seconds.
  path: Assets/Resources/Items/Potions/wind_potion.png
  artifactKey: Guid(8824119b9b5494243b0d1569e82bc9dc) Importer(815301076,1909f56bfc062723c751e8b465ee728b)
Start importing Assets/Resources/Items/Potions/wind_potion.png using Guid(8824119b9b5494243b0d1569e82bc9dc) Importer(815301076,1909f56bfc062723c751e8b465ee728b)  -> (artifact id: '58737079bd58a6fdee2bf88435a63c81') in 0.024762 seconds
Number of updated asset objects reloaded before import = 0
Number of asset objects unloaded after import = 3
========================================================================
Received Import Request.
  Time since last request: 0.000024 seconds.
  path: Assets/05.Images/UI/SimpleKeys/Jumbo/Light/Single PNGs/Y.png
  artifactKey: Guid(d2122a213eac6d3429f5f40dea2ade44) Importer(815301076,1909f56bfc062723c751e8b465ee728b)
Start importing Assets/05.Images/UI/SimpleKeys/Jumbo/Light/Single PNGs/Y.png using Guid(d2122a213eac6d3429f5f40dea2ade44) Importer(815301076,1909f56bfc062723c751e8b465ee728b)  -> (artifact id: '775ca32f318196afa273957c0408909e') in 0.025682 seconds
Number of updated asset objects reloaded before import = 0
Number of asset objects unloaded after import = 3
========================================================================
Received Import Request.
  Time since last request: 3.589823 seconds.
  path: Assets/05.Images/UI/HUD/HP/health meter-13.png
  artifactKey: Guid(4ee6cc9ae8427ca40a5c4fe455ac5120) Importer(815301076,1909f56bfc062723c751e8b465ee728b)
Start importing Assets/05.Images/UI/HUD/HP/health meter-13.png using Guid(4ee6cc9ae8427ca40a5c4fe455ac5120) Importer(815301076,1909f56bfc062723c751e8b465ee728b)  -> (artifact id: 'eef509e2b22a873c4ad20513456d95bf') in 0.023339 seconds
Number of updated asset objects reloaded before import = 0
Number of asset objects unloaded after import = 3
========================================================================
Received Import Request.
  Time since last request: 0.005075 seconds.
  path: Assets/05.Images/UI/HUD/HP/health meter-16.png
  artifactKey: Guid(63398ce6f0459e3429d9d240025d8894) Importer(815301076,1909f56bfc062723c751e8b465ee728b)
Start importing Assets/05.Images/UI/HUD/HP/health meter-16.png using Guid(63398ce6f0459e3429d9d240025d8894) Importer(815301076,1909f56bfc062723c751e8b465ee728b)  -> (artifact id: 'e383d8cd0648891b9bb963dd0b44e6a9') in 0.024947 seconds
Number of updated asset objects reloaded before import = 0
Number of asset objects unloaded after import = 3
========================================================================
Received Import Request.
  Time since last request: 0.037035 seconds.
  path: Assets/05.Images/UI/Mobile_UI/Joystick Pack/Sprites/Handles/Handle_Outline_Arrows.png
  artifactKey: Guid(5eda94a9dcf71e445ad17e3c065d1460) Importer(815301076,1909f56bfc062723c751e8b465ee728b)
Start importing Assets/05.Images/UI/Mobile_UI/Joystick Pack/Sprites/Handles/Handle_Outline_Arrows.png using Guid(5eda94a9dcf71e445ad17e3c065d1460) Importer(815301076,1909f56bfc062723c751e8b465ee728b)  -> (artifact id: '73c1a7860804461596dd28c7f44d99c1') in 0.020409 seconds
Number of updated asset objects reloaded before import = 0
Number of asset objects unloaded after import = 3
========================================================================
Received Import Request.
  Time since last request: 0.004381 seconds.
  path: Assets/05.Images/UI/Mobile_UI/Joystick Pack/Sprites/Handles/Handle_Ridged.png
  artifactKey: Guid(3a74f678ee8f3bd49aacf3de1ae4bcaa) Importer(815301076,1909f56bfc062723c751e8b465ee728b)
Start importing Assets/05.Images/UI/Mobile_UI/Joystick Pack/Sprites/Handles/Handle_Ridged.png using Guid(3a74f678ee8f3bd49aacf3de1ae4bcaa) Importer(815301076,1909f56bfc062723c751e8b465ee728b)  -> (artifact id: '2ffeeea7be15ce186b96744c8b4f2133') in 0.022210 seconds
Number of updated asset objects reloaded before import = 0
Number of asset objects unloaded after import = 3
========================================================================
Received Import Request.
  Time since last request: 0.000021 seconds.
  path: Assets/05.Images/UI/HUD/HP/health meter-04.png
  artifactKey: Guid(45831d98a7b398f4aa6ab168998478a4) Importer(815301076,1909f56bfc062723c751e8b465ee728b)
Start importing Assets/05.Images/UI/HUD/HP/health meter-04.png using Guid(45831d98a7b398f4aa6ab168998478a4) Importer(815301076,1909f56bfc062723c751e8b465ee728b)  -> (artifact id: '196a0964675c838ac90c5f7060bf39b2') in 0.025282 seconds
Number of updated asset objects reloaded before import = 0
Number of asset objects unloaded after import = 3
========================================================================
Received Import Request.
  Time since last request: 0.120533 seconds.
  path: Assets/05.Images/UI/HUD/Globe_Red.png
  artifactKey: Guid(00937c7c98e53ca4193d80175af6fa9e) Importer(815301076,1909f56bfc062723c751e8b465ee728b)
Start importing Assets/05.Images/UI/HUD/Globe_Red.png using Guid(00937c7c98e53ca4193d80175af6fa9e) Importer(815301076,1909f56bfc062723c751e8b465ee728b)  -> (artifact id: 'd6c0c43b6f0ccc2a926ffe252197335e') in 0.025531 seconds
Number of updated asset objects reloaded before import = 0
Number of asset objects unloaded after import = 3
========================================================================
Received Import Request.
  Time since last request: 0.000024 seconds.
  path: Assets/05.Images/UI/SimpleKeys/Jumbo/Light/Single PNGs/H.png
  artifactKey: Guid(9a6d3ca475532e74d89a87f7e325a19d) Importer(815301076,1909f56bfc062723c751e8b465ee728b)
Start importing Assets/05.Images/UI/SimpleKeys/Jumbo/Light/Single PNGs/H.png using Guid(9a6d3ca475532e74d89a87f7e325a19d) Importer(815301076,1909f56bfc062723c751e8b465ee728b)  -> (artifact id: '23492ad5c600671c1cb13a350c303d33') in 0.031263 seconds
Number of updated asset objects reloaded before import = 0
Number of asset objects unloaded after import = 3
========================================================================
Received Import Request.
  Time since last request: 0.009595 seconds.
  path: Assets/05.Images/UI/SimpleKeys/Jumbo/Light/Spritesheets/EMPTY1.png
  artifactKey: Guid(0063bcccf49d42b4db279df47d7bbf6c) Importer(815301076,1909f56bfc062723c751e8b465ee728b)
Start importing Assets/05.Images/UI/SimpleKeys/Jumbo/Light/Spritesheets/EMPTY1.png using Guid(0063bcccf49d42b4db279df47d7bbf6c) Importer(815301076,1909f56bfc062723c751e8b465ee728b)  -> (artifact id: 'f94375836060975a6337a1665ff891f1') in 0.022820 seconds
Number of updated asset objects reloaded before import = 0
Number of asset objects unloaded after import = 5
========================================================================
Received Import Request.
  Time since last request: 0.007383 seconds.
  path: Assets/05.Images/UI/Fantasy Wooden GUI  Free/normal_ui_set A/Exclamation_Gray.png
  artifactKey: Guid(f73f68fe6815f5548a6c2a61b9e49add) Importer(815301076,1909f56bfc062723c751e8b465ee728b)
Start importing Assets/05.Images/UI/Fantasy Wooden GUI  Free/normal_ui_set A/Exclamation_Gray.png using Guid(f73f68fe6815f5548a6c2a61b9e49add) Importer(815301076,1909f56bfc062723c751e8b465ee728b)  -> (artifact id: '3a1f5ec00ee422af1206a40b37e46615') in 0.022077 seconds
Number of updated asset objects reloaded before import = 0
Number of asset objects unloaded after import = 3
========================================================================
Received Import Request.
  Time since last request: 0.000019 seconds.
  path: Assets/Resources/Items/Potions/fire_potion.png
  artifactKey: Guid(42f9a768a1374de4d9dee0a51caa56f3) Importer(815301076,1909f56bfc062723c751e8b465ee728b)
Start importing Assets/Resources/Items/Potions/fire_potion.png using Guid(42f9a768a1374de4d9dee0a51caa56f3) Importer(815301076,1909f56bfc062723c751e8b465ee728b)  -> (artifact id: 'b784205817365b7c4c1a86d707560bc5') in 0.020372 seconds
Number of updated asset objects reloaded before import = 0
Number of asset objects unloaded after import = 3
========================================================================
Received Import Request.
  Time since last request: 0.000019 seconds.
  path: Assets/05.Images/UI/Potion/fire_potion.png
  artifactKey: Guid(c0d03477af0f7694dba3d4cb308a0b6c) Importer(815301076,1909f56bfc062723c751e8b465ee728b)
Start importing Assets/05.Images/UI/Potion/fire_potion.png using Guid(c0d03477af0f7694dba3d4cb308a0b6c) Importer(815301076,1909f56bfc062723c751e8b465ee728b)  -> (artifact id: '0d8625d133642bc2bbb1800e6f0e0d09') in 0.021641 seconds
Number of updated asset objects reloaded before import = 0
Number of asset objects unloaded after import = 3
========================================================================
Received Import Request.
  Time since last request: 0.000030 seconds.
  path: Assets/05.Images/UI/SimpleKeys/Jumbo/Light/Single PNGs/G.png
  artifactKey: Guid(a2036466373634c45a10c4edd54b4124) Importer(815301076,1909f56bfc062723c751e8b465ee728b)
Start importing Assets/05.Images/UI/SimpleKeys/Jumbo/Light/Single PNGs/G.png using Guid(a2036466373634c45a10c4edd54b4124) Importer(815301076,1909f56bfc062723c751e8b465ee728b)  -> (artifact id: 'cf2b1d1506ed238402158dcd53c2a9be') in 0.030934 seconds
Number of updated asset objects reloaded before import = 0
Number of asset objects unloaded after import = 3
========================================================================
Received Import Request.
  Time since last request: 0.001511 seconds.
  path: Assets/05.Images/UI/RPG icons/64X64/Elixir_3.png
  artifactKey: Guid(41f6e3d5c40b77d4699e8893efa683be) Importer(815301076,1909f56bfc062723c751e8b465ee728b)
Start importing Assets/05.Images/UI/RPG icons/64X64/Elixir_3.png using Guid(41f6e3d5c40b77d4699e8893efa683be) Importer(815301076,1909f56bfc062723c751e8b465ee728b)  -> (artifact id: '3f6631b6ceea8e817194ce2c2ca8f061') in 0.019027 seconds
Number of updated asset objects reloaded before import = 0
Number of asset objects unloaded after import = 3
========================================================================
Received Import Request.
  Time since last request: 0.002310 seconds.
  path: Assets/05.Images/UI/RPG icons/64X64/Elixir_4.png
  artifactKey: Guid(d1d974af682b3d94ba855f3462e7d7bd) Importer(815301076,1909f56bfc062723c751e8b465ee728b)
Start importing Assets/05.Images/UI/RPG icons/64X64/Elixir_4.png using Guid(d1d974af682b3d94ba855f3462e7d7bd) Importer(815301076,1909f56bfc062723c751e8b465ee728b)  -> (artifact id: 'e228359cdd629d8e3858bfc33ff94237') in 0.023228 seconds
Number of updated asset objects reloaded before import = 0
Number of asset objects unloaded after import = 3
========================================================================
Received Import Request.
  Time since last request: 0.747970 seconds.
  path: Assets/05.Images/UI/Potion/earth_potion.png
  artifactKey: Guid(1f15847ce4f063b49afc634ad0dfce5a) Importer(815301076,1909f56bfc062723c751e8b465ee728b)
Start importing Assets/05.Images/UI/Potion/earth_potion.png using Guid(1f15847ce4f063b49afc634ad0dfce5a) Importer(815301076,1909f56bfc062723c751e8b465ee728b)  -> (artifact id: 'f543facdaaa2af4b816758cb277b49a4') in 0.046763 seconds
Number of updated asset objects reloaded before import = 0
Number of asset objects unloaded after import = 3
========================================================================
Received Import Request.
  Time since last request: 0.000029 seconds.
  path: Assets/05.Images/UI/RPG icons/512X512/Elixir_2.png
  artifactKey: Guid(6fe4c2a9ac2165b449752dd9bb5d7e25) Importer(815301076,1909f56bfc062723c751e8b465ee728b)
Start importing Assets/05.Images/UI/RPG icons/512X512/Elixir_2.png using Guid(6fe4c2a9ac2165b449752dd9bb5d7e25) Importer(815301076,1909f56bfc062723c751e8b465ee728b)  -> (artifact id: '280aebc117b4f8411ba7daad48a98da2') in 0.026378 seconds
Number of updated asset objects reloaded before import = 0
Number of asset objects unloaded after import = 3
========================================================================
Received Import Request.
  Time since last request: 0.008215 seconds.
  path: Assets/05.Images/UI/Fantasy Wooden GUI  Free/normal_ui_set A/Division line.png
  artifactKey: Guid(b7d245916891cca47a0144e12a82e086) Importer(815301076,1909f56bfc062723c751e8b465ee728b)
Start importing Assets/05.Images/UI/Fantasy Wooden GUI  Free/normal_ui_set A/Division line.png using Guid(b7d245916891cca47a0144e12a82e086) Importer(815301076,1909f56bfc062723c751e8b465ee728b)  -> (artifact id: 'b9fcc83f30c1e81fbac576aadf54a862') in 0.042441 seconds
Number of updated asset objects reloaded before import = 0
Number of asset objects unloaded after import = 3
========================================================================
Received Import Request.
  Time since last request: 0.021773 seconds.
  path: Assets/08.Utility/Standard Assets/CrossPlatformInput/Sprites/ButtonThumbstickOverSprite.png
  artifactKey: Guid(5485e2f56028a3c4cb54f5caa167377e) Importer(815301076,1909f56bfc062723c751e8b465ee728b)
Start importing Assets/08.Utility/Standard Assets/CrossPlatformInput/Sprites/ButtonThumbstickOverSprite.png using Guid(5485e2f56028a3c4cb54f5caa167377e) Importer(815301076,1909f56bfc062723c751e8b465ee728b)  -> (artifact id: '21118af387a7e12737d1d62b29ea417a') in 0.020064 seconds
Number of updated asset objects reloaded before import = 0
Number of asset objects unloaded after import = 3
========================================================================
Received Import Request.
  Time since last request: 0.002097 seconds.
  path: Assets/05.Images/UI/SimpleKeys/Jumbo/Light/Single PNGs/C.png
  artifactKey: Guid(fe3e39bc3b2c97e4e82c15def9c21e02) Importer(815301076,1909f56bfc062723c751e8b465ee728b)
Start importing Assets/05.Images/UI/SimpleKeys/Jumbo/Light/Single PNGs/C.png using Guid(fe3e39bc3b2c97e4e82c15def9c21e02) Importer(815301076,1909f56bfc062723c751e8b465ee728b)  -> (artifact id: '9aa64774fb89878524d5a6d434e89cb7') in 0.019821 seconds
Number of updated asset objects reloaded before import = 0
Number of asset objects unloaded after import = 3
========================================================================
Received Import Request.
  Time since last request: 0.006116 seconds.
  path: Assets/05.Images/UI/SimpleKeys/Jumbo/Light/Single PNGs/CLOSECURLY.png
  artifactKey: Guid(40f54b9375893404ca5dfb7c517710ad) Importer(815301076,1909f56bfc062723c751e8b465ee728b)
Start importing Assets/05.Images/UI/SimpleKeys/Jumbo/Light/Single PNGs/CLOSECURLY.png using Guid(40f54b9375893404ca5dfb7c517710ad) Importer(815301076,1909f56bfc062723c751e8b465ee728b)  -> (artifact id: '0ce26856da51534f9238ae3cd4f89bda') in 0.016355 seconds
Number of updated asset objects reloaded before import = 0
Number of asset objects unloaded after import = 3
========================================================================
Received Import Request.
  Time since last request: 0.006918 seconds.
  path: Assets/05.Images/UI/Potion/curse_potion.png
  artifactKey: Guid(9199c4576db4de5439d3f286370a8369) Importer(815301076,1909f56bfc062723c751e8b465ee728b)
Start importing Assets/05.Images/UI/Potion/curse_potion.png using Guid(9199c4576db4de5439d3f286370a8369) Importer(815301076,1909f56bfc062723c751e8b465ee728b)  -> (artifact id: '384ae78705de91ca44c85f2f3d8d8ff4') in 0.024743 seconds
Number of updated asset objects reloaded before import = 0
Number of asset objects unloaded after import = 3
========================================================================
Received Import Request.
  Time since last request: 0.000024 seconds.
  path: Assets/Resources/Items/Potions/dark_potion.png
  artifactKey: Guid(1bef66c0791ce9b4a8d999cfdbb5d527) Importer(815301076,1909f56bfc062723c751e8b465ee728b)
Start importing Assets/Resources/Items/Potions/dark_potion.png using Guid(1bef66c0791ce9b4a8d999cfdbb5d527) Importer(815301076,1909f56bfc062723c751e8b465ee728b)  -> (artifact id: 'c969ffa88fb907f4c0250da9070d7776') in 0.020723 seconds
Number of updated asset objects reloaded before import = 0
Number of asset objects unloaded after import = 3
========================================================================
Received Import Request.
  Time since last request: 0.009904 seconds.
  path: Assets/08.Utility/Standard Assets/CrossPlatformInput/Sprites/ButtonBrakeOverSprite.png
  artifactKey: Guid(5b1a64ea234fb2343b8d0686c51280de) Importer(815301076,1909f56bfc062723c751e8b465ee728b)
Start importing Assets/08.Utility/Standard Assets/CrossPlatformInput/Sprites/ButtonBrakeOverSprite.png using Guid(5b1a64ea234fb2343b8d0686c51280de) Importer(815301076,1909f56bfc062723c751e8b465ee728b)  -> (artifact id: '9a1feaa665d633ba5faa28a9949a288e') in 0.017590 seconds
Number of updated asset objects reloaded before import = 0
Number of asset objects unloaded after import = 3
========================================================================
Received Import Request.
  Time since last request: 0.003477 seconds.
  path: Assets/08.Utility/Standard Assets/CrossPlatformInput/Sprites/ButtonResetSprite.png
  artifactKey: Guid(a94c9a7eb94ceec4a8d67a1890e22e51) Importer(815301076,1909f56bfc062723c751e8b465ee728b)
Start importing Assets/08.Utility/Standard Assets/CrossPlatformInput/Sprites/ButtonResetSprite.png using Guid(a94c9a7eb94ceec4a8d67a1890e22e51) Importer(815301076,1909f56bfc062723c751e8b465ee728b)  -> (artifact id: '36a0097cf292a8cbbaa129ea6bd1af84') in 0.022020 seconds
Number of updated asset objects reloaded before import = 0
Number of asset objects unloaded after import = 3
========================================================================
Received Import Request.
  Time since last request: 0.432141 seconds.
  path: Assets/08.Utility/Standard Assets/CrossPlatformInput/Sprites/ButtonAcceleratorOverSprite.png
  artifactKey: Guid(eb5f6e2757c821940b69cf1456f7865a) Importer(815301076,1909f56bfc062723c751e8b465ee728b)
Start importing Assets/08.Utility/Standard Assets/CrossPlatformInput/Sprites/ButtonAcceleratorOverSprite.png using Guid(eb5f6e2757c821940b69cf1456f7865a) Importer(815301076,1909f56bfc062723c751e8b465ee728b)  -> (artifact id: '036a647a4db04f37986434a71ee4ddc4') in 0.019434 seconds
Number of updated asset objects reloaded before import = 0
Number of asset objects unloaded after import = 3
========================================================================
Received Import Request.
  Time since last request: 0.064435 seconds.
  path: Assets/05.Images/UI/SkillIcon/Barbarian_37.png
  artifactKey: Guid(4c799b57faf016a43912fe79fb3ac3ff) Importer(815301076,1909f56bfc062723c751e8b465ee728b)
Start importing Assets/05.Images/UI/SkillIcon/Barbarian_37.png using Guid(4c799b57faf016a43912fe79fb3ac3ff) Importer(815301076,1909f56bfc062723c751e8b465ee728b)  -> (artifact id: '5fc3806b1b83fefb367cb9474abf1cc2') in 0.021394 seconds
Number of updated asset objects reloaded before import = 0
Number of asset objects unloaded after import = 3
========================================================================
Received Import Request.
  Time since last request: 0.001164 seconds.
  path: Assets/05.Images/UI/SkillIcon/Barbarian_40.png
  artifactKey: Guid(bd5be93bed8694e4d9de403afe17fb91) Importer(815301076,1909f56bfc062723c751e8b465ee728b)
Start importing Assets/05.Images/UI/SkillIcon/Barbarian_40.png using Guid(bd5be93bed8694e4d9de403afe17fb91) Importer(815301076,1909f56bfc062723c751e8b465ee728b)  -> (artifact id: 'ccb0c5ce491058adab6523b8911f60af') in 0.028663 seconds
Number of updated asset objects reloaded before import = 0
Number of asset objects unloaded after import = 3
========================================================================
Received Import Request.
  Time since last request: 0.016603 seconds.
  path: Assets/05.Images/UI/SkillIcon/Barbarian_31.png
  artifactKey: Guid(96c20259684b34c4786ec14e5382f848) Importer(815301076,1909f56bfc062723c751e8b465ee728b)
Start importing Assets/05.Images/UI/SkillIcon/Barbarian_31.png using Guid(96c20259684b34c4786ec14e5382f848) Importer(815301076,1909f56bfc062723c751e8b465ee728b)  -> (artifact id: 'dcd56a8a99d5ebf9b8b67bd35fc01e78') in 0.020968 seconds
Number of updated asset objects reloaded before import = 0
Number of asset objects unloaded after import = 3
========================================================================
Received Import Request.
  Time since last request: 0.001818 seconds.
  path: Assets/05.Images/UI/SkillIcon/Barbarian_34.png
  artifactKey: Guid(e58b9be68eec52e44915917dcf482309) Importer(815301076,1909f56bfc062723c751e8b465ee728b)
Start importing Assets/05.Images/UI/SkillIcon/Barbarian_34.png using Guid(e58b9be68eec52e44915917dcf482309) Importer(815301076,1909f56bfc062723c751e8b465ee728b)  -> (artifact id: '4d8c8638153b9cef549a925f3e418a75') in 0.025046 seconds
Number of updated asset objects reloaded before import = 0
Number of asset objects unloaded after import = 3
========================================================================
Received Import Request.
  Time since last request: 0.018282 seconds.
  path: Assets/05.Images/UI/SkillIcon/Barbarian_25.png
  artifactKey: Guid(3408817e60a442f4fbe81b8868f06b5f) Importer(815301076,1909f56bfc062723c751e8b465ee728b)
Start importing Assets/05.Images/UI/SkillIcon/Barbarian_25.png using Guid(3408817e60a442f4fbe81b8868f06b5f) Importer(815301076,1909f56bfc062723c751e8b465ee728b)  -> (artifact id: '07b09be41b7fdbe46b5ce875179e376f') in 0.020722 seconds
Number of updated asset objects reloaded before import = 0
Number of asset objects unloaded after import = 3
========================================================================
Received Import Request.
  Time since last request: 0.001698 seconds.
  path: Assets/05.Images/UI/SkillIcon/Barbarian_28.png
  artifactKey: Guid(7fead83753efcdc4fa94ed7b10b6fc03) Importer(815301076,1909f56bfc062723c751e8b465ee728b)
Start importing Assets/05.Images/UI/SkillIcon/Barbarian_28.png using Guid(7fead83753efcdc4fa94ed7b10b6fc03) Importer(815301076,1909f56bfc062723c751e8b465ee728b)  -> (artifact id: '973e92a5049276b9a9401c8c3de3bbc5') in 0.026348 seconds
Number of updated asset objects reloaded before import = 0
Number of asset objects unloaded after import = 3
========================================================================
Received Import Request.
  Time since last request: 0.025724 seconds.
  path: Assets/05.Images/UI/SkillIcon/Barbarian_19.png
  artifactKey: Guid(d888f46f904254045880693f7a97985a) Importer(815301076,1909f56bfc062723c751e8b465ee728b)
Start importing Assets/05.Images/UI/SkillIcon/Barbarian_19.png using Guid(d888f46f904254045880693f7a97985a) Importer(815301076,1909f56bfc062723c751e8b465ee728b)  -> (artifact id: '01d2de16f4a2819075e57ab9615be42b') in 0.022794 seconds
Number of updated asset objects reloaded before import = 0
Number of asset objects unloaded after import = 3
========================================================================
Received Import Request.
  Time since last request: 2.444615 seconds.
  path: Assets/05.Images/UI/SkillIcon/Barbarian_13.png
  artifactKey: Guid(816939527646d2044a6a7771ba0e6fc9) Importer(815301076,1909f56bfc062723c751e8b465ee728b)
Start importing Assets/05.Images/UI/SkillIcon/Barbarian_13.png using Guid(816939527646d2044a6a7771ba0e6fc9) Importer(815301076,1909f56bfc062723c751e8b465ee728b)  -> (artifact id: '9e6df73ec2089c89e26ef06da95e8dfd') in 0.022096 seconds
Number of updated asset objects reloaded before import = 0
Number of asset objects unloaded after import = 3
========================================================================
Received Import Request.
  Time since last request: 0.006570 seconds.
  path: Assets/05.Images/UI/SkillIcon/Barbarian_17.png
  artifactKey: Guid(ef6496a45de007144a99dd498448cd51) Importer(815301076,1909f56bfc062723c751e8b465ee728b)
Start importing Assets/05.Images/UI/SkillIcon/Barbarian_17.png using Guid(ef6496a45de007144a99dd498448cd51) Importer(815301076,1909f56bfc062723c751e8b465ee728b)  -> (artifact id: 'a7652c7759a86c515cf4edd891559497') in 0.057004 seconds
Number of updated asset objects reloaded before import = 0
Number of asset objects unloaded after import = 3
========================================================================
Received Import Request.
  Time since last request: 0.213429 seconds.
  path: Assets/05.Images/UI/SkillIcon/Barbarian_7.png
  artifactKey: Guid(22908513b44b9754f91832c336de5ccc) Importer(815301076,1909f56bfc062723c751e8b465ee728b)
Start importing Assets/05.Images/UI/SkillIcon/Barbarian_7.png using Guid(22908513b44b9754f91832c336de5ccc) Importer(815301076,1909f56bfc062723c751e8b465ee728b)  -> (artifact id: 'd1e870611a20ae96c566661ef59b1167') in 0.021891 seconds
Number of updated asset objects reloaded before import = 0
Number of asset objects unloaded after import = 3
========================================================================
Received Import Request.
  Time since last request: 0.006404 seconds.
  path: Assets/05.Images/UI/SkillIcon/Barbarian_11.png
  artifactKey: Guid(76c6478e2bac5f34db7836822cab0a2c) Importer(815301076,1909f56bfc062723c751e8b465ee728b)
Start importing Assets/05.Images/UI/SkillIcon/Barbarian_11.png using Guid(76c6478e2bac5f34db7836822cab0a2c) Importer(815301076,1909f56bfc062723c751e8b465ee728b)  -> (artifact id: 'f8951d882b8d81add31d0d76ec7d4ce9') in 0.026467 seconds
Number of updated asset objects reloaded before import = 0
Number of asset objects unloaded after import = 3
========================================================================
Received Import Request.
  Time since last request: 0.045792 seconds.
  path: Assets/05.Images/UI/SkillIcon/Barbarian_1.png
  artifactKey: Guid(3a96a6374a4f7814ea02ecfc9bd3dea8) Importer(815301076,1909f56bfc062723c751e8b465ee728b)
Start importing Assets/05.Images/UI/SkillIcon/Barbarian_1.png using Guid(3a96a6374a4f7814ea02ecfc9bd3dea8) Importer(815301076,1909f56bfc062723c751e8b465ee728b)  -> (artifact id: '0965f279e55a95722d4003bc1d2814ba') in 0.021466 seconds
Number of updated asset objects reloaded before import = 0
Number of asset objects unloaded after import = 3
========================================================================
Received Import Request.
  Time since last request: 0.000020 seconds.
  path: Assets/05.Images/UI/SkillIcon/Barbarian_5.png
  artifactKey: Guid(a12de78b17f7d914b8330debc0966965) Importer(815301076,1909f56bfc062723c751e8b465ee728b)
Start importing Assets/05.Images/UI/SkillIcon/Barbarian_5.png using Guid(a12de78b17f7d914b8330debc0966965) Importer(815301076,1909f56bfc062723c751e8b465ee728b)  -> (artifact id: 'df7a9c5cedccded8015edb1ea8055163') in 0.024537 seconds
Number of updated asset objects reloaded before import = 0
Number of asset objects unloaded after import = 3
========================================================================
Received Import Request.
  Time since last request: 0.085129 seconds.
  path: Assets/05.Images/UI/HUD/Background.png
  artifactKey: Guid(6efc1870b2144f744b6ee62db43d489a) Importer(815301076,1909f56bfc062723c751e8b465ee728b)
Start importing Assets/05.Images/UI/HUD/Background.png using Guid(6efc1870b2144f744b6ee62db43d489a) Importer(815301076,1909f56bfc062723c751e8b465ee728b)  -> (artifact id: '04cd4c0d4307e1a90191d4385101943a') in 0.024564 seconds
Number of updated asset objects reloaded before import = 0
Number of asset objects unloaded after import = 3
========================================================================
Received Import Request.
  Time since last request: 0.437224 seconds.
  path: Assets/05.Images/UI/RPG icons/64X64/Ax_3.png
  artifactKey: Guid(7e838e588cfa3a54abe8ea22f5458286) Importer(815301076,1909f56bfc062723c751e8b465ee728b)
Start importing Assets/05.Images/UI/RPG icons/64X64/Ax_3.png using Guid(7e838e588cfa3a54abe8ea22f5458286) Importer(815301076,1909f56bfc062723c751e8b465ee728b)  -> (artifact id: 'f88dfdbb685bbadf95dc3a33524ccf25') in 0.019623 seconds
Number of updated asset objects reloaded before import = 0
Number of asset objects unloaded after import = 3
========================================================================
Received Import Request.
  Time since last request: 0.070181 seconds.
  path: Assets/05.Images/UI/SimpleKeys/Jumbo/Light/Single PNGs/ARROWUP.png
  artifactKey: Guid(e7976ac8cd132634eaab754581e2916e) Importer(815301076,1909f56bfc062723c751e8b465ee728b)
Start importing Assets/05.Images/UI/SimpleKeys/Jumbo/Light/Single PNGs/ARROWUP.png using Guid(e7976ac8cd132634eaab754581e2916e) Importer(815301076,1909f56bfc062723c751e8b465ee728b)  -> (artifact id: '8b0e2dc66cfa325395e0067531c600c5') in 0.018849 seconds
Number of updated asset objects reloaded before import = 0
Number of asset objects unloaded after import = 3
========================================================================
Received Import Request.
  Time since last request: 0.030683 seconds.
  path: Assets/05.Images/UI/RPG icons/512X512/Armor_2.png
  artifactKey: Guid(8c3071f3765024a44913ba81e32a70b3) Importer(815301076,1909f56bfc062723c751e8b465ee728b)
Start importing Assets/05.Images/UI/RPG icons/512X512/Armor_2.png using Guid(8c3071f3765024a44913ba81e32a70b3) Importer(815301076,1909f56bfc062723c751e8b465ee728b)  -> (artifact id: 'aa272d841d11b44a0d91bb690a6982da') in 0.020522 seconds
Number of updated asset objects reloaded before import = 0
Number of asset objects unloaded after import = 3
========================================================================
Received Import Request.
  Time since last request: 0.001603 seconds.
  path: Assets/05.Images/UI/SimpleKeys/Jumbo/Light/Single PNGs/ARROWLEFT.png
  artifactKey: Guid(1dfed65ed484af5479e51f2b93724c43) Importer(815301076,1909f56bfc062723c751e8b465ee728b)
Start importing Assets/05.Images/UI/SimpleKeys/Jumbo/Light/Single PNGs/ARROWLEFT.png using Guid(1dfed65ed484af5479e51f2b93724c43) Importer(815301076,1909f56bfc062723c751e8b465ee728b)  -> (artifact id: 'c7cd930f0f736ec8bcc031d71a12f4d3') in 0.020852 seconds
Number of updated asset objects reloaded before import = 0
Number of asset objects unloaded after import = 3
========================================================================
Received Import Request.
  Time since last request: 0.049091 seconds.
  path: Assets/05.Images/UI/RPG icons/512X512/Amulet_2.png
  artifactKey: Guid(d96ef95409b13284fb8c404a3f1d43e8) Importer(815301076,1909f56bfc062723c751e8b465ee728b)
Start importing Assets/05.Images/UI/RPG icons/512X512/Amulet_2.png using Guid(d96ef95409b13284fb8c404a3f1d43e8) Importer(815301076,1909f56bfc062723c751e8b465ee728b)  -> (artifact id: '633e375c6dbf1ae88459134cacbf260f') in 0.023603 seconds
Number of updated asset objects reloaded before import = 0
Number of asset objects unloaded after import = 3
========================================================================
Received Import Request.
  Time since last request: 0.487657 seconds.
  path: Assets/05.Images/UI/SimpleKeys/Jumbo/Light/Spritesheets/ALTGR.png
  artifactKey: Guid(8bf2db65d932b5746876e115e9a01406) Importer(815301076,1909f56bfc062723c751e8b465ee728b)
Start importing Assets/05.Images/UI/SimpleKeys/Jumbo/Light/Spritesheets/ALTGR.png using Guid(8bf2db65d932b5746876e115e9a01406) Importer(815301076,1909f56bfc062723c751e8b465ee728b)  -> (artifact id: 'f254438a4407cd30dcb63081d0287e67') in 0.022564 seconds
Number of updated asset objects reloaded before import = 0
Number of asset objects unloaded after import = 5
========================================================================
Received Import Request.
  Time since last request: 0.064301 seconds.
  path: Assets/05.Images/UI/Mobile_UI/Joystick Pack/Sprites/All Axis Backgrounds/AllAxis_Ridged_Arrows.png
  artifactKey: Guid(4cbc879550e5e374a925e2e0a84d6f3c) Importer(815301076,1909f56bfc062723c751e8b465ee728b)
Start importing Assets/05.Images/UI/Mobile_UI/Joystick Pack/Sprites/All Axis Backgrounds/AllAxis_Ridged_Arrows.png using Guid(4cbc879550e5e374a925e2e0a84d6f3c) Importer(815301076,1909f56bfc062723c751e8b465ee728b)  -> (artifact id: '901f92c80f0dc850ce5465d2ea46aa7c') in 0.018330 seconds
Number of updated asset objects reloaded before import = 0
Number of asset objects unloaded after import = 3
========================================================================
Received Import Request.
  Time since last request: 0.039741 seconds.
  path: Assets/05.Images/UI/Mobile_UI/Joystick Pack/Sprites/All Axis Backgrounds/AllAxis_Plain.png
  artifactKey: Guid(84487d73ca4b791498332d8f6858417f) Importer(815301076,1909f56bfc062723c751e8b465ee728b)
Start importing Assets/05.Images/UI/Mobile_UI/Joystick Pack/Sprites/All Axis Backgrounds/AllAxis_Plain.png using Guid(84487d73ca4b791498332d8f6858417f) Importer(815301076,1909f56bfc062723c751e8b465ee728b)  -> (artifact id: 'dec3c7e2f03b0caa900104a87ed476c4') in 0.020604 seconds
Number of updated asset objects reloaded before import = 0
Number of asset objects unloaded after import = 3
========================================================================
Received Import Request.
  Time since last request: 0.052004 seconds.
  path: Assets/05.Images/UI/Basic_RPG_Icons/Items/Resources/Nobg/15_Heal_potion_nobg.png
  artifactKey: Guid(4e8b35477a7fb5a46870c1973a523722) Importer(815301076,1909f56bfc062723c751e8b465ee728b)
Start importing Assets/05.Images/UI/Basic_RPG_Icons/Items/Resources/Nobg/15_Heal_potion_nobg.png using Guid(4e8b35477a7fb5a46870c1973a523722) Importer(815301076,1909f56bfc062723c751e8b465ee728b)  -> (artifact id: '7b2b376e7989188c1f153c91114451c9') in 0.021434 seconds
Number of updated asset objects reloaded before import = 0
Number of asset objects unloaded after import = 3
========================================================================
Received Import Request.
  Time since last request: 2.362360 seconds.
  path: Assets/05.Images/UI/Basic_RPG_Icons/Items/Resources/Nobg/14_Good_Beast_Hide_nobg.png
  artifactKey: Guid(a5e48cd17a5bb3846bdb5f2e16941cf0) Importer(815301076,1909f56bfc062723c751e8b465ee728b)
Start importing Assets/05.Images/UI/Basic_RPG_Icons/Items/Resources/Nobg/14_Good_Beast_Hide_nobg.png using Guid(a5e48cd17a5bb3846bdb5f2e16941cf0) Importer(815301076,1909f56bfc062723c751e8b465ee728b)  -> (artifact id: 'ce0a657c06fb459a86483039ef54f314') in 0.019631 seconds
Number of updated asset objects reloaded before import = 0
Number of asset objects unloaded after import = 3
========================================================================
Received Import Request.
  Time since last request: 0.006822 seconds.
  path: Assets/05.Images/UI/Basic_RPG_Icons/Skills/No_bg/15_curse_nobg.png
  artifactKey: Guid(7d0f73aed89f4e146b939c2b5afbcb89) Importer(815301076,1909f56bfc062723c751e8b465ee728b)
Start importing Assets/05.Images/UI/Basic_RPG_Icons/Skills/No_bg/15_curse_nobg.png using Guid(7d0f73aed89f4e146b939c2b5afbcb89) Importer(815301076,1909f56bfc062723c751e8b465ee728b)  -> (artifact id: 'e8af4e66f3fab75b0c53c36765914567') in 0.046423 seconds
Number of updated asset objects reloaded before import = 0
Number of asset objects unloaded after import = 3
========================================================================
Received Import Request.
  Time since last request: 0.005978 seconds.
  path: Assets/05.Images/UI/Basic_RPG_Icons/Items/Resources/Nobg/12_Good_Leather_nobg.png
  artifactKey: Guid(0697b5c413281a149bc97567d1fb828b) Importer(815301076,1909f56bfc062723c751e8b465ee728b)
Start importing Assets/05.Images/UI/Basic_RPG_Icons/Items/Resources/Nobg/12_Good_Leather_nobg.png using Guid(0697b5c413281a149bc97567d1fb828b) Importer(815301076,1909f56bfc062723c751e8b465ee728b)  -> (artifact id: '69ea59750c486556ae1c3ef4712c48ee') in 0.019907 seconds
Number of updated asset objects reloaded before import = 0
Number of asset objects unloaded after import = 3
========================================================================
Received Import Request.
  Time since last request: 0.000028 seconds.
  path: Assets/05.Images/UI/Basic_RPG_Icons/Skills/No_bg/13_Healing_spell_2_nobg.png
  artifactKey: Guid(89a7c2b9294dbaa4985085575713504f) Importer(815301076,1909f56bfc062723c751e8b465ee728b)
Start importing Assets/05.Images/UI/Basic_RPG_Icons/Skills/No_bg/13_Healing_spell_2_nobg.png using Guid(89a7c2b9294dbaa4985085575713504f) Importer(815301076,1909f56bfc062723c751e8b465ee728b)  -> (artifact id: '08a697603e829de5835a45958dbc00f7') in 0.046189 seconds
Number of updated asset objects reloaded before import = 0
Number of asset objects unloaded after import = 3
========================================================================
Received Import Request.
  Time since last request: 0.006978 seconds.
  path: Assets/05.Images/UI/Basic_RPG_Icons/Items/Resources/11_Beast_Hide.png
  artifactKey: Guid(4dfcd6afbd5d195479600ca5d9a0e4bf) Importer(815301076,1909f56bfc062723c751e8b465ee728b)
Start importing Assets/05.Images/UI/Basic_RPG_Icons/Items/Resources/11_Beast_Hide.png using Guid(4dfcd6afbd5d195479600ca5d9a0e4bf) Importer(815301076,1909f56bfc062723c751e8b465ee728b)  -> (artifact id: '6f8113ff5301450ece5928e4ae034fd9') in 0.021536 seconds
Number of updated asset objects reloaded before import = 0
Number of asset objects unloaded after import = 3
========================================================================
Received Import Request.
  Time since last request: 0.001025 seconds.
  path: Assets/05.Images/UI/Basic_RPG_Icons/Skills/No_bg/11_Melee_Cone_nobg.png
  artifactKey: Guid(8d43b83d0338c994db662371b1cdbbc8) Importer(815301076,1909f56bfc062723c751e8b465ee728b)
Start importing Assets/05.Images/UI/Basic_RPG_Icons/Skills/No_bg/11_Melee_Cone_nobg.png using Guid(8d43b83d0338c994db662371b1cdbbc8) Importer(815301076,1909f56bfc062723c751e8b465ee728b)  -> (artifact id: '0373e6660746784466126967237b8d07') in 0.026915 seconds
Number of updated asset objects reloaded before import = 0
Number of asset objects unloaded after import = 3
========================================================================
Received Import Request.
  Time since last request: 0.025358 seconds.
  path: Assets/05.Images/UI/Basic_RPG_Icons/Items/Resources/Nobg/09_meat_nobg.png
  artifactKey: Guid(d61cf5d2b65731d41842b4d6eacd95ce) Importer(815301076,1909f56bfc062723c751e8b465ee728b)
Start importing Assets/05.Images/UI/Basic_RPG_Icons/Items/Resources/Nobg/09_meat_nobg.png using Guid(d61cf5d2b65731d41842b4d6eacd95ce) Importer(815301076,1909f56bfc062723c751e8b465ee728b)  -> (artifact id: '9cfde3edfacc237c06821fab931158bd') in 0.018737 seconds
Number of updated asset objects reloaded before import = 0
Number of asset objects unloaded after import = 3
========================================================================
Received Import Request.
  Time since last request: 0.002657 seconds.
  path: Assets/05.Images/UI/Basic_RPG_Icons/Items/Resources/10_Basic_Leather.png
  artifactKey: Guid(310b28abd7578074b95656f579fbdebc) Importer(815301076,1909f56bfc062723c751e8b465ee728b)
Start importing Assets/05.Images/UI/Basic_RPG_Icons/Items/Resources/10_Basic_Leather.png using Guid(310b28abd7578074b95656f579fbdebc) Importer(815301076,1909f56bfc062723c751e8b465ee728b)  -> (artifact id: 'eeffdc3cface513c4d025f36e286e6bc') in 0.023931 seconds
Number of updated asset objects reloaded before import = 0
Number of asset objects unloaded after import = 3
========================================================================
Received Import Request.
  Time since last request: 0.736356 seconds.
  path: Assets/05.Images/UI/SimpleKeys/Jumbo/Light/Single PNGs/9.png
  artifactKey: Guid(9bc777a19fe7dfc4dbf85beff15c09d4) Importer(815301076,1909f56bfc062723c751e8b465ee728b)
Start importing Assets/05.Images/UI/SimpleKeys/Jumbo/Light/Single PNGs/9.png using Guid(9bc777a19fe7dfc4dbf85beff15c09d4) Importer(815301076,1909f56bfc062723c751e8b465ee728b)  -> (artifact id: 'eea6e03f13f1adef739d150ba67ab984') in 0.017904 seconds
Number of updated asset objects reloaded before import = 0
Number of asset objects unloaded after import = 3
========================================================================
Received Import Request.
  Time since last request: 0.076301 seconds.
  path: Assets/05.Images/UI/Basic_RPG_Icons/Skills/08_Blink.png
  artifactKey: Guid(62ce59ce09148c847b198159a3abc9f6) Importer(815301076,1909f56bfc062723c751e8b465ee728b)
Start importing Assets/05.Images/UI/Basic_RPG_Icons/Skills/08_Blink.png using Guid(62ce59ce09148c847b198159a3abc9f6) Importer(815301076,1909f56bfc062723c751e8b465ee728b)  -> (artifact id: '46950b60fdf5d04cb37b53af0f765e83') in 0.020481 seconds
Number of updated asset objects reloaded before import = 0
Number of asset objects unloaded after import = 3
========================================================================
Received Import Request.
  Time since last request: 0.046053 seconds.
  path: Assets/05.Images/UI/Basic_RPG_Icons/Items/Resources/Nobg/07_Cloth_red_nobg.png
  artifactKey: Guid(e0268741fe936f8489777894fcaf81f7) Importer(815301076,1909f56bfc062723c751e8b465ee728b)
Start importing Assets/05.Images/UI/Basic_RPG_Icons/Items/Resources/Nobg/07_Cloth_red_nobg.png using Guid(e0268741fe936f8489777894fcaf81f7) Importer(815301076,1909f56bfc062723c751e8b465ee728b)  -> (artifact id: '7ee01e9e3ff409987a68b95ca4d1f84e') in 0.019795 seconds
Number of updated asset objects reloaded before import = 0
Number of asset objects unloaded after import = 3
========================================================================
Received Import Request.
  Time since last request: 0.002041 seconds.
  path: Assets/05.Images/UI/Basic_RPG_Icons/Items/Weapons/No_bg/07_Priest_Staff_nobg.png
  artifactKey: Guid(3fa53af4c50543b469421a6895537de8) Importer(815301076,1909f56bfc062723c751e8b465ee728b)
Start importing Assets/05.Images/UI/Basic_RPG_Icons/Items/Weapons/No_bg/07_Priest_Staff_nobg.png using Guid(3fa53af4c50543b469421a6895537de8) Importer(815301076,1909f56bfc062723c751e8b465ee728b)  -> (artifact id: '620302a4069cbd8e7d875cc32063d77f') in 0.033990 seconds
Number of updated asset objects reloaded before import = 0
Number of asset objects unloaded after import = 3
========================================================================
Received Import Request.
  Time since last request: 3.607320 seconds.
  path: Assets/Resources/Items/Armor/06_plate_pants.png
  artifactKey: Guid(4489842f23640ab46aaf76ff91d68512) Importer(815301076,1909f56bfc062723c751e8b465ee728b)
Start importing Assets/Resources/Items/Armor/06_plate_pants.png using Guid(4489842f23640ab46aaf76ff91d68512) Importer(815301076,1909f56bfc062723c751e8b465ee728b)  -> (artifact id: '625245fc5f91e85c9ed473d1fd43620b') in 0.023269 seconds
Number of updated asset objects reloaded before import = 0
Number of asset objects unloaded after import = 3
========================================================================
Received Import Request.
  Time since last request: 0.005755 seconds.
  path: Assets/05.Images/UI/Basic_RPG_Icons/Items/Armor/Common/Nobg/06_plate_pants_nobg.png
  artifactKey: Guid(69aaf000ffeac1d428b655ee0b268225) Importer(815301076,1909f56bfc062723c751e8b465ee728b)
Start importing Assets/05.Images/UI/Basic_RPG_Icons/Items/Armor/Common/Nobg/06_plate_pants_nobg.png using Guid(69aaf000ffeac1d428b655ee0b268225) Importer(815301076,1909f56bfc062723c751e8b465ee728b)  -> (artifact id: 'e138cd970bbcdb7c696b289b2124c1e1') in 0.054836 seconds
Number of updated asset objects reloaded before import = 0
Number of asset objects unloaded after import = 3
========================================================================
Received Import Request.
  Time since last request: 0.168981 seconds.
  path: Assets/05.Images/UI/Basic_RPG_Icons/Items/Armor/Common/Nobg/06_leather_pants_nobg.png
  artifactKey: Guid(b48623623521c5646bbaa5c1cf553be1) Importer(815301076,1909f56bfc062723c751e8b465ee728b)
Start importing Assets/05.Images/UI/Basic_RPG_Icons/Items/Armor/Common/Nobg/06_leather_pants_nobg.png using Guid(b48623623521c5646bbaa5c1cf553be1) Importer(815301076,1909f56bfc062723c751e8b465ee728b)  -> (artifact id: '521609711df6e622f717fce167779b41') in 0.022586 seconds
Number of updated asset objects reloaded before import = 0
Number of asset objects unloaded after import = 3
========================================================================
Received Import Request.
  Time since last request: 0.000020 seconds.
  path: Assets/05.Images/UI/Basic_RPG_Icons/Items/Weapons/No_bg/06_One_Handed_Axe_nobg.png
  artifactKey: Guid(d69b3d2126ca599449d43b95df828fb2) Importer(815301076,1909f56bfc062723c751e8b465ee728b)
Start importing Assets/05.Images/UI/Basic_RPG_Icons/Items/Weapons/No_bg/06_One_Handed_Axe_nobg.png using Guid(d69b3d2126ca599449d43b95df828fb2) Importer(815301076,1909f56bfc062723c751e8b465ee728b)  -> (artifact id: '85d56d4ad7c438394bc4e6f654001596') in 0.048962 seconds
Number of updated asset objects reloaded before import = 0
Number of asset objects unloaded after import = 3
========================================================================
Received Import Request.
  Time since last request: 0.041969 seconds.
  path: Assets/05.Images/UI/Basic_RPG_Icons/Items/Armor/Epic/Nobg/06_cloth_pants_E_nobg.png
  artifactKey: Guid(c3dbdee0ce8cf8948a9c29068bf93e51) Importer(815301076,1909f56bfc062723c751e8b465ee728b)
Start importing Assets/05.Images/UI/Basic_RPG_Icons/Items/Armor/Epic/Nobg/06_cloth_pants_E_nobg.png using Guid(c3dbdee0ce8cf8948a9c29068bf93e51) Importer(815301076,1909f56bfc062723c751e8b465ee728b)  -> (artifact id: '8c5ec81ef64d43a83288f9202058a091') in 0.023123 seconds
Number of updated asset objects reloaded before import = 0
Number of asset objects unloaded after import = 3
========================================================================
Received Import Request.
  Time since last request: 0.000025 seconds.
  path: Assets/Resources/Items/Armor/06_leather_pants.png
  artifactKey: Guid(2552effb80f1d31429b3babe631fa241) Importer(815301076,1909f56bfc062723c751e8b465ee728b)
Start importing Assets/Resources/Items/Armor/06_leather_pants.png using Guid(2552effb80f1d31429b3babe631fa241) Importer(815301076,1909f56bfc062723c751e8b465ee728b)  -> (artifact id: 'e796c5a9b5b640fd702572146aad2555') in 0.037672 seconds
Number of updated asset objects reloaded before import = 0
Number of asset objects unloaded after import = 3
========================================================================
Received Import Request.
  Time since last request: 0.082677 seconds.
  path: Assets/05.Images/UI/SimpleKeys/Jumbo/Light/Single PNGs/6.png
  artifactKey: Guid(026cc2ce8164011439d7729b0bf80346) Importer(815301076,1909f56bfc062723c751e8b465ee728b)
Start importing Assets/05.Images/UI/SimpleKeys/Jumbo/Light/Single PNGs/6.png using Guid(026cc2ce8164011439d7729b0bf80346) Importer(815301076,1909f56bfc062723c751e8b465ee728b)  -> (artifact id: '20a813e6a45690927d6120660f37c488') in 0.016720 seconds
Number of updated asset objects reloaded before import = 0
Number of asset objects unloaded after import = 3
========================================================================
Received Import Request.
  Time since last request: 1.441322 seconds.
  path: Assets/05.Images/UI/Basic_RPG_Icons/Items/Armor/Epic/05_plate_boots_E.png
  artifactKey: Guid(1b932e329d2e122489394506ac8a777b) Importer(815301076,1909f56bfc062723c751e8b465ee728b)
Start importing Assets/05.Images/UI/Basic_RPG_Icons/Items/Armor/Epic/05_plate_boots_E.png using Guid(1b932e329d2e122489394506ac8a777b) Importer(815301076,1909f56bfc062723c751e8b465ee728b)  -> (artifact id: '82400fc42e2253a96ae832064743e60d') in 0.020072 seconds
Number of updated asset objects reloaded before import = 0
Number of asset objects unloaded after import = 3
========================================================================
Received Import Request.
  Time since last request: 0.006216 seconds.
  path: Assets/05.Images/UI/Basic_RPG_Icons/Items/Resources/Nobg/05_red_flower_nobg.png
  artifactKey: Guid(707545fb132aed646bdaf12831b9aaf5) Importer(815301076,1909f56bfc062723c751e8b465ee728b)
Start importing Assets/05.Images/UI/Basic_RPG_Icons/Items/Resources/Nobg/05_red_flower_nobg.png using Guid(707545fb132aed646bdaf12831b9aaf5) Importer(815301076,1909f56bfc062723c751e8b465ee728b)  -> (artifact id: '95753ba7c991562f33699cd9047e49ee') in 0.025745 seconds
Number of updated asset objects reloaded before import = 0
Number of asset objects unloaded after import = 3
========================================================================
Received Import Request.
  Time since last request: 0.002862 seconds.
  path: Assets/05.Images/UI/Basic_RPG_Icons/Items/Armor/Common/05_leather_boots.png
  artifactKey: Guid(dc32764b6d7615c408f2d50d6c532c9f) Importer(815301076,1909f56bfc062723c751e8b465ee728b)
Start importing Assets/05.Images/UI/Basic_RPG_Icons/Items/Armor/Common/05_leather_boots.png using Guid(dc32764b6d7615c408f2d50d6c532c9f) Importer(815301076,1909f56bfc062723c751e8b465ee728b)  -> (artifact id: 'b697c5c31e8282dce545602df37b6c26') in 0.039719 seconds
Number of updated asset objects reloaded before import = 0
Number of asset objects unloaded after import = 3
========================================================================
Received Import Request.
  Time since last request: 0.017280 seconds.
  path: Assets/05.Images/UI/Basic_RPG_Icons/Items/Armor/Epic/Nobg/05_cloth_boots_E_nobg.png
  artifactKey: Guid(86d0020fc2f114f4ab9fa1d5a5a34c6a) Importer(815301076,1909f56bfc062723c751e8b465ee728b)
Start importing Assets/05.Images/UI/Basic_RPG_Icons/Items/Armor/Epic/Nobg/05_cloth_boots_E_nobg.png using Guid(86d0020fc2f114f4ab9fa1d5a5a34c6a) Importer(815301076,1909f56bfc062723c751e8b465ee728b)  -> (artifact id: '904056c7ca05665df2194610eec01ffc') in 0.018865 seconds
Number of updated asset objects reloaded before import = 0
Number of asset objects unloaded after import = 3
========================================================================
Received Import Request.
  Time since last request: 0.001969 seconds.
  path: Assets/05.Images/UI/Basic_RPG_Icons/Skills/No_bg/05_Ice_shards_nobg.png
  artifactKey: Guid(3defc2a84ba699f47a176a36e891bc67) Importer(815301076,1909f56bfc062723c751e8b465ee728b)
Start importing Assets/05.Images/UI/Basic_RPG_Icons/Skills/No_bg/05_Ice_shards_nobg.png using Guid(3defc2a84ba699f47a176a36e891bc67) Importer(815301076,1909f56bfc062723c751e8b465ee728b)  -> (artifact id: 'a1604356cf76a64e70d44ef070b9a597') in 0.024787 seconds
Number of updated asset objects reloaded before import = 0
Number of asset objects unloaded after import = 3
========================================================================
Received Import Request.
  Time since last request: 0.433154 seconds.
  path: Assets/05.Images/UI/Basic_RPG_Icons/Items/Armor/Epic/04_plate_gloves_E.png
  artifactKey: Guid(86ecd0e7d75363342a60b7e042cff71a) Importer(815301076,1909f56bfc062723c751e8b465ee728b)
Start importing Assets/05.Images/UI/Basic_RPG_Icons/Items/Armor/Epic/04_plate_gloves_E.png using Guid(86ecd0e7d75363342a60b7e042cff71a) Importer(815301076,1909f56bfc062723c751e8b465ee728b)  -> (artifact id: '976114b1f191f2548f960bb0a636f74e') in 0.021603 seconds
Number of updated asset objects reloaded before import = 0
Number of asset objects unloaded after import = 3
========================================================================
Received Import Request.
  Time since last request: 0.005067 seconds.
  path: Assets/05.Images/UI/Basic_RPG_Icons/Items/Armor/Common/05_cloth_boots.png
  artifactKey: Guid(82b831ca1454a79439d5542f8ba22351) Importer(815301076,1909f56bfc062723c751e8b465ee728b)
Start importing Assets/05.Images/UI/Basic_RPG_Icons/Items/Armor/Common/05_cloth_boots.png using Guid(82b831ca1454a79439d5542f8ba22351) Importer(815301076,1909f56bfc062723c751e8b465ee728b)  -> (artifact id: 'da3186aa171522339297c9a82468a752') in 0.036541 seconds
Number of updated asset objects reloaded before import = 0
Number of asset objects unloaded after import = 3
========================================================================
Received Import Request.
  Time since last request: 0.032348 seconds.
  path: Assets/05.Images/UI/Basic_RPG_Icons/Items/Armor/Epic/Nobg/04_leather_gloves_E_nobg.png
  artifactKey: Guid(8cb3d9c163d2e8b4695d0207b58ce606) Importer(815301076,1909f56bfc062723c751e8b465ee728b)
Start importing Assets/05.Images/UI/Basic_RPG_Icons/Items/Armor/Epic/Nobg/04_leather_gloves_E_nobg.png using Guid(8cb3d9c163d2e8b4695d0207b58ce606) Importer(815301076,1909f56bfc062723c751e8b465ee728b)  -> (artifact id: '9023be697fe1170467dfe9811f468907') in 0.022365 seconds
Number of updated asset objects reloaded before import = 0
Number of asset objects unloaded after import = 3
========================================================================
Received Import Request.
  Time since last request: 0.070927 seconds.
  path: Assets/05.Images/UI/Basic_RPG_Icons/Skills/No_bg/04_Ice_Nova_nobg.png
  artifactKey: Guid(de629debbb984994daa432462e6cd525) Importer(815301076,1909f56bfc062723c751e8b465ee728b)
Start importing Assets/05.Images/UI/Basic_RPG_Icons/Skills/No_bg/04_Ice_Nova_nobg.png using Guid(de629debbb984994daa432462e6cd525) Importer(815301076,1909f56bfc062723c751e8b465ee728b)  -> (artifact id: '707dfc0f77bc940c85b82035efbf82f8') in 0.024972 seconds
Number of updated asset objects reloaded before import = 0
Number of asset objects unloaded after import = 3
========================================================================
Received Import Request.
  Time since last request: 0.000032 seconds.
  path: Assets/Resources/Items/Armor/04_leather_gloves.png
  artifactKey: Guid(9294d24b1e265ab46aa84fe5e7ecbd8f) Importer(815301076,1909f56bfc062723c751e8b465ee728b)
Start importing Assets/Resources/Items/Armor/04_leather_gloves.png using Guid(9294d24b1e265ab46aa84fe5e7ecbd8f) Importer(815301076,1909f56bfc062723c751e8b465ee728b)  -> (artifact id: '7db12c4831f010ed38556e93d1efeeef') in 0.030551 seconds
Number of updated asset objects reloaded before import = 0
Number of asset objects unloaded after import = 3
========================================================================
Received Import Request.
  Time since last request: 0.037422 seconds.
  path: Assets/05.Images/UI/Basic_RPG_Icons/Items/Armor/Common/04_cloth_gloves.png
  artifactKey: Guid(c49db764686ae57449a25be7397a31d1) Importer(815301076,1909f56bfc062723c751e8b465ee728b)
Start importing Assets/05.Images/UI/Basic_RPG_Icons/Items/Armor/Common/04_cloth_gloves.png using Guid(c49db764686ae57449a25be7397a31d1) Importer(815301076,1909f56bfc062723c751e8b465ee728b)  -> (artifact id: '87736af3a11533a96dd5cc5e2ff346da') in 0.020484 seconds
Number of updated asset objects reloaded before import = 0
Number of asset objects unloaded after import = 3
========================================================================
Received Import Request.
  Time since last request: 0.001689 seconds.
  path: Assets/05.Images/UI/Basic_RPG_Icons/Items/Armor/Common/Nobg/04_cloth_gloves_nobg.png
  artifactKey: Guid(266c6672eaea23248813e9fd4517aa5f) Importer(815301076,1909f56bfc062723c751e8b465ee728b)
Start importing Assets/05.Images/UI/Basic_RPG_Icons/Items/Armor/Common/Nobg/04_cloth_gloves_nobg.png using Guid(266c6672eaea23248813e9fd4517aa5f) Importer(815301076,1909f56bfc062723c751e8b465ee728b)  -> (artifact id: 'f322c518c246871aff4611ff7f93d30f') in 0.023564 seconds
Number of updated asset objects reloaded before import = 0
Number of asset objects unloaded after import = 3
========================================================================
Received Import Request.
  Time since last request: 3.946047 seconds.
  path: Assets/Resources/Items/Armor/03_plate_helm.png
  artifactKey: Guid(d023e53146ee9ed42b290894c0563267) Importer(815301076,1909f56bfc062723c751e8b465ee728b)
Start importing Assets/Resources/Items/Armor/03_plate_helm.png using Guid(d023e53146ee9ed42b290894c0563267) Importer(815301076,1909f56bfc062723c751e8b465ee728b)  -> (artifact id: '28f40fa7ffd22bf028e7c55f42f7ce66') in 0.021902 seconds
Number of updated asset objects reloaded before import = 0
Number of asset objects unloaded after import = 3
========================================================================
Received Import Request.
  Time since last request: 0.000023 seconds.
  path: Assets/05.Images/UI/Basic_RPG_Icons/Items/Armor/Epic/Nobg/03_plate_helm_E_nobg.png
  artifactKey: Guid(5c43a34aaf5811442a3197d0b97a3940) Importer(815301076,1909f56bfc062723c751e8b465ee728b)
Start importing Assets/05.Images/UI/Basic_RPG_Icons/Items/Armor/Epic/Nobg/03_plate_helm_E_nobg.png using Guid(5c43a34aaf5811442a3197d0b97a3940) Importer(815301076,1909f56bfc062723c751e8b465ee728b)  -> (artifact id: '25897d46cbfd5eb03079a944aaf98946') in 0.080016 seconds
Number of updated asset objects reloaded before import = 0
Number of asset objects unloaded after import = 3
========================================================================
Received Import Request.
  Time since last request: 0.026775 seconds.
  path: Assets/05.Images/UI/Basic_RPG_Icons/Items/Weapons/No_bg/03_Greataxe_nobg.png
  artifactKey: Guid(6a20f4dbf06be284e860c0bf6799923a) Importer(815301076,1909f56bfc062723c751e8b465ee728b)
Start importing Assets/05.Images/UI/Basic_RPG_Icons/Items/Weapons/No_bg/03_Greataxe_nobg.png using Guid(6a20f4dbf06be284e860c0bf6799923a) Importer(815301076,1909f56bfc062723c751e8b465ee728b)  -> (artifact id: '05dcddcf34447667cf0b143c30e73653') in 0.020896 seconds
Number of updated asset objects reloaded before import = 0
Number of asset objects unloaded after import = 3
========================================================================
Received Import Request.
  Time since last request: 0.000023 seconds.
  path: Assets/05.Images/UI/Basic_RPG_Icons/Items/Armor/Epic/Nobg/03_Leather_helm_E_nobg.png
  artifactKey: Guid(fd203893f058f084ab23e6e7170fb587) Importer(815301076,1909f56bfc062723c751e8b465ee728b)
Start importing Assets/05.Images/UI/Basic_RPG_Icons/Items/Armor/Epic/Nobg/03_Leather_helm_E_nobg.png using Guid(fd203893f058f084ab23e6e7170fb587) Importer(815301076,1909f56bfc062723c751e8b465ee728b)  -> (artifact id: 'bc5e71acd842172e5654a7d428288bea') in 0.029062 seconds
Number of updated asset objects reloaded before import = 0
Number of asset objects unloaded after import = 3
========================================================================
Received Import Request.
  Time since last request: 0.320934 seconds.
  path: Assets/05.Images/UI/Basic_RPG_Icons/Items/Armor/Common/Nobg/03_Cloth_helm_nobg.png
  artifactKey: Guid(1e16518344dcc984a819375fb6a17d71) Importer(815301076,1909f56bfc062723c751e8b465ee728b)
Start importing Assets/05.Images/UI/Basic_RPG_Icons/Items/Armor/Common/Nobg/03_Cloth_helm_nobg.png using Guid(1e16518344dcc984a819375fb6a17d71) Importer(815301076,1909f56bfc062723c751e8b465ee728b)  -> (artifact id: '0b65b183970fe04671fcc56a07e43399') in 0.019920 seconds
Number of updated asset objects reloaded before import = 0
Number of asset objects unloaded after import = 3
========================================================================
Received Import Request.
  Time since last request: 0.001856 seconds.
  path: Assets/05.Images/UI/Basic_RPG_Icons/Skills/03_Fire_rain.png
  artifactKey: Guid(0d852f5493cecf94a90183f3f83ce947) Importer(815301076,1909f56bfc062723c751e8b465ee728b)
Start importing Assets/05.Images/UI/Basic_RPG_Icons/Skills/03_Fire_rain.png using Guid(0d852f5493cecf94a90183f3f83ce947) Importer(815301076,1909f56bfc062723c751e8b465ee728b)  -> (artifact id: 'd13530becc5b432f33b68494d2184f5f') in 0.022394 seconds
Number of updated asset objects reloaded before import = 0
Number of asset objects unloaded after import = 3
========================================================================
Received Import Request.
  Time since last request: 0.101523 seconds.
  path: Assets/05.Images/UI/Basic_RPG_Icons/Items/Weapons/No_bg/02_Sword_nobg.png
  artifactKey: Guid(009d4fc67f3ecc341a5229c548eea9a0) Importer(815301076,1909f56bfc062723c751e8b465ee728b)
Start importing Assets/05.Images/UI/Basic_RPG_Icons/Items/Weapons/No_bg/02_Sword_nobg.png using Guid(009d4fc67f3ecc341a5229c548eea9a0) Importer(815301076,1909f56bfc062723c751e8b465ee728b)  -> (artifact id: '431d243b4bed9282ed942fb51b05b8e3') in 0.021454 seconds
Number of updated asset objects reloaded before import = 0
Number of asset objects unloaded after import = 3
========================================================================
Received Import Request.
  Time since last request: 0.000021 seconds.
  path: Assets/05.Images/UI/Basic_RPG_Icons/Items/Armor/Epic/03_Cloth_helm_E.png
  artifactKey: Guid(1ff18920df7230a4dbc8e9e75c4ed7e5) Importer(815301076,1909f56bfc062723c751e8b465ee728b)
Start importing Assets/05.Images/UI/Basic_RPG_Icons/Items/Armor/Epic/03_Cloth_helm_E.png using Guid(1ff18920df7230a4dbc8e9e75c4ed7e5) Importer(815301076,1909f56bfc062723c751e8b465ee728b)  -> (artifact id: '75fa6b5f424a170cfe88fa779c466d00') in 0.025893 seconds
Number of updated asset objects reloaded before import = 0
Number of asset objects unloaded after import = 3
========================================================================
Received Import Request.
  Time since last request: 0.147440 seconds.
  path: Assets/05.Images/UI/Basic_RPG_Icons/Items/Armor/Common/02_plate_shoulder.png
  artifactKey: Guid(3f273b2bc731f014ca35add54b0b75c8) Importer(815301076,1909f56bfc062723c751e8b465ee728b)
Start importing Assets/05.Images/UI/Basic_RPG_Icons/Items/Armor/Common/02_plate_shoulder.png using Guid(3f273b2bc731f014ca35add54b0b75c8) Importer(815301076,1909f56bfc062723c751e8b465ee728b)  -> (artifact id: '39aa8330cc39d96a690e1459ef28cc31') in 0.019477 seconds
Number of updated asset objects reloaded before import = 0
Number of asset objects unloaded after import = 3
========================================================================
Received Import Request.
  Time since last request: 0.000025 seconds.
  path: Assets/05.Images/UI/Basic_RPG_Icons/Items/Armor/Epic/Nobg/02_plate_shoulder_E_nobg.png
  artifactKey: Guid(bec33fe702530764caf659d6b665be28) Importer(815301076,1909f56bfc062723c751e8b465ee728b)
Start importing Assets/05.Images/UI/Basic_RPG_Icons/Items/Armor/Epic/Nobg/02_plate_shoulder_E_nobg.png using Guid(bec33fe702530764caf659d6b665be28) Importer(815301076,1909f56bfc062723c751e8b465ee728b)  -> (artifact id: 'aba76b0b3bdd8fde2f6760433943ac86') in 0.021828 seconds
Number of updated asset objects reloaded before import = 0
Number of asset objects unloaded after import = 3
========================================================================
Received Import Request.
  Time since last request: 1.005303 seconds.
  path: Assets/05.Images/UI/Basic_RPG_Icons/Items/Armor/Common/Nobg/02_Leather_cloak_nobg.png
  artifactKey: Guid(ddec27237ca81ec4888b1c38ab09ba9c) Importer(815301076,1909f56bfc062723c751e8b465ee728b)
Start importing Assets/05.Images/UI/Basic_RPG_Icons/Items/Armor/Common/Nobg/02_Leather_cloak_nobg.png using Guid(ddec27237ca81ec4888b1c38ab09ba9c) Importer(815301076,1909f56bfc062723c751e8b465ee728b)  -> (artifact id: 'f0612ca24b28482bb747ac6974461a29') in 0.019806 seconds
Number of updated asset objects reloaded before import = 0
Number of asset objects unloaded after import = 3
========================================================================
Received Import Request.
  Time since last request: 0.001973 seconds.
  path: Assets/05.Images/UI/Basic_RPG_Icons/Items/Armor/Epic/Nobg/02_plate_cloak_E_nobg.png
  artifactKey: Guid(e399808bbd371d04bbf5c1cca82e00fc) Importer(815301076,1909f56bfc062723c751e8b465ee728b)
Start importing Assets/05.Images/UI/Basic_RPG_Icons/Items/Armor/Epic/Nobg/02_plate_cloak_E_nobg.png using Guid(e399808bbd371d04bbf5c1cca82e00fc) Importer(815301076,1909f56bfc062723c751e8b465ee728b)  -> (artifact id: '1c9bcbe82150cc746e7adeedd30317e8') in 0.024497 seconds
Number of updated asset objects reloaded before import = 0
Number of asset objects unloaded after import = 3
========================================================================
Received Import Request.
  Time since last request: 0.080333 seconds.
  path: Assets/05.Images/UI/Basic_RPG_Icons/Items/Resources/02_Iron_Ore.png
  artifactKey: Guid(ca6299f192d72b047a99c160e51a72d0) Importer(815301076,1909f56bfc062723c751e8b465ee728b)
Start importing Assets/05.Images/UI/Basic_RPG_Icons/Items/Resources/02_Iron_Ore.png using Guid(ca6299f192d72b047a99c160e51a72d0) Importer(815301076,1909f56bfc062723c751e8b465ee728b)  -> (artifact id: '9af91d618fe47c9e04b16eb8c1c61a9b') in 0.022794 seconds
Number of updated asset objects reloaded before import = 0
Number of asset objects unloaded after import = 3
========================================================================
Received Import Request.
  Time since last request: 0.000025 seconds.
  path: Assets/05.Images/UI/Basic_RPG_Icons/Items/Armor/Epic/02_leather_cloak_E.png
  artifactKey: Guid(465a559bdfa55bd4daa55ba2dccc5240) Importer(815301076,1909f56bfc062723c751e8b465ee728b)
Start importing Assets/05.Images/UI/Basic_RPG_Icons/Items/Armor/Epic/02_leather_cloak_E.png using Guid(465a559bdfa55bd4daa55ba2dccc5240) Importer(815301076,1909f56bfc062723c751e8b465ee728b)  -> (artifact id: 'f1a05da8bc03dddd00cdb797a71822dd') in 0.022985 seconds
Number of updated asset objects reloaded before import = 0
Number of asset objects unloaded after import = 3
========================================================================
Received Import Request.
  Time since last request: 0.200778 seconds.
  path: Assets/05.Images/UI/Basic_RPG_Icons/Items/Armor/Common/02_Cloth_cloak.png
  artifactKey: Guid(d8562397fd7dd16489c1aa65ecd5e66d) Importer(815301076,1909f56bfc062723c751e8b465ee728b)
Start importing Assets/05.Images/UI/Basic_RPG_Icons/Items/Armor/Common/02_Cloth_cloak.png using Guid(d8562397fd7dd16489c1aa65ecd5e66d) Importer(815301076,1909f56bfc062723c751e8b465ee728b)  -> (artifact id: '1cc44e98a65598bbad914c917fffde3e') in 0.019738 seconds
Number of updated asset objects reloaded before import = 0
Number of asset objects unloaded after import = 3
========================================================================
Received Import Request.
  Time since last request: 0.000023 seconds.
  path: Assets/05.Images/UI/Basic_RPG_Icons/Skills/02_Fire.png
  artifactKey: Guid(9725fb87facc42a4984598500f76e0fb) Importer(815301076,1909f56bfc062723c751e8b465ee728b)
Start importing Assets/05.Images/UI/Basic_RPG_Icons/Skills/02_Fire.png using Guid(9725fb87facc42a4984598500f76e0fb) Importer(815301076,1909f56bfc062723c751e8b465ee728b)  -> (artifact id: 'af6b708c299a0d61edc156d5c64fb4c2') in 0.026095 seconds
Number of updated asset objects reloaded before import = 0
Number of asset objects unloaded after import = 3
========================================================================
Received Import Request.
  Time since last request: 0.531156 seconds.
  path: Assets/05.Images/UI/Basic_RPG_Icons/Items/Armor/Common/Nobg/01_plate_chest_nobg.png
  artifactKey: Guid(c9d48411a39cdc9429fca1da96828e34) Importer(815301076,1909f56bfc062723c751e8b465ee728b)
Start importing Assets/05.Images/UI/Basic_RPG_Icons/Items/Armor/Common/Nobg/01_plate_chest_nobg.png using Guid(c9d48411a39cdc9429fca1da96828e34) Importer(815301076,1909f56bfc062723c751e8b465ee728b)  -> (artifact id: '969393a3a5af191d57b6c9a33992c550') in 0.024608 seconds
Number of updated asset objects reloaded before import = 0
Number of asset objects unloaded after import = 3
========================================================================
Received Import Request.
  Time since last request: 0.080529 seconds.
  path: Assets/05.Images/UI/Fantasy Wooden GUI  Free/normal_ui_set A/1_normal_ui_set-free.png
  artifactKey: Guid(f3e42cb7317f6f14186e2c2267014de2) Importer(815301076,1909f56bfc062723c751e8b465ee728b)
Start importing Assets/05.Images/UI/Fantasy Wooden GUI  Free/normal_ui_set A/1_normal_ui_set-free.png using Guid(f3e42cb7317f6f14186e2c2267014de2) Importer(815301076,1909f56bfc062723c751e8b465ee728b)  -> (artifact id: '07d411fa13be787e5771f8ba2b5b39f0') in 0.042421 seconds
Number of updated asset objects reloaded before import = 0
Number of asset objects unloaded after import = 3
========================================================================
Received Import Request.
  Time since last request: 1.768857 seconds.
  path: Assets/Resources/Items/Armor/01_Leather_chest.png
  artifactKey: Guid(5c7a76ba2c58c8c4886ddac759dd485d) Importer(815301076,1909f56bfc062723c751e8b465ee728b)
Start importing Assets/Resources/Items/Armor/01_Leather_chest.png using Guid(5c7a76ba2c58c8c4886ddac759dd485d) Importer(815301076,1909f56bfc062723c751e8b465ee728b)  -> (artifact id: 'be40d1edb4e0739daf2d2d92dfdbb955') in 0.046572 seconds
Number of updated asset objects reloaded before import = 0
Number of asset objects unloaded after import = 3
========================================================================
Received Import Request.
  Time since last request: 0.040740 seconds.
  path: Assets/05.Images/UI/Basic_RPG_Icons/Items/Armor/Epic/Nobg/01_cloth_chest_E_nobg.png
  artifactKey: Guid(8b44c1c64aeb7184cae04c8850adea85) Importer(815301076,1909f56bfc062723c751e8b465ee728b)
Start importing Assets/05.Images/UI/Basic_RPG_Icons/Items/Armor/Epic/Nobg/01_cloth_chest_E_nobg.png using Guid(8b44c1c64aeb7184cae04c8850adea85) Importer(815301076,1909f56bfc062723c751e8b465ee728b)  -> (artifact id: 'd525c3f3435b41efb2be6b406940ea1e') in 0.020155 seconds
Number of updated asset objects reloaded before import = 0
Number of asset objects unloaded after import = 3
========================================================================
Received Import Request.
  Time since last request: 0.000021 seconds.
  path: Assets/05.Images/UI/Basic_RPG_Icons/Skills/01_Fireball.png
  artifactKey: Guid(9f69b220176e6964fbd87f5f158d45e3) Importer(815301076,1909f56bfc062723c751e8b465ee728b)
Start importing Assets/05.Images/UI/Basic_RPG_Icons/Skills/01_Fireball.png using Guid(9f69b220176e6964fbd87f5f158d45e3) Importer(815301076,1909f56bfc062723c751e8b465ee728b)  -> (artifact id: 'c3ba10bcd1e3ac7dd21327f99a2406ac') in 0.040034 seconds
Number of updated asset objects reloaded before import = 0
Number of asset objects unloaded after import = 3
========================================================================
Received Import Request.
  Time since last request: 0.059554 seconds.
  path: Assets/05.Images/UI/Basic_RPG_Icons/Items/Weapons/01_Bow.png
  artifactKey: Guid(fb1e48043961d8f44948225f539a83bb) Importer(815301076,1909f56bfc062723c751e8b465ee728b)
Start importing Assets/05.Images/UI/Basic_RPG_Icons/Items/Weapons/01_Bow.png using Guid(fb1e48043961d8f44948225f539a83bb) Importer(815301076,1909f56bfc062723c751e8b465ee728b)  -> (artifact id: '0d04aa4f5f1f4d2648946b323ef1b948') in 0.020857 seconds
Number of updated asset objects reloaded before import = 0
Number of asset objects unloaded after import = 3
========================================================================
Received Import Request.
  Time since last request: 0.092720 seconds.
  path: Assets/05.Images/UI/SimpleKeys/Jumbo/Light/Spritesheets/0.png
  artifactKey: Guid(1e77865c1e27da24ea711fc8c45b5d7e) Importer(815301076,1909f56bfc062723c751e8b465ee728b)
Start importing Assets/05.Images/UI/SimpleKeys/Jumbo/Light/Spritesheets/0.png using Guid(1e77865c1e27da24ea711fc8c45b5d7e) Importer(815301076,1909f56bfc062723c751e8b465ee728b)  -> (artifact id: 'c69776bb3661ec99981ba77e2898e1f3') in 0.025547 seconds
Number of updated asset objects reloaded before import = 0
Number of asset objects unloaded after import = 5
========================================================================
Received Import Request.
  Time since last request: 221.892675 seconds.
  path: Assets/05.Images/UI
  artifactKey: Guid(236675fab97e0b046b87f962c78d16d3) Importer(815301076,1909f56bfc062723c751e8b465ee728b)
Start importing Assets/05.Images/UI using Guid(236675fab97e0b046b87f962c78d16d3) Importer(815301076,1909f56bfc062723c751e8b465ee728b)  -> (artifact id: '8aae24f659787bf0bccd849290990162') in 0.002555 seconds
Number of updated asset objects reloaded before import = 0
Number of asset objects unloaded after import = 0
========================================================================
Received Import Request.
  Time since last request: 6.141251 seconds.
  path: Assets/05.Images/MainUI
  artifactKey: Guid(236675fab97e0b046b87f962c78d16d3) Importer(815301076,1909f56bfc062723c751e8b465ee728b)
Start importing Assets/05.Images/MainUI using Guid(236675fab97e0b046b87f962c78d16d3) Importer(815301076,1909f56bfc062723c751e8b465ee728b)  -> (artifact id: 'fd28ca2cb0cf2829f41fb8661eefe199') in 0.000552 seconds
Number of updated asset objects reloaded before import = 0
Number of asset objects unloaded after import = 0
========================================================================
Received Import Request.
  Time since last request: 4.515658 seconds.
  path: Assets/05.Images/Mobile_UI
  artifactKey: Guid(902ad69f8d9b02945b2e7766704f9839) Importer(815301076,1909f56bfc062723c751e8b465ee728b)
Start importing Assets/05.Images/Mobile_UI using Guid(902ad69f8d9b02945b2e7766704f9839) Importer(815301076,1909f56bfc062723c751e8b465ee728b)  -> (artifact id: 'da927f0d6144cda92112411bab4e19db') in 0.000564 seconds
Number of updated asset objects reloaded before import = 0
Number of asset objects unloaded after import = 0
