Using pre-set license
Built from '2022.3/staging' branch; Version is '2022.3.15f1 (b58023a2b463) revision 11894819'; Using compiler version '192829333'; Build Type 'Release'
OS: 'Windows 11  (10.0.26100) 64bit Education' Language: 'ko' Physical Memory: 16236 MB
BatchMode: 1, IsHumanControllingUs: 0, StartBugReporterOnCrash: 0, Is64bit: 1, IsPro: 1

COMMAND LINE ARGUMENTS:
C:\Program Files\Unity\Hub\Editor\2022.3.15f1\Editor\Unity.exe
-adb2
-batchMode
-noUpm
-name
AssetImportWorker6
-projectPath
C:/Users/leeyeonjun/Desktop/unityproject/Backup/3D_Rpg/Path-of-the-Legacy
-logFile
Logs/AssetImportWorker6.log
-srvPort
58932
Successfully changed project path to: C:/Users/leeyeonjun/Desktop/unityproject/Backup/3D_Rpg/Path-of-the-Legacy
C:/Users/leeyeonjun/Desktop/unityproject/Backup/3D_Rpg/Path-of-the-Legacy
[UnityMemory] Configuration Parameters - Can be set up in boot.config
    "memorysetup-bucket-allocator-granularity=16"
    "memorysetup-bucket-allocator-bucket-count=8"
    "memorysetup-bucket-allocator-block-size=33554432"
    "memorysetup-bucket-allocator-block-count=8"
    "memorysetup-main-allocator-block-size=16777216"
    "memorysetup-thread-allocator-block-size=16777216"
    "memorysetup-gfx-main-allocator-block-size=16777216"
    "memorysetup-gfx-thread-allocator-block-size=16777216"
    "memorysetup-cache-allocator-block-size=4194304"
    "memorysetup-typetree-allocator-block-size=2097152"
    "memorysetup-profiler-bucket-allocator-granularity=16"
    "memorysetup-profiler-bucket-allocator-bucket-count=8"
    "memorysetup-profiler-bucket-allocator-block-size=33554432"
    "memorysetup-profiler-bucket-allocator-block-count=8"
    "memorysetup-profiler-allocator-block-size=16777216"
    "memorysetup-profiler-editor-allocator-block-size=1048576"
    "memorysetup-temp-allocator-size-main=16777216"
    "memorysetup-job-temp-allocator-block-size=2097152"
    "memorysetup-job-temp-allocator-block-size-background=1048576"
    "memorysetup-job-temp-allocator-reduction-small-platforms=262144"
    "memorysetup-allocator-temp-initial-block-size-main=262144"
    "memorysetup-allocator-temp-initial-block-size-worker=262144"
    "memorysetup-temp-allocator-size-background-worker=32768"
    "memorysetup-temp-allocator-size-job-worker=262144"
    "memorysetup-temp-allocator-size-preload-manager=33554432"
    "memorysetup-temp-allocator-size-nav-mesh-worker=65536"
    "memorysetup-temp-allocator-size-audio-worker=65536"
    "memorysetup-temp-allocator-size-cloud-worker=32768"
    "memorysetup-temp-allocator-size-gi-baking-worker=262144"
    "memorysetup-temp-allocator-size-gfx=262144"
Player connection [6508] Host "[IP] 211.206.242.112 [Port] 0 [Flags] 2 [Guid] 1011749888 [EditorId] 1011749888 [Version] 1048832 [Id] WindowsEditor(7,DESKTOP-41TLBQ1) [Debug] 1 [PackageName] WindowsEditor [ProjectName] Editor" joined multi-casting on [225.0.0.222:54997]...

Player connection [6508] Host "[IP] 211.206.242.112 [Port] 0 [Flags] 2 [Guid] 1011749888 [EditorId] 1011749888 [Version] 1048832 [Id] WindowsEditor(7,DESKTOP-41TLBQ1) [Debug] 1 [PackageName] WindowsEditor [ProjectName] Editor" joined alternative multi-casting on [225.0.0.222:34997]...

[Physics::Module] Initialized MultithreadedJobDispatcher with 15 workers.
Refreshing native plugins compatible for Editor in 12.66 ms, found 4 plugins.
Preloading 0 native plugins for Editor in 0.00 ms.
Initialize engine version: 2022.3.15f1 (b58023a2b463)
[Subsystems] Discovering subsystems at path C:/Program Files/Unity/Hub/Editor/2022.3.15f1/Editor/Data/Resources/UnitySubsystems
[Subsystems] Discovering subsystems at path C:/Users/leeyeonjun/Desktop/unityproject/Backup/3D_Rpg/Path-of-the-Legacy/Assets
GfxDevice: creating device client; threaded=0; jobified=0
Direct3D:
    Version:  Direct3D 11.0 [level 11.1]
    Renderer: NVIDIA GeForce RTX 3060 Laptop GPU (ID=0x2560)
    Vendor:   NVIDIA
    VRAM:     5996 MB
    Driver:   32.0.15.7216
Initialize mono
Mono path[0] = 'C:/Program Files/Unity/Hub/Editor/2022.3.15f1/Editor/Data/Managed'
Mono path[1] = 'C:/Program Files/Unity/Hub/Editor/2022.3.15f1/Editor/Data/MonoBleedingEdge/lib/mono/unityjit-win32'
Mono config path = 'C:/Program Files/Unity/Hub/Editor/2022.3.15f1/Editor/Data/MonoBleedingEdge/etc'
Using monoOptions --debugger-agent=transport=dt_socket,embedding=1,server=y,suspend=n,address=127.0.0.1:56288
Begin MonoManager ReloadAssembly
Registering precompiled unity dll's ...
Register platform support module: C:/Program Files/Unity/Hub/Editor/2022.3.15f1/Editor/Data/PlaybackEngines/WindowsStandaloneSupport/UnityEditor.WindowsStandalone.Extensions.dll
Registered in 0.008298 seconds.
- Loaded All Assemblies, in  0.353 seconds
Native extension for WindowsStandalone target not found
Mono: successfully reloaded assembly
- Finished resetting the current domain, in  0.293 seconds
Domain Reload Profiling: 645ms
	BeginReloadAssembly (105ms)
		ExecutionOrderSort (0ms)
		DisableScriptedObjects (0ms)
		BackupInstance (0ms)
		ReleaseScriptingObjects (0ms)
		CreateAndSetChildDomain (1ms)
	RebuildCommonClasses (32ms)
	RebuildNativeTypeToScriptingClass (12ms)
	initialDomainReloadingComplete (67ms)
	LoadAllAssembliesAndSetupDomain (135ms)
		LoadAssemblies (103ms)
		RebuildTransferFunctionScriptingTraits (0ms)
		AnalyzeDomain (134ms)
			TypeCache.Refresh (132ms)
				TypeCache.ScanAssembly (120ms)
			ScanForSourceGeneratedMonoScriptInfo (0ms)
			ResolveRequiredComponents (1ms)
	FinalizeReload (294ms)
		ReleaseScriptCaches (0ms)
		RebuildScriptCaches (0ms)
		SetupLoadedEditorAssemblies (231ms)
			LogAssemblyErrors (0ms)
			InitializePlatformSupportModulesInManaged (9ms)
			SetLoadedEditorAssemblies (9ms)
			RefreshPlugins (0ms)
			BeforeProcessingInitializeOnLoad (2ms)
			ProcessInitializeOnLoadAttributes (161ms)
			ProcessInitializeOnLoadMethodAttributes (50ms)
			AfterProcessingInitializeOnLoad (0ms)
			EditorAssembliesLoaded (0ms)
		ExecutionOrderSort2 (0ms)
		AwakeInstancesAfterBackupRestoration (0ms)
========================================================================
Worker process is ready to serve import requests
Begin MonoManager ReloadAssembly
- Loaded All Assemblies, in  0.675 seconds
Refreshing native plugins compatible for Editor in 5.36 ms, found 4 plugins.
Native extension for WindowsStandalone target not found
Mono: successfully reloaded assembly
- Finished resetting the current domain, in  0.869 seconds
Domain Reload Profiling: 1542ms
	BeginReloadAssembly (161ms)
		ExecutionOrderSort (0ms)
		DisableScriptedObjects (7ms)
		BackupInstance (0ms)
		ReleaseScriptingObjects (0ms)
		CreateAndSetChildDomain (27ms)
	RebuildCommonClasses (29ms)
	RebuildNativeTypeToScriptingClass (8ms)
	initialDomainReloadingComplete (38ms)
	LoadAllAssembliesAndSetupDomain (436ms)
		LoadAssemblies (305ms)
		RebuildTransferFunctionScriptingTraits (0ms)
		AnalyzeDomain (219ms)
			TypeCache.Refresh (189ms)
				TypeCache.ScanAssembly (174ms)
			ScanForSourceGeneratedMonoScriptInfo (23ms)
			ResolveRequiredComponents (6ms)
	FinalizeReload (870ms)
		ReleaseScriptCaches (0ms)
		RebuildScriptCaches (0ms)
		SetupLoadedEditorAssemblies (691ms)
			LogAssemblyErrors (0ms)
			InitializePlatformSupportModulesInManaged (5ms)
			SetLoadedEditorAssemblies (5ms)
			RefreshPlugins (0ms)
			BeforeProcessingInitializeOnLoad (85ms)
			ProcessInitializeOnLoadAttributes (545ms)
			ProcessInitializeOnLoadMethodAttributes (44ms)
			AfterProcessingInitializeOnLoad (6ms)
			EditorAssembliesLoaded (0ms)
		ExecutionOrderSort2 (0ms)
		AwakeInstancesAfterBackupRestoration (7ms)
Launched and connected shader compiler UnityShaderCompiler.exe after 0.05 seconds
Refreshing native plugins compatible for Editor in 10.88 ms, found 4 plugins.
Preloading 0 native plugins for Editor in 0.00 ms.
Unloading 4370 Unused Serialized files (Serialized files now loaded: 0)
Unloading 71 unused Assets / (375.1 KB). Loaded Objects now: 4858.
Memory consumption went from 243.0 MB to 242.7 MB.
Total: 12.543900 ms (FindLiveObjects: 0.918700 ms CreateObjectMapping: 0.328500 ms MarkObjects: 10.481500 ms  DeleteObjects: 0.813700 ms)

AssetImportParameters requested are different than current active one (requested -> active):
  custom:container-demuxer-ogg: 62fdf1f143b41e24485cea50d1cbac27 -> 
  custom:video-decoder-ogg-theora: a1e56fd34408186e4bbccfd4996cb3dc -> 
  custom:framework-win-MediaFoundation: 216162199b28c13a410421893ffa2e32 -> 
  custom:CustomObjectIndexerAttribute: 43b350a4d6e6d1791af0b5038c4bea17 -> 
  custom:container-demuxer-webm: 4f35f7cbe854078d1ac9338744f61a02 -> 
  custom:container-muxer-webm: aa71ff27fc2769a1b78a27578f13a17b -> 
  custom:video-decoder-webm-vp8: 9c59270c3fd7afecdb556c50c9e8de78 -> 
  custom:SearchIndexIgnoredProperties: e643bd26f0fe6173181afceb89e7c659 -> 
  custom:AudioImporter_EditorPlatform: d09bf68614088b80899f8185d706f6e7 -> 
  custom:video-encoder-webm-vp8: eb34c28f22e8b96e1ab97ce403110664 -> 
  custom:audio-decoder-ogg-vorbis: bf7c407c2cedff20999df2af8eb42d56 -> 
  custom:audio-encoder-webm-vorbis: bf7c407c2cedff20999df2af8eb42d56 -> 
========================================================================
Received Import Request.
  Time since last request: 16680.488204 seconds.
  path: Assets/05.Images/MainUI/GUI_Parts/Frame_big.png
  artifactKey: Guid(c430351465fe1fc42a6bef5878a08253) Importer(815301076,1909f56bfc062723c751e8b465ee728b)
Start importing Assets/05.Images/MainUI/GUI_Parts/Frame_big.png using Guid(c430351465fe1fc42a6bef5878a08253) Importer(815301076,1909f56bfc062723c751e8b465ee728b)  -> (artifact id: '5dacb871c80ee0b57b790a9b99d38fe9') in 0.226245 seconds
Number of updated asset objects reloaded before import = 0
Number of asset objects unloaded after import = 3
========================================================================
Received Import Request.
  Time since last request: 0.004910 seconds.
  path: Assets/05.Images/Mobile_UI/Joystick Pack/Sprites/Handles/Handle_Plain.png
  artifactKey: Guid(010a6e5305fa7004f89c5d317b7b47d4) Importer(815301076,1909f56bfc062723c751e8b465ee728b)
Start importing Assets/05.Images/Mobile_UI/Joystick Pack/Sprites/Handles/Handle_Plain.png using Guid(010a6e5305fa7004f89c5d317b7b47d4) Importer(815301076,1909f56bfc062723c751e8b465ee728b)  -> (artifact id: '76da7115f4caf6dff75117f9d8e9df13') in 0.043656 seconds
Number of updated asset objects reloaded before import = 0
Number of asset objects unloaded after import = 3
========================================================================
Received Import Request.
  Time since last request: 0.000371 seconds.
  path: Assets/05.Images/MainUI/GUI_Parts/Frame_mid_2.png
  artifactKey: Guid(9b886b001545f4f4798d6e3b78a3cfa2) Importer(815301076,1909f56bfc062723c751e8b465ee728b)
Start importing Assets/05.Images/MainUI/GUI_Parts/Frame_mid_2.png using Guid(9b886b001545f4f4798d6e3b78a3cfa2) Importer(815301076,1909f56bfc062723c751e8b465ee728b)  -> (artifact id: '964f44bcf8057fffe97b4bb60f16c4c3') in 0.039977 seconds
Number of updated asset objects reloaded before import = 0
Number of asset objects unloaded after import = 3
========================================================================
Received Import Request.
  Time since last request: 0.000403 seconds.
  path: Assets/05.Images/MainUI/SimpleKeys/D.png
  artifactKey: Guid(7d998f891c03aba45b1f4828536ec1f0) Importer(815301076,1909f56bfc062723c751e8b465ee728b)
Start importing Assets/05.Images/MainUI/SimpleKeys/D.png using Guid(7d998f891c03aba45b1f4828536ec1f0) Importer(815301076,1909f56bfc062723c751e8b465ee728b)  -> (artifact id: '134347eaecf3e35888528aa80c3016e0') in 0.055802 seconds
Number of updated asset objects reloaded before import = 0
Number of asset objects unloaded after import = 3
========================================================================
Received Import Request.
  Time since last request: 0.000026 seconds.
  path: Assets/08.Utility/Standard Assets/CrossPlatformInput/Sprites/ButtonCameraCycleUpSprite.png
  artifactKey: Guid(a3983c59ebf804b4abba687bd7c9e92f) Importer(815301076,1909f56bfc062723c751e8b465ee728b)
Start importing Assets/08.Utility/Standard Assets/CrossPlatformInput/Sprites/ButtonCameraCycleUpSprite.png using Guid(a3983c59ebf804b4abba687bd7c9e92f) Importer(815301076,1909f56bfc062723c751e8b465ee728b)  -> (artifact id: '6965298d1e9680856d510a384a47e73c') in 0.038992 seconds
Number of updated asset objects reloaded before import = 0
Number of asset objects unloaded after import = 3
========================================================================
Received Import Request.
  Time since last request: 0.000150 seconds.
  path: Assets/05.Images/MainUI/Items/Potion/grass_potion.png
  artifactKey: Guid(3868ccfbcf8df5345923062e9a5115ff) Importer(815301076,1909f56bfc062723c751e8b465ee728b)
Start importing Assets/05.Images/MainUI/Items/Potion/grass_potion.png using Guid(3868ccfbcf8df5345923062e9a5115ff) Importer(815301076,1909f56bfc062723c751e8b465ee728b)  -> (artifact id: 'f34cb3d9bcf16368e3b6ad93cf7b4c57') in 0.042011 seconds
Number of updated asset objects reloaded before import = 0
Number of asset objects unloaded after import = 3
========================================================================
Received Import Request.
  Time since last request: 0.115609 seconds.
  path: Assets/05.Images/MainUI/HP/health meter-03.png
  artifactKey: Guid(828582e2f7e64194b80e025a794ff92e) Importer(815301076,1909f56bfc062723c751e8b465ee728b)
Start importing Assets/05.Images/MainUI/HP/health meter-03.png using Guid(828582e2f7e64194b80e025a794ff92e) Importer(815301076,1909f56bfc062723c751e8b465ee728b)  -> (artifact id: '78e8641dd0785d62e8970dff97f48fcf') in 0.020809 seconds
Number of updated asset objects reloaded before import = 0
Number of asset objects unloaded after import = 3
========================================================================
Received Import Request.
  Time since last request: 0.004665 seconds.
  path: Assets/05.Images/MainUI/HP/health meter-12.png
  artifactKey: Guid(cb510ba1d7a4219478be0fba91cf6908) Importer(815301076,1909f56bfc062723c751e8b465ee728b)
Start importing Assets/05.Images/MainUI/HP/health meter-12.png using Guid(cb510ba1d7a4219478be0fba91cf6908) Importer(815301076,1909f56bfc062723c751e8b465ee728b)  -> (artifact id: 'b873040040cc989c4d21e83eeb024e83') in 0.020291 seconds
Number of updated asset objects reloaded before import = 0
Number of asset objects unloaded after import = 3
========================================================================
Received Import Request.
  Time since last request: 0.005393 seconds.
  path: Assets/05.Images/MainUI/HP/health meter-15.png
  artifactKey: Guid(e4ad677f49a6cc74cb6ab470a64f1529) Importer(815301076,1909f56bfc062723c751e8b465ee728b)
Start importing Assets/05.Images/MainUI/HP/health meter-15.png using Guid(e4ad677f49a6cc74cb6ab470a64f1529) Importer(815301076,1909f56bfc062723c751e8b465ee728b)  -> (artifact id: 'c8350b241022fc579c75423bbf27c0ff') in 0.020555 seconds
Number of updated asset objects reloaded before import = 0
Number of asset objects unloaded after import = 3
========================================================================
Received Import Request.
  Time since last request: 0.003514 seconds.
  path: Assets/05.Images/MainUI/HP/health meter-18.png
  artifactKey: Guid(d52d80a3ad169ae4bac37c48c260aa5d) Importer(815301076,1909f56bfc062723c751e8b465ee728b)
Start importing Assets/05.Images/MainUI/HP/health meter-18.png using Guid(d52d80a3ad169ae4bac37c48c260aa5d) Importer(815301076,1909f56bfc062723c751e8b465ee728b)  -> (artifact id: 'a064e6294ba23c144ee192086040b1af') in 0.019387 seconds
Number of updated asset objects reloaded before import = 0
Number of asset objects unloaded after import = 3
========================================================================
Received Import Request.
  Time since last request: 0.004434 seconds.
  path: Assets/05.Images/MainUI/HP/health meter-21.png
  artifactKey: Guid(05c16c66394f79e47a0c9c163be37df8) Importer(815301076,1909f56bfc062723c751e8b465ee728b)
Start importing Assets/05.Images/MainUI/HP/health meter-21.png using Guid(05c16c66394f79e47a0c9c163be37df8) Importer(815301076,1909f56bfc062723c751e8b465ee728b)  -> (artifact id: 'f923802c2cc36b2323f3a59e9e3d5880') in 0.021028 seconds
Number of updated asset objects reloaded before import = 0
Number of asset objects unloaded after import = 3
========================================================================
Received Import Request.
  Time since last request: 0.024033 seconds.
  path: Assets/05.Images/MainUI/HP/health meter-23.png
  artifactKey: Guid(679e30302458eb548a9d5446a9151f14) Importer(815301076,1909f56bfc062723c751e8b465ee728b)
Start importing Assets/05.Images/MainUI/HP/health meter-23.png using Guid(679e30302458eb548a9d5446a9151f14) Importer(815301076,1909f56bfc062723c751e8b465ee728b)  -> (artifact id: 'b91fe2f14623aec821e52c57a1aabd8c') in 0.018502 seconds
Number of updated asset objects reloaded before import = 0
Number of asset objects unloaded after import = 3
========================================================================
Received Import Request.
  Time since last request: 0.047831 seconds.
  path: Assets/05.Images/MainUI/HP/health meter-33.png
  artifactKey: Guid(6e0778a25687ea444a9b4ee926c98faf) Importer(815301076,1909f56bfc062723c751e8b465ee728b)
Start importing Assets/05.Images/MainUI/HP/health meter-33.png using Guid(6e0778a25687ea444a9b4ee926c98faf) Importer(815301076,1909f56bfc062723c751e8b465ee728b)  -> (artifact id: 'a516f9d5bd7c10da4615a95daaba221c') in 0.021839 seconds
Number of updated asset objects reloaded before import = 0
Number of asset objects unloaded after import = 3
========================================================================
Received Import Request.
  Time since last request: 0.002211 seconds.
  path: Assets/05.Images/MainUI/HP/health meter-36.png
  artifactKey: Guid(569eb61f440cab844a78f4eff29ce244) Importer(815301076,1909f56bfc062723c751e8b465ee728b)
Start importing Assets/05.Images/MainUI/HP/health meter-36.png using Guid(569eb61f440cab844a78f4eff29ce244) Importer(815301076,1909f56bfc062723c751e8b465ee728b)  -> (artifact id: 'a63dcc2176eaec76daa30676754c369d') in 0.023101 seconds
Number of updated asset objects reloaded before import = 0
Number of asset objects unloaded after import = 3
========================================================================
Received Import Request.
  Time since last request: 0.001983 seconds.
  path: Assets/05.Images/MainUI/HP/health meter-39.png
  artifactKey: Guid(61a8c762eb0bcea4bbee5efa0450525f) Importer(815301076,1909f56bfc062723c751e8b465ee728b)
Start importing Assets/05.Images/MainUI/HP/health meter-39.png using Guid(61a8c762eb0bcea4bbee5efa0450525f) Importer(815301076,1909f56bfc062723c751e8b465ee728b)  -> (artifact id: 'c32d6b511a18f88345bb96574cfde1c5') in 0.019307 seconds
Number of updated asset objects reloaded before import = 0
Number of asset objects unloaded after import = 3
========================================================================
Received Import Request.
  Time since last request: 0.004458 seconds.
  path: Assets/05.Images/MainUI/HP/health meter-42.png
  artifactKey: Guid(8d16f5dd93281cf46baf84ed4725e211) Importer(815301076,1909f56bfc062723c751e8b465ee728b)
Start importing Assets/05.Images/MainUI/HP/health meter-42.png using Guid(8d16f5dd93281cf46baf84ed4725e211) Importer(815301076,1909f56bfc062723c751e8b465ee728b)  -> (artifact id: '38020b2bcc21a912968ff67728996bd5') in 0.020407 seconds
Number of updated asset objects reloaded before import = 0
Number of asset objects unloaded after import = 3
========================================================================
Received Import Request.
  Time since last request: 0.000022 seconds.
  path: Assets/05.Images/MainUI/HP/health meter-47.png
  artifactKey: Guid(d41968db6314a734ba484f02f97dc414) Importer(815301076,1909f56bfc062723c751e8b465ee728b)
Start importing Assets/05.Images/MainUI/HP/health meter-47.png using Guid(d41968db6314a734ba484f02f97dc414) Importer(815301076,1909f56bfc062723c751e8b465ee728b)  -> (artifact id: '053baa1650a2756f5cb7dbf65fe054b6') in 0.041407 seconds
Number of updated asset objects reloaded before import = 0
Number of asset objects unloaded after import = 3
========================================================================
Received Import Request.
  Time since last request: 25.224927 seconds.
  path: Assets/05.Images/MainUI/Items/Weapons/Bow.png
  artifactKey: Guid(6aa08ad34f2e9d248ba3e5efe3b915f4) Importer(815301076,1909f56bfc062723c751e8b465ee728b)
Start importing Assets/05.Images/MainUI/Items/Weapons/Bow.png using Guid(6aa08ad34f2e9d248ba3e5efe3b915f4) Importer(815301076,1909f56bfc062723c751e8b465ee728b)  -> (artifact id: 'dc49a5eb05da0c6889ce1a9a973b9431') in 0.023257 seconds
Number of updated asset objects reloaded before import = 0
Number of asset objects unloaded after import = 3
========================================================================
Received Import Request.
  Time since last request: 0.000021 seconds.
  path: Assets/05.Images/MainUI/GUI_Parts/button2_ready_on.png
  artifactKey: Guid(6b8728d20b5d4c540b335c3789517218) Importer(815301076,1909f56bfc062723c751e8b465ee728b)
Start importing Assets/05.Images/MainUI/GUI_Parts/button2_ready_on.png using Guid(6b8728d20b5d4c540b335c3789517218) Importer(815301076,1909f56bfc062723c751e8b465ee728b)  -> (artifact id: 'bbf2ffae92a36771d52587463d6bd036') in 0.064220 seconds
Number of updated asset objects reloaded before import = 0
Number of asset objects unloaded after import = 3
========================================================================
Received Import Request.
  Time since last request: 0.000023 seconds.
  path: Assets/05.Images/MainUI/GUI_Parts/button2_ready_off.png
  artifactKey: Guid(4b3d2095baccc2041b973b66b786b9d0) Importer(815301076,1909f56bfc062723c751e8b465ee728b)
Start importing Assets/05.Images/MainUI/GUI_Parts/button2_ready_off.png using Guid(4b3d2095baccc2041b973b66b786b9d0) Importer(815301076,1909f56bfc062723c751e8b465ee728b)  -> (artifact id: 'c0da0a5c02ab95345b54faf2e909056b') in 0.047573 seconds
Number of updated asset objects reloaded before import = 0
Number of asset objects unloaded after import = 3
========================================================================
Received Import Request.
  Time since last request: 0.115546 seconds.
  path: Assets/05.Images/MainUI/GUI_Parts/button_ready_off.png
  artifactKey: Guid(a2e2a83536d4eef45ace93d156eab562) Importer(815301076,1909f56bfc062723c751e8b465ee728b)
Start importing Assets/05.Images/MainUI/GUI_Parts/button_ready_off.png using Guid(a2e2a83536d4eef45ace93d156eab562) Importer(815301076,1909f56bfc062723c751e8b465ee728b)  -> (artifact id: '273a975bdc138acd063a9a3c199bf22a') in 0.020877 seconds
Number of updated asset objects reloaded before import = 0
Number of asset objects unloaded after import = 3
========================================================================
Received Import Request.
  Time since last request: 0.003771 seconds.
  path: Assets/08.Utility/Standard Assets/CrossPlatformInput/Sprites/ButtonArrowOverSprite.png
  artifactKey: Guid(49b611e658efbf443b686a4036f74fe3) Importer(815301076,1909f56bfc062723c751e8b465ee728b)
Start importing Assets/08.Utility/Standard Assets/CrossPlatformInput/Sprites/ButtonArrowOverSprite.png using Guid(49b611e658efbf443b686a4036f74fe3) Importer(815301076,1909f56bfc062723c751e8b465ee728b)  -> (artifact id: '1b55ae38e93605df9d2117b378fd1d25') in 0.020013 seconds
Number of updated asset objects reloaded before import = 0
Number of asset objects unloaded after import = 3
Editor requested this worker to shutdown with reason: Scaling down because of idle timeout
TcpMessagingSession - receive error: operation aborted. errorcode: 995, details: 스레드 종료 또는 응용 프로그램 요청 때문에 I/O 작업이 취소되었습니다.
AssetImportWorker is now disconnected from the server
Process exiting
Exiting without the bug reporter. Application will terminate with return code 0